2017-07-31 17:14:09 [ERROR] (runner/hc-cover-runner/lib/app.coffee:305) Error: ENOENT: no such file or directory, open '/Users/Pon/Documents/Project/financial-private-group/src/.../etc/errors.yaml'
  at Error (native)
  at Object.fs.openSync (fs.js:640:18)
  at Object.fs.readFileSync (fs.js:508:33)
  at Error.initErrorCodes (/Users/Pon/Documents/Project/financial-private-group/src/controllers/error.js:25:23)
  at new Error (/Users/Pon/Documents/Project/financial-private-group/src/controllers/error.js:20:10)
  at module.exports (/Users/Pon/Documents/Project/financial-private-group/src/controllers/error.js:68:10)
  at unify (/Users/Pon/Documents/Project/financial-private-group/runner/hc-cover-runner/lib/unify.coffee:39:10)
  at App.<anonymous> (/Users/Pon/Documents/Project/financial-private-group/runner/hc-cover-runner/lib/app.coffee:254:18)
  at undefined.next (native)
  at onFulfilled (/Users/Pon/Documents/Project/financial-private-group/node_modules/co/index.js:65:19)
  at /Users/Pon/Documents/Project/financial-private-group/node_modules/co/index.js:54:5
  at App.co (/Users/Pon/Documents/Project/financial-private-group/node_modules/co/index.js:50:10)
  at App.createPromise [as _useMiddlewares] (/Users/Pon/Documents/Project/financial-private-group/node_modules/co/index.js:30:15)
  at /Users/Pon/Documents/Project/financial-private-group/runner/hc-cover-runner/lib/app.coffee:316:8
  at App.<anonymous> (/Users/Pon/Documents/Project/financial-private-group/runner/hc-cover-runner/lib/app.coffee:164:12)
  at undefined.next (native)
  at onFulfilled (/Users/Pon/Documents/Project/financial-private-group/node_modules/co/index.js:65:19)
  at /Users/Pon/Documents/Project/financial-private-group/node_modules/co/index.js:54:5
  at App.co (/Users/Pon/Documents/Project/financial-private-group/node_modules/co/index.js:50:10)
  at App.createPromise [as _init] (/Users/Pon/Documents/Project/financial-private-group/node_modules/co/index.js:30:15)
  at App.run (/Users/Pon/Documents/Project/financial-private-group/runner/hc-cover-runner/lib/app.coffee:313:6)
  at Object.start (/Users/Pon/Documents/Project/financial-private-group/lib/engine.coffee:42:13)
  at Object.<anonymous> (/Users/Pon/Documents/Project/financial-private-group/lib/worker.js:17:10)
  at Module._compile (module.js:570:32)
  at Object.Module._extensions..js (module.js:579:10)
  at Module.load (module.js:487:32)
  at tryModuleLoad (module.js:446:12)
  at Function.Module._load (module.js:438:3)
  at Function._load (/Users/Pon/Documents/Project/financial-private-group/node_modules/pm2/node_modules/pmx/lib/transaction.js:62:21)
  at /Users/Pon/Documents/Project/financial-private-group/node_modules/pm2/lib/ProcessContainer.js:260:23
  at /Users/Pon/Documents/Project/financial-private-group/node_modules/pm2/node_modules/async/lib/async.js:52:16
  at /Users/Pon/Documents/Project/financial-private-group/node_modules/pm2/node_modules/async/lib/async.js:1209:30
  at WriteStream.<anonymous> (/Users/Pon/Documents/Project/financial-private-group/node_modules/pm2/lib/Utility.js:146:13)
  at emitOne (events.js:96:13)
  at WriteStream.emit (events.js:188:7)
  at WriteStream.<anonymous> (fs.js:2114:10)
  at FSReqWrap.oncomplete (fs.js:123:15)

2017-07-31 17:14:09 [ERROR] (runner/hc-cover-runner/lib/app.coffee:305) Error: ENOENT: no such file or directory, open '/Users/Pon/Documents/Project/financial-private-group/src/.../etc/errors.yaml'
  at Error (native)
  at Object.fs.openSync (fs.js:640:18)
  at Object.fs.readFileSync (fs.js:508:33)
  at Error.initErrorCodes (/Users/Pon/Documents/Project/financial-private-group/src/controllers/error.js:25:23)
  at new Error (/Users/Pon/Documents/Project/financial-private-group/src/controllers/error.js:20:10)
  at module.exports (/Users/Pon/Documents/Project/financial-private-group/src/controllers/error.js:68:10)
  at unify (/Users/Pon/Documents/Project/financial-private-group/runner/hc-cover-runner/lib/unify.coffee:39:10)
  at App.<anonymous> (/Users/Pon/Documents/Project/financial-private-group/runner/hc-cover-runner/lib/app.coffee:254:18)
  at undefined.next (native)
  at onFulfilled (/Users/Pon/Documents/Project/financial-private-group/node_modules/co/index.js:65:19)
  at /Users/Pon/Documents/Project/financial-private-group/node_modules/co/index.js:54:5
  at App.co (/Users/Pon/Documents/Project/financial-private-group/node_modules/co/index.js:50:10)
  at App.createPromise [as _useMiddlewares] (/Users/Pon/Documents/Project/financial-private-group/node_modules/co/index.js:30:15)
  at /Users/Pon/Documents/Project/financial-private-group/runner/hc-cover-runner/lib/app.coffee:316:8
  at App.<anonymous> (/Users/Pon/Documents/Project/financial-private-group/runner/hc-cover-runner/lib/app.coffee:164:12)
  at undefined.next (native)
  at onFulfilled (/Users/Pon/Documents/Project/financial-private-group/node_modules/co/index.js:65:19)
  at /Users/Pon/Documents/Project/financial-private-group/node_modules/co/index.js:54:5
  at App.co (/Users/Pon/Documents/Project/financial-private-group/node_modules/co/index.js:50:10)
  at App.createPromise [as _init] (/Users/Pon/Documents/Project/financial-private-group/node_modules/co/index.js:30:15)
  at App.run (/Users/Pon/Documents/Project/financial-private-group/runner/hc-cover-runner/lib/app.coffee:313:6)
  at Object.start (/Users/Pon/Documents/Project/financial-private-group/lib/engine.coffee:42:13)
  at Object.<anonymous> (/Users/Pon/Documents/Project/financial-private-group/lib/worker.js:17:10)
  at Module._compile (module.js:570:32)
  at Object.Module._extensions..js (module.js:579:10)
  at Module.load (module.js:487:32)
  at tryModuleLoad (module.js:446:12)
  at Function.Module._load (module.js:438:3)
  at Function._load (/Users/Pon/Documents/Project/financial-private-group/node_modules/pm2/node_modules/pmx/lib/transaction.js:62:21)
  at /Users/Pon/Documents/Project/financial-private-group/node_modules/pm2/lib/ProcessContainer.js:260:23
  at /Users/Pon/Documents/Project/financial-private-group/node_modules/pm2/node_modules/async/lib/async.js:52:16
  at /Users/Pon/Documents/Project/financial-private-group/node_modules/pm2/node_modules/async/lib/async.js:1209:30
  at WriteStream.<anonymous> (/Users/Pon/Documents/Project/financial-private-group/node_modules/pm2/lib/Utility.js:146:13)
  at emitOne (events.js:96:13)
  at WriteStream.emit (events.js:188:7)
  at WriteStream.<anonymous> (fs.js:2114:10)
  at FSReqWrap.oncomplete (fs.js:123:15)

2017-07-31 17:14:09 [ERROR] (runner/hc-cover-runner/lib/app.coffee:305) Error: ENOENT: no such file or directory, open '/Users/Pon/Documents/Project/financial-private-group/src/.../etc/errors.yaml'
  at Error (native)
  at Object.fs.openSync (fs.js:640:18)
  at Object.fs.readFileSync (fs.js:508:33)
  at Error.initErrorCodes (/Users/Pon/Documents/Project/financial-private-group/src/controllers/error.js:25:23)
  at new Error (/Users/Pon/Documents/Project/financial-private-group/src/controllers/error.js:20:10)
  at module.exports (/Users/Pon/Documents/Project/financial-private-group/src/controllers/error.js:68:10)
  at unify (/Users/Pon/Documents/Project/financial-private-group/runner/hc-cover-runner/lib/unify.coffee:39:10)
  at App.<anonymous> (/Users/Pon/Documents/Project/financial-private-group/runner/hc-cover-runner/lib/app.coffee:254:18)
  at undefined.next (native)
  at onFulfilled (/Users/Pon/Documents/Project/financial-private-group/node_modules/co/index.js:65:19)
  at /Users/Pon/Documents/Project/financial-private-group/node_modules/co/index.js:54:5
  at App.co (/Users/Pon/Documents/Project/financial-private-group/node_modules/co/index.js:50:10)
  at App.createPromise [as _useMiddlewares] (/Users/Pon/Documents/Project/financial-private-group/node_modules/co/index.js:30:15)
  at /Users/Pon/Documents/Project/financial-private-group/runner/hc-cover-runner/lib/app.coffee:316:8
  at App.<anonymous> (/Users/Pon/Documents/Project/financial-private-group/runner/hc-cover-runner/lib/app.coffee:164:12)
  at undefined.next (native)
  at onFulfilled (/Users/Pon/Documents/Project/financial-private-group/node_modules/co/index.js:65:19)
  at /Users/Pon/Documents/Project/financial-private-group/node_modules/co/index.js:54:5
  at App.co (/Users/Pon/Documents/Project/financial-private-group/node_modules/co/index.js:50:10)
  at App.createPromise [as _init] (/Users/Pon/Documents/Project/financial-private-group/node_modules/co/index.js:30:15)
  at App.run (/Users/Pon/Documents/Project/financial-private-group/runner/hc-cover-runner/lib/app.coffee:313:6)
  at Object.start (/Users/Pon/Documents/Project/financial-private-group/lib/engine.coffee:42:13)
  at Object.<anonymous> (/Users/Pon/Documents/Project/financial-private-group/lib/worker.js:17:10)
  at Module._compile (module.js:570:32)
  at Object.Module._extensions..js (module.js:579:10)
  at Module.load (module.js:487:32)
  at tryModuleLoad (module.js:446:12)
  at Function.Module._load (module.js:438:3)
  at Function._load (/Users/Pon/Documents/Project/financial-private-group/node_modules/pm2/node_modules/pmx/lib/transaction.js:62:21)
  at /Users/Pon/Documents/Project/financial-private-group/node_modules/pm2/lib/ProcessContainer.js:260:23
  at /Users/Pon/Documents/Project/financial-private-group/node_modules/pm2/node_modules/async/lib/async.js:52:16
  at /Users/Pon/Documents/Project/financial-private-group/node_modules/pm2/node_modules/async/lib/async.js:1209:30
  at WriteStream.<anonymous> (/Users/Pon/Documents/Project/financial-private-group/node_modules/pm2/lib/Utility.js:146:13)
  at emitOne (events.js:96:13)
  at WriteStream.emit (events.js:188:7)
  at WriteStream.<anonymous> (fs.js:2114:10)
  at FSReqWrap.oncomplete (fs.js:123:15)

2017-07-31 17:14:09 [ERROR] (runner/hc-cover-runner/lib/app.coffee:305) Error: ENOENT: no such file or directory, open '/Users/Pon/Documents/Project/financial-private-group/src/.../etc/errors.yaml'
  at Error (native)
  at Object.fs.openSync (fs.js:640:18)
  at Object.fs.readFileSync (fs.js:508:33)
  at Error.initErrorCodes (/Users/Pon/Documents/Project/financial-private-group/src/controllers/error.js:25:23)
  at new Error (/Users/Pon/Documents/Project/financial-private-group/src/controllers/error.js:20:10)
  at module.exports (/Users/Pon/Documents/Project/financial-private-group/src/controllers/error.js:68:10)
  at unify (/Users/Pon/Documents/Project/financial-private-group/runner/hc-cover-runner/lib/unify.coffee:39:10)
  at App.<anonymous> (/Users/Pon/Documents/Project/financial-private-group/runner/hc-cover-runner/lib/app.coffee:254:18)
  at undefined.next (native)
  at onFulfilled (/Users/Pon/Documents/Project/financial-private-group/node_modules/co/index.js:65:19)
  at /Users/Pon/Documents/Project/financial-private-group/node_modules/co/index.js:54:5
  at App.co (/Users/Pon/Documents/Project/financial-private-group/node_modules/co/index.js:50:10)
  at App.createPromise [as _useMiddlewares] (/Users/Pon/Documents/Project/financial-private-group/node_modules/co/index.js:30:15)
  at /Users/Pon/Documents/Project/financial-private-group/runner/hc-cover-runner/lib/app.coffee:316:8
  at App.<anonymous> (/Users/Pon/Documents/Project/financial-private-group/runner/hc-cover-runner/lib/app.coffee:164:12)
  at undefined.next (native)
  at onFulfilled (/Users/Pon/Documents/Project/financial-private-group/node_modules/co/index.js:65:19)
  at /Users/Pon/Documents/Project/financial-private-group/node_modules/co/index.js:54:5
  at App.co (/Users/Pon/Documents/Project/financial-private-group/node_modules/co/index.js:50:10)
  at App.createPromise [as _init] (/Users/Pon/Documents/Project/financial-private-group/node_modules/co/index.js:30:15)
  at App.run (/Users/Pon/Documents/Project/financial-private-group/runner/hc-cover-runner/lib/app.coffee:313:6)
  at Object.start (/Users/Pon/Documents/Project/financial-private-group/lib/engine.coffee:42:13)
  at Object.<anonymous> (/Users/Pon/Documents/Project/financial-private-group/lib/worker.js:17:10)
  at Module._compile (module.js:570:32)
  at Object.Module._extensions..js (module.js:579:10)
  at Module.load (module.js:487:32)
  at tryModuleLoad (module.js:446:12)
  at Function.Module._load (module.js:438:3)
  at Function._load (/Users/Pon/Documents/Project/financial-private-group/node_modules/pm2/node_modules/pmx/lib/transaction.js:62:21)
  at /Users/Pon/Documents/Project/financial-private-group/node_modules/pm2/lib/ProcessContainer.js:260:23
  at /Users/Pon/Documents/Project/financial-private-group/node_modules/pm2/node_modules/async/lib/async.js:52:16
  at /Users/Pon/Documents/Project/financial-private-group/node_modules/pm2/node_modules/async/lib/async.js:1209:30
  at WriteStream.<anonymous> (/Users/Pon/Documents/Project/financial-private-group/node_modules/pm2/lib/Utility.js:146:13)
  at emitOne (events.js:96:13)
  at WriteStream.emit (events.js:188:7)
  at WriteStream.<anonymous> (fs.js:2114:10)
  at FSReqWrap.oncomplete (fs.js:123:15)

2017-07-31 17:14:09 [ERROR] (runner/hc-cover-runner/lib/app.coffee:305) Error: ENOENT: no such file or directory, open '/Users/Pon/Documents/Project/financial-private-group/src/.../etc/errors.yaml'
  at Error (native)
  at Object.fs.openSync (fs.js:640:18)
  at Object.fs.readFileSync (fs.js:508:33)
  at Error.initErrorCodes (/Users/Pon/Documents/Project/financial-private-group/src/controllers/error.js:25:23)
  at new Error (/Users/Pon/Documents/Project/financial-private-group/src/controllers/error.js:20:10)
  at module.exports (/Users/Pon/Documents/Project/financial-private-group/src/controllers/error.js:68:10)
  at unify (/Users/Pon/Documents/Project/financial-private-group/runner/hc-cover-runner/lib/unify.coffee:39:10)
  at App.<anonymous> (/Users/Pon/Documents/Project/financial-private-group/runner/hc-cover-runner/lib/app.coffee:254:18)
  at undefined.next (native)
  at onFulfilled (/Users/Pon/Documents/Project/financial-private-group/node_modules/co/index.js:65:19)
  at /Users/Pon/Documents/Project/financial-private-group/node_modules/co/index.js:54:5
  at App.co (/Users/Pon/Documents/Project/financial-private-group/node_modules/co/index.js:50:10)
  at App.createPromise [as _useMiddlewares] (/Users/Pon/Documents/Project/financial-private-group/node_modules/co/index.js:30:15)
  at /Users/Pon/Documents/Project/financial-private-group/runner/hc-cover-runner/lib/app.coffee:316:8
  at App.<anonymous> (/Users/Pon/Documents/Project/financial-private-group/runner/hc-cover-runner/lib/app.coffee:164:12)
  at undefined.next (native)
  at onFulfilled (/Users/Pon/Documents/Project/financial-private-group/node_modules/co/index.js:65:19)
  at /Users/Pon/Documents/Project/financial-private-group/node_modules/co/index.js:54:5
  at App.co (/Users/Pon/Documents/Project/financial-private-group/node_modules/co/index.js:50:10)
  at App.createPromise [as _init] (/Users/Pon/Documents/Project/financial-private-group/node_modules/co/index.js:30:15)
  at App.run (/Users/Pon/Documents/Project/financial-private-group/runner/hc-cover-runner/lib/app.coffee:313:6)
  at Object.start (/Users/Pon/Documents/Project/financial-private-group/lib/engine.coffee:42:13)
  at Object.<anonymous> (/Users/Pon/Documents/Project/financial-private-group/lib/worker.js:17:10)
  at Module._compile (module.js:570:32)
  at Object.Module._extensions..js (module.js:579:10)
  at Module.load (module.js:487:32)
  at tryModuleLoad (module.js:446:12)
  at Function.Module._load (module.js:438:3)
  at Function._load (/Users/Pon/Documents/Project/financial-private-group/node_modules/pm2/node_modules/pmx/lib/transaction.js:62:21)
  at /Users/Pon/Documents/Project/financial-private-group/node_modules/pm2/lib/ProcessContainer.js:260:23
  at /Users/Pon/Documents/Project/financial-private-group/node_modules/pm2/node_modules/async/lib/async.js:52:16
  at /Users/Pon/Documents/Project/financial-private-group/node_modules/pm2/node_modules/async/lib/async.js:1209:30
  at WriteStream.<anonymous> (/Users/Pon/Documents/Project/financial-private-group/node_modules/pm2/lib/Utility.js:146:13)
  at emitOne (events.js:96:13)
  at WriteStream.emit (events.js:188:7)
  at WriteStream.<anonymous> (fs.js:2114:10)
  at FSReqWrap.oncomplete (fs.js:123:15)

2017-07-31 17:14:09 [ERROR] (runner/hc-cover-runner/lib/app.coffee:305) Error: ENOENT: no such file or directory, open '/Users/Pon/Documents/Project/financial-private-group/src/.../etc/errors.yaml'
  at Error (native)
  at Object.fs.openSync (fs.js:640:18)
  at Object.fs.readFileSync (fs.js:508:33)
  at Error.initErrorCodes (/Users/Pon/Documents/Project/financial-private-group/src/controllers/error.js:25:23)
  at new Error (/Users/Pon/Documents/Project/financial-private-group/src/controllers/error.js:20:10)
  at module.exports (/Users/Pon/Documents/Project/financial-private-group/src/controllers/error.js:68:10)
  at unify (/Users/Pon/Documents/Project/financial-private-group/runner/hc-cover-runner/lib/unify.coffee:39:10)
  at App.<anonymous> (/Users/Pon/Documents/Project/financial-private-group/runner/hc-cover-runner/lib/app.coffee:254:18)
  at undefined.next (native)
  at onFulfilled (/Users/Pon/Documents/Project/financial-private-group/node_modules/co/index.js:65:19)
  at /Users/Pon/Documents/Project/financial-private-group/node_modules/co/index.js:54:5
  at App.co (/Users/Pon/Documents/Project/financial-private-group/node_modules/co/index.js:50:10)
  at App.createPromise [as _useMiddlewares] (/Users/Pon/Documents/Project/financial-private-group/node_modules/co/index.js:30:15)
  at /Users/Pon/Documents/Project/financial-private-group/runner/hc-cover-runner/lib/app.coffee:316:8
  at App.<anonymous> (/Users/Pon/Documents/Project/financial-private-group/runner/hc-cover-runner/lib/app.coffee:164:12)
  at undefined.next (native)
  at onFulfilled (/Users/Pon/Documents/Project/financial-private-group/node_modules/co/index.js:65:19)
  at /Users/Pon/Documents/Project/financial-private-group/node_modules/co/index.js:54:5
  at App.co (/Users/Pon/Documents/Project/financial-private-group/node_modules/co/index.js:50:10)
  at App.createPromise [as _init] (/Users/Pon/Documents/Project/financial-private-group/node_modules/co/index.js:30:15)
  at App.run (/Users/Pon/Documents/Project/financial-private-group/runner/hc-cover-runner/lib/app.coffee:313:6)
  at Object.start (/Users/Pon/Documents/Project/financial-private-group/lib/engine.coffee:42:13)
  at Object.<anonymous> (/Users/Pon/Documents/Project/financial-private-group/lib/worker.js:17:10)
  at Module._compile (module.js:570:32)
  at Object.Module._extensions..js (module.js:579:10)
  at Module.load (module.js:487:32)
  at tryModuleLoad (module.js:446:12)
  at Function.Module._load (module.js:438:3)
  at Function._load (/Users/Pon/Documents/Project/financial-private-group/node_modules/pm2/node_modules/pmx/lib/transaction.js:62:21)
  at /Users/Pon/Documents/Project/financial-private-group/node_modules/pm2/lib/ProcessContainer.js:260:23
  at /Users/Pon/Documents/Project/financial-private-group/node_modules/pm2/node_modules/async/lib/async.js:52:16
  at /Users/Pon/Documents/Project/financial-private-group/node_modules/pm2/node_modules/async/lib/async.js:1209:30
  at WriteStream.<anonymous> (/Users/Pon/Documents/Project/financial-private-group/node_modules/pm2/lib/Utility.js:146:13)
  at emitOne (events.js:96:13)
  at WriteStream.emit (events.js:188:7)
  at WriteStream.<anonymous> (fs.js:2114:10)
  at FSReqWrap.oncomplete (fs.js:123:15)

2017-07-31 17:14:10 [ERROR] (runner/hc-cover-runner/lib/app.coffee:305) Error: ENOENT: no such file or directory, open '/Users/Pon/Documents/Project/financial-private-group/src/.../etc/errors.yaml'
  at Error (native)
  at Object.fs.openSync (fs.js:640:18)
  at Object.fs.readFileSync (fs.js:508:33)
  at Error.initErrorCodes (/Users/Pon/Documents/Project/financial-private-group/src/controllers/error.js:25:23)
  at new Error (/Users/Pon/Documents/Project/financial-private-group/src/controllers/error.js:20:10)
  at module.exports (/Users/Pon/Documents/Project/financial-private-group/src/controllers/error.js:68:10)
  at unify (/Users/Pon/Documents/Project/financial-private-group/runner/hc-cover-runner/lib/unify.coffee:39:10)
  at App.<anonymous> (/Users/Pon/Documents/Project/financial-private-group/runner/hc-cover-runner/lib/app.coffee:254:18)
  at undefined.next (native)
  at onFulfilled (/Users/Pon/Documents/Project/financial-private-group/node_modules/co/index.js:65:19)
  at /Users/Pon/Documents/Project/financial-private-group/node_modules/co/index.js:54:5
  at App.co (/Users/Pon/Documents/Project/financial-private-group/node_modules/co/index.js:50:10)
  at App.createPromise [as _useMiddlewares] (/Users/Pon/Documents/Project/financial-private-group/node_modules/co/index.js:30:15)
  at /Users/Pon/Documents/Project/financial-private-group/runner/hc-cover-runner/lib/app.coffee:316:8
  at App.<anonymous> (/Users/Pon/Documents/Project/financial-private-group/runner/hc-cover-runner/lib/app.coffee:164:12)
  at undefined.next (native)
  at onFulfilled (/Users/Pon/Documents/Project/financial-private-group/node_modules/co/index.js:65:19)
  at /Users/Pon/Documents/Project/financial-private-group/node_modules/co/index.js:54:5
  at App.co (/Users/Pon/Documents/Project/financial-private-group/node_modules/co/index.js:50:10)
  at App.createPromise [as _init] (/Users/Pon/Documents/Project/financial-private-group/node_modules/co/index.js:30:15)
  at App.run (/Users/Pon/Documents/Project/financial-private-group/runner/hc-cover-runner/lib/app.coffee:313:6)
  at Object.start (/Users/Pon/Documents/Project/financial-private-group/lib/engine.coffee:42:13)
  at Object.<anonymous> (/Users/Pon/Documents/Project/financial-private-group/lib/worker.js:17:10)
  at Module._compile (module.js:570:32)
  at Object.Module._extensions..js (module.js:579:10)
  at Module.load (module.js:487:32)
  at tryModuleLoad (module.js:446:12)
  at Function.Module._load (module.js:438:3)
  at Function._load (/Users/Pon/Documents/Project/financial-private-group/node_modules/pm2/node_modules/pmx/lib/transaction.js:62:21)
  at /Users/Pon/Documents/Project/financial-private-group/node_modules/pm2/lib/ProcessContainer.js:260:23
  at /Users/Pon/Documents/Project/financial-private-group/node_modules/pm2/node_modules/async/lib/async.js:52:16
  at /Users/Pon/Documents/Project/financial-private-group/node_modules/pm2/node_modules/async/lib/async.js:1209:30
  at WriteStream.<anonymous> (/Users/Pon/Documents/Project/financial-private-group/node_modules/pm2/lib/Utility.js:146:13)
  at emitOne (events.js:96:13)
  at WriteStream.emit (events.js:188:7)
  at WriteStream.<anonymous> (fs.js:2114:10)
  at FSReqWrap.oncomplete (fs.js:123:15)

2017-07-31 17:14:10 [ERROR] (runner/hc-cover-runner/lib/app.coffee:305) Error: ENOENT: no such file or directory, open '/Users/Pon/Documents/Project/financial-private-group/src/.../etc/errors.yaml'
  at Error (native)
  at Object.fs.openSync (fs.js:640:18)
  at Object.fs.readFileSync (fs.js:508:33)
  at Error.initErrorCodes (/Users/Pon/Documents/Project/financial-private-group/src/controllers/error.js:25:23)
  at new Error (/Users/Pon/Documents/Project/financial-private-group/src/controllers/error.js:20:10)
  at module.exports (/Users/Pon/Documents/Project/financial-private-group/src/controllers/error.js:68:10)
  at unify (/Users/Pon/Documents/Project/financial-private-group/runner/hc-cover-runner/lib/unify.coffee:39:10)
  at App.<anonymous> (/Users/Pon/Documents/Project/financial-private-group/runner/hc-cover-runner/lib/app.coffee:254:18)
  at undefined.next (native)
  at onFulfilled (/Users/Pon/Documents/Project/financial-private-group/node_modules/co/index.js:65:19)
  at /Users/Pon/Documents/Project/financial-private-group/node_modules/co/index.js:54:5
  at App.co (/Users/Pon/Documents/Project/financial-private-group/node_modules/co/index.js:50:10)
  at App.createPromise [as _useMiddlewares] (/Users/Pon/Documents/Project/financial-private-group/node_modules/co/index.js:30:15)
  at /Users/Pon/Documents/Project/financial-private-group/runner/hc-cover-runner/lib/app.coffee:316:8
  at App.<anonymous> (/Users/Pon/Documents/Project/financial-private-group/runner/hc-cover-runner/lib/app.coffee:164:12)
  at undefined.next (native)
  at onFulfilled (/Users/Pon/Documents/Project/financial-private-group/node_modules/co/index.js:65:19)
  at /Users/Pon/Documents/Project/financial-private-group/node_modules/co/index.js:54:5
  at App.co (/Users/Pon/Documents/Project/financial-private-group/node_modules/co/index.js:50:10)
  at App.createPromise [as _init] (/Users/Pon/Documents/Project/financial-private-group/node_modules/co/index.js:30:15)
  at App.run (/Users/Pon/Documents/Project/financial-private-group/runner/hc-cover-runner/lib/app.coffee:313:6)
  at Object.start (/Users/Pon/Documents/Project/financial-private-group/lib/engine.coffee:42:13)
  at Object.<anonymous> (/Users/Pon/Documents/Project/financial-private-group/lib/worker.js:17:10)
  at Module._compile (module.js:570:32)
  at Object.Module._extensions..js (module.js:579:10)
  at Module.load (module.js:487:32)
  at tryModuleLoad (module.js:446:12)
  at Function.Module._load (module.js:438:3)
  at Function._load (/Users/Pon/Documents/Project/financial-private-group/node_modules/pm2/node_modules/pmx/lib/transaction.js:62:21)
  at /Users/Pon/Documents/Project/financial-private-group/node_modules/pm2/lib/ProcessContainer.js:260:23
  at /Users/Pon/Documents/Project/financial-private-group/node_modules/pm2/node_modules/async/lib/async.js:52:16
  at /Users/Pon/Documents/Project/financial-private-group/node_modules/pm2/node_modules/async/lib/async.js:1209:30
  at WriteStream.<anonymous> (/Users/Pon/Documents/Project/financial-private-group/node_modules/pm2/lib/Utility.js:146:13)
  at emitOne (events.js:96:13)
  at WriteStream.emit (events.js:188:7)
  at WriteStream.<anonymous> (fs.js:2114:10)
  at FSReqWrap.oncomplete (fs.js:123:15)

2017-07-31 17:16:02 [ERROR] (runner/hc-cover-runner/lib/app.coffee:305) ReferenceError: reuqire is not defined
  at Object.<anonymous> (/Users/Pon/Documents/Project/financial-private-group/src/controllers/error.js:12:14)
  at Module._compile (module.js:570:32)
  at Object.Module._extensions..js (module.js:579:10)
  at Module.load (/Users/Pon/Documents/Project/financial-private-group/node_modules/coffee-script/lib/coffee-script/register.js:45:36)
  at tryModuleLoad (module.js:446:12)
  at Function.Module._load (module.js:438:3)
  at Function._load (/Users/Pon/Documents/Project/financial-private-group/node_modules/pm2/node_modules/pmx/lib/transaction.js:62:21)
  at Module.require (module.js:497:17)
  at require (internal/module.js:20:19)
  at App.<anonymous> (/Users/Pon/Documents/Project/financial-private-group/runner/hc-cover-runner/lib/app.coffee:236:22)
  at undefined.next (native)
  at onFulfilled (/Users/Pon/Documents/Project/financial-private-group/node_modules/co/index.js:65:19)
  at /Users/Pon/Documents/Project/financial-private-group/node_modules/co/index.js:54:5
  at App.co (/Users/Pon/Documents/Project/financial-private-group/node_modules/co/index.js:50:10)
  at App.createPromise [as _useMiddlewares] (/Users/Pon/Documents/Project/financial-private-group/node_modules/co/index.js:30:15)
  at /Users/Pon/Documents/Project/financial-private-group/runner/hc-cover-runner/lib/app.coffee:316:8
  at App.<anonymous> (/Users/Pon/Documents/Project/financial-private-group/runner/hc-cover-runner/lib/app.coffee:164:12)
  at undefined.next (native)
  at onFulfilled (/Users/Pon/Documents/Project/financial-private-group/node_modules/co/index.js:65:19)
  at /Users/Pon/Documents/Project/financial-private-group/node_modules/co/index.js:54:5
  at App.co (/Users/Pon/Documents/Project/financial-private-group/node_modules/co/index.js:50:10)
  at App.createPromise [as _init] (/Users/Pon/Documents/Project/financial-private-group/node_modules/co/index.js:30:15)
  at App.run (/Users/Pon/Documents/Project/financial-private-group/runner/hc-cover-runner/lib/app.coffee:313:6)
  at Object.start (/Users/Pon/Documents/Project/financial-private-group/lib/engine.coffee:42:13)
  at Object.<anonymous> (/Users/Pon/Documents/Project/financial-private-group/lib/worker.js:17:10)
  at Module._compile (module.js:570:32)
  at Object.Module._extensions..js (module.js:579:10)
  at Module.load (module.js:487:32)
  at tryModuleLoad (module.js:446:12)
  at Function.Module._load (module.js:438:3)
  at Function._load (/Users/Pon/Documents/Project/financial-private-group/node_modules/pm2/node_modules/pmx/lib/transaction.js:62:21)
  at /Users/Pon/Documents/Project/financial-private-group/node_modules/pm2/lib/ProcessContainer.js:260:23
  at /Users/Pon/Documents/Project/financial-private-group/node_modules/pm2/node_modules/async/lib/async.js:52:16
  at /Users/Pon/Documents/Project/financial-private-group/node_modules/pm2/node_modules/async/lib/async.js:1209:30
  at WriteStream.<anonymous> (/Users/Pon/Documents/Project/financial-private-group/node_modules/pm2/lib/Utility.js:146:13)
  at emitOne (events.js:96:13)
  at WriteStream.emit (events.js:188:7)
  at WriteStream.<anonymous> (fs.js:2114:10)
  at FSReqWrap.oncomplete (fs.js:123:15)

2017-07-31 17:16:02 [ERROR] (runner/hc-cover-runner/lib/app.coffee:305) ReferenceError: reuqire is not defined
  at Object.<anonymous> (/Users/Pon/Documents/Project/financial-private-group/src/controllers/error.js:12:14)
  at Module._compile (module.js:570:32)
  at Object.Module._extensions..js (module.js:579:10)
  at Module.load (/Users/Pon/Documents/Project/financial-private-group/node_modules/coffee-script/lib/coffee-script/register.js:45:36)
  at tryModuleLoad (module.js:446:12)
  at Function.Module._load (module.js:438:3)
  at Function._load (/Users/Pon/Documents/Project/financial-private-group/node_modules/pm2/node_modules/pmx/lib/transaction.js:62:21)
  at Module.require (module.js:497:17)
  at require (internal/module.js:20:19)
  at App.<anonymous> (/Users/Pon/Documents/Project/financial-private-group/runner/hc-cover-runner/lib/app.coffee:236:22)
  at undefined.next (native)
  at onFulfilled (/Users/Pon/Documents/Project/financial-private-group/node_modules/co/index.js:65:19)
  at /Users/Pon/Documents/Project/financial-private-group/node_modules/co/index.js:54:5
  at App.co (/Users/Pon/Documents/Project/financial-private-group/node_modules/co/index.js:50:10)
  at App.createPromise [as _useMiddlewares] (/Users/Pon/Documents/Project/financial-private-group/node_modules/co/index.js:30:15)
  at /Users/Pon/Documents/Project/financial-private-group/runner/hc-cover-runner/lib/app.coffee:316:8
  at App.<anonymous> (/Users/Pon/Documents/Project/financial-private-group/runner/hc-cover-runner/lib/app.coffee:164:12)
  at undefined.next (native)
  at onFulfilled (/Users/Pon/Documents/Project/financial-private-group/node_modules/co/index.js:65:19)
  at /Users/Pon/Documents/Project/financial-private-group/node_modules/co/index.js:54:5
  at App.co (/Users/Pon/Documents/Project/financial-private-group/node_modules/co/index.js:50:10)
  at App.createPromise [as _init] (/Users/Pon/Documents/Project/financial-private-group/node_modules/co/index.js:30:15)
  at App.run (/Users/Pon/Documents/Project/financial-private-group/runner/hc-cover-runner/lib/app.coffee:313:6)
  at Object.start (/Users/Pon/Documents/Project/financial-private-group/lib/engine.coffee:42:13)
  at Object.<anonymous> (/Users/Pon/Documents/Project/financial-private-group/lib/worker.js:17:10)
  at Module._compile (module.js:570:32)
  at Object.Module._extensions..js (module.js:579:10)
  at Module.load (module.js:487:32)
  at tryModuleLoad (module.js:446:12)
  at Function.Module._load (module.js:438:3)
  at Function._load (/Users/Pon/Documents/Project/financial-private-group/node_modules/pm2/node_modules/pmx/lib/transaction.js:62:21)
  at /Users/Pon/Documents/Project/financial-private-group/node_modules/pm2/lib/ProcessContainer.js:260:23
  at /Users/Pon/Documents/Project/financial-private-group/node_modules/pm2/node_modules/async/lib/async.js:52:16
  at /Users/Pon/Documents/Project/financial-private-group/node_modules/pm2/node_modules/async/lib/async.js:1209:30
  at WriteStream.<anonymous> (/Users/Pon/Documents/Project/financial-private-group/node_modules/pm2/lib/Utility.js:146:13)
  at emitOne (events.js:96:13)
  at WriteStream.emit (events.js:188:7)
  at WriteStream.<anonymous> (fs.js:2114:10)
  at FSReqWrap.oncomplete (fs.js:123:15)

2017-07-31 17:16:02 [ERROR] (runner/hc-cover-runner/lib/app.coffee:305) ReferenceError: reuqire is not defined
  at Object.<anonymous> (/Users/Pon/Documents/Project/financial-private-group/src/controllers/error.js:12:14)
  at Module._compile (module.js:570:32)
  at Object.Module._extensions..js (module.js:579:10)
  at Module.load (/Users/Pon/Documents/Project/financial-private-group/node_modules/coffee-script/lib/coffee-script/register.js:45:36)
  at tryModuleLoad (module.js:446:12)
  at Function.Module._load (module.js:438:3)
  at Function._load (/Users/Pon/Documents/Project/financial-private-group/node_modules/pm2/node_modules/pmx/lib/transaction.js:62:21)
  at Module.require (module.js:497:17)
  at require (internal/module.js:20:19)
  at App.<anonymous> (/Users/Pon/Documents/Project/financial-private-group/runner/hc-cover-runner/lib/app.coffee:236:22)
  at undefined.next (native)
  at onFulfilled (/Users/Pon/Documents/Project/financial-private-group/node_modules/co/index.js:65:19)
  at /Users/Pon/Documents/Project/financial-private-group/node_modules/co/index.js:54:5
  at App.co (/Users/Pon/Documents/Project/financial-private-group/node_modules/co/index.js:50:10)
  at App.createPromise [as _useMiddlewares] (/Users/Pon/Documents/Project/financial-private-group/node_modules/co/index.js:30:15)
  at /Users/Pon/Documents/Project/financial-private-group/runner/hc-cover-runner/lib/app.coffee:316:8
  at App.<anonymous> (/Users/Pon/Documents/Project/financial-private-group/runner/hc-cover-runner/lib/app.coffee:164:12)
  at undefined.next (native)
  at onFulfilled (/Users/Pon/Documents/Project/financial-private-group/node_modules/co/index.js:65:19)
  at /Users/Pon/Documents/Project/financial-private-group/node_modules/co/index.js:54:5
  at App.co (/Users/Pon/Documents/Project/financial-private-group/node_modules/co/index.js:50:10)
  at App.createPromise [as _init] (/Users/Pon/Documents/Project/financial-private-group/node_modules/co/index.js:30:15)
  at App.run (/Users/Pon/Documents/Project/financial-private-group/runner/hc-cover-runner/lib/app.coffee:313:6)
  at Object.start (/Users/Pon/Documents/Project/financial-private-group/lib/engine.coffee:42:13)
  at Object.<anonymous> (/Users/Pon/Documents/Project/financial-private-group/lib/worker.js:17:10)
  at Module._compile (module.js:570:32)
  at Object.Module._extensions..js (module.js:579:10)
  at Module.load (module.js:487:32)
  at tryModuleLoad (module.js:446:12)
  at Function.Module._load (module.js:438:3)
  at Function._load (/Users/Pon/Documents/Project/financial-private-group/node_modules/pm2/node_modules/pmx/lib/transaction.js:62:21)
  at /Users/Pon/Documents/Project/financial-private-group/node_modules/pm2/lib/ProcessContainer.js:260:23
  at /Users/Pon/Documents/Project/financial-private-group/node_modules/pm2/node_modules/async/lib/async.js:52:16
  at /Users/Pon/Documents/Project/financial-private-group/node_modules/pm2/node_modules/async/lib/async.js:1209:30
  at WriteStream.<anonymous> (/Users/Pon/Documents/Project/financial-private-group/node_modules/pm2/lib/Utility.js:146:13)
  at emitOne (events.js:96:13)
  at WriteStream.emit (events.js:188:7)
  at WriteStream.<anonymous> (fs.js:2114:10)
  at FSReqWrap.oncomplete (fs.js:123:15)

2017-07-31 17:16:02 [ERROR] (runner/hc-cover-runner/lib/app.coffee:305) ReferenceError: reuqire is not defined
  at Object.<anonymous> (/Users/Pon/Documents/Project/financial-private-group/src/controllers/error.js:12:14)
  at Module._compile (module.js:570:32)
  at Object.Module._extensions..js (module.js:579:10)
  at Module.load (/Users/Pon/Documents/Project/financial-private-group/node_modules/coffee-script/lib/coffee-script/register.js:45:36)
  at tryModuleLoad (module.js:446:12)
  at Function.Module._load (module.js:438:3)
  at Function._load (/Users/Pon/Documents/Project/financial-private-group/node_modules/pm2/node_modules/pmx/lib/transaction.js:62:21)
  at Module.require (module.js:497:17)
  at require (internal/module.js:20:19)
  at App.<anonymous> (/Users/Pon/Documents/Project/financial-private-group/runner/hc-cover-runner/lib/app.coffee:236:22)
  at undefined.next (native)
  at onFulfilled (/Users/Pon/Documents/Project/financial-private-group/node_modules/co/index.js:65:19)
  at /Users/Pon/Documents/Project/financial-private-group/node_modules/co/index.js:54:5
  at App.co (/Users/Pon/Documents/Project/financial-private-group/node_modules/co/index.js:50:10)
  at App.createPromise [as _useMiddlewares] (/Users/Pon/Documents/Project/financial-private-group/node_modules/co/index.js:30:15)
  at /Users/Pon/Documents/Project/financial-private-group/runner/hc-cover-runner/lib/app.coffee:316:8
  at App.<anonymous> (/Users/Pon/Documents/Project/financial-private-group/runner/hc-cover-runner/lib/app.coffee:164:12)
  at undefined.next (native)
  at onFulfilled (/Users/Pon/Documents/Project/financial-private-group/node_modules/co/index.js:65:19)
  at /Users/Pon/Documents/Project/financial-private-group/node_modules/co/index.js:54:5
  at App.co (/Users/Pon/Documents/Project/financial-private-group/node_modules/co/index.js:50:10)
  at App.createPromise [as _init] (/Users/Pon/Documents/Project/financial-private-group/node_modules/co/index.js:30:15)
  at App.run (/Users/Pon/Documents/Project/financial-private-group/runner/hc-cover-runner/lib/app.coffee:313:6)
  at Object.start (/Users/Pon/Documents/Project/financial-private-group/lib/engine.coffee:42:13)
  at Object.<anonymous> (/Users/Pon/Documents/Project/financial-private-group/lib/worker.js:17:10)
  at Module._compile (module.js:570:32)
  at Object.Module._extensions..js (module.js:579:10)
  at Module.load (module.js:487:32)
  at tryModuleLoad (module.js:446:12)
  at Function.Module._load (module.js:438:3)
  at Function._load (/Users/Pon/Documents/Project/financial-private-group/node_modules/pm2/node_modules/pmx/lib/transaction.js:62:21)
  at /Users/Pon/Documents/Project/financial-private-group/node_modules/pm2/lib/ProcessContainer.js:260:23
  at /Users/Pon/Documents/Project/financial-private-group/node_modules/pm2/node_modules/async/lib/async.js:52:16
  at /Users/Pon/Documents/Project/financial-private-group/node_modules/pm2/node_modules/async/lib/async.js:1209:30
  at WriteStream.<anonymous> (/Users/Pon/Documents/Project/financial-private-group/node_modules/pm2/lib/Utility.js:146:13)
  at emitOne (events.js:96:13)
  at WriteStream.emit (events.js:188:7)
  at WriteStream.<anonymous> (fs.js:2114:10)
  at FSReqWrap.oncomplete (fs.js:123:15)

2017-07-31 17:16:02 [ERROR] (runner/hc-cover-runner/lib/app.coffee:305) ReferenceError: reuqire is not defined
  at Object.<anonymous> (/Users/Pon/Documents/Project/financial-private-group/src/controllers/error.js:12:14)
  at Module._compile (module.js:570:32)
  at Object.Module._extensions..js (module.js:579:10)
  at Module.load (/Users/Pon/Documents/Project/financial-private-group/node_modules/coffee-script/lib/coffee-script/register.js:45:36)
  at tryModuleLoad (module.js:446:12)
  at Function.Module._load (module.js:438:3)
  at Function._load (/Users/Pon/Documents/Project/financial-private-group/node_modules/pm2/node_modules/pmx/lib/transaction.js:62:21)
  at Module.require (module.js:497:17)
  at require (internal/module.js:20:19)
  at App.<anonymous> (/Users/Pon/Documents/Project/financial-private-group/runner/hc-cover-runner/lib/app.coffee:236:22)
  at undefined.next (native)
  at onFulfilled (/Users/Pon/Documents/Project/financial-private-group/node_modules/co/index.js:65:19)
  at /Users/Pon/Documents/Project/financial-private-group/node_modules/co/index.js:54:5
  at App.co (/Users/Pon/Documents/Project/financial-private-group/node_modules/co/index.js:50:10)
  at App.createPromise [as _useMiddlewares] (/Users/Pon/Documents/Project/financial-private-group/node_modules/co/index.js:30:15)
  at /Users/Pon/Documents/Project/financial-private-group/runner/hc-cover-runner/lib/app.coffee:316:8
  at App.<anonymous> (/Users/Pon/Documents/Project/financial-private-group/runner/hc-cover-runner/lib/app.coffee:164:12)
  at undefined.next (native)
  at onFulfilled (/Users/Pon/Documents/Project/financial-private-group/node_modules/co/index.js:65:19)
  at /Users/Pon/Documents/Project/financial-private-group/node_modules/co/index.js:54:5
  at App.co (/Users/Pon/Documents/Project/financial-private-group/node_modules/co/index.js:50:10)
  at App.createPromise [as _init] (/Users/Pon/Documents/Project/financial-private-group/node_modules/co/index.js:30:15)
  at App.run (/Users/Pon/Documents/Project/financial-private-group/runner/hc-cover-runner/lib/app.coffee:313:6)
  at Object.start (/Users/Pon/Documents/Project/financial-private-group/lib/engine.coffee:42:13)
  at Object.<anonymous> (/Users/Pon/Documents/Project/financial-private-group/lib/worker.js:17:10)
  at Module._compile (module.js:570:32)
  at Object.Module._extensions..js (module.js:579:10)
  at Module.load (module.js:487:32)
  at tryModuleLoad (module.js:446:12)
  at Function.Module._load (module.js:438:3)
  at Function._load (/Users/Pon/Documents/Project/financial-private-group/node_modules/pm2/node_modules/pmx/lib/transaction.js:62:21)
  at /Users/Pon/Documents/Project/financial-private-group/node_modules/pm2/lib/ProcessContainer.js:260:23
  at /Users/Pon/Documents/Project/financial-private-group/node_modules/pm2/node_modules/async/lib/async.js:52:16
  at /Users/Pon/Documents/Project/financial-private-group/node_modules/pm2/node_modules/async/lib/async.js:1209:30
  at WriteStream.<anonymous> (/Users/Pon/Documents/Project/financial-private-group/node_modules/pm2/lib/Utility.js:146:13)
  at emitOne (events.js:96:13)
  at WriteStream.emit (events.js:188:7)
  at WriteStream.<anonymous> (fs.js:2114:10)
  at FSReqWrap.oncomplete (fs.js:123:15)

2017-07-31 17:16:02 [ERROR] (runner/hc-cover-runner/lib/app.coffee:305) ReferenceError: reuqire is not defined
  at Object.<anonymous> (/Users/Pon/Documents/Project/financial-private-group/src/controllers/error.js:12:14)
  at Module._compile (module.js:570:32)
  at Object.Module._extensions..js (module.js:579:10)
  at Module.load (/Users/Pon/Documents/Project/financial-private-group/node_modules/coffee-script/lib/coffee-script/register.js:45:36)
  at tryModuleLoad (module.js:446:12)
  at Function.Module._load (module.js:438:3)
  at Function._load (/Users/Pon/Documents/Project/financial-private-group/node_modules/pm2/node_modules/pmx/lib/transaction.js:62:21)
  at Module.require (module.js:497:17)
  at require (internal/module.js:20:19)
  at App.<anonymous> (/Users/Pon/Documents/Project/financial-private-group/runner/hc-cover-runner/lib/app.coffee:236:22)
  at undefined.next (native)
  at onFulfilled (/Users/Pon/Documents/Project/financial-private-group/node_modules/co/index.js:65:19)
  at /Users/Pon/Documents/Project/financial-private-group/node_modules/co/index.js:54:5
  at App.co (/Users/Pon/Documents/Project/financial-private-group/node_modules/co/index.js:50:10)
  at App.createPromise [as _useMiddlewares] (/Users/Pon/Documents/Project/financial-private-group/node_modules/co/index.js:30:15)
  at /Users/Pon/Documents/Project/financial-private-group/runner/hc-cover-runner/lib/app.coffee:316:8
  at App.<anonymous> (/Users/Pon/Documents/Project/financial-private-group/runner/hc-cover-runner/lib/app.coffee:164:12)
  at undefined.next (native)
  at onFulfilled (/Users/Pon/Documents/Project/financial-private-group/node_modules/co/index.js:65:19)
  at /Users/Pon/Documents/Project/financial-private-group/node_modules/co/index.js:54:5
  at App.co (/Users/Pon/Documents/Project/financial-private-group/node_modules/co/index.js:50:10)
  at App.createPromise [as _init] (/Users/Pon/Documents/Project/financial-private-group/node_modules/co/index.js:30:15)
  at App.run (/Users/Pon/Documents/Project/financial-private-group/runner/hc-cover-runner/lib/app.coffee:313:6)
  at Object.start (/Users/Pon/Documents/Project/financial-private-group/lib/engine.coffee:42:13)
  at Object.<anonymous> (/Users/Pon/Documents/Project/financial-private-group/lib/worker.js:17:10)
  at Module._compile (module.js:570:32)
  at Object.Module._extensions..js (module.js:579:10)
  at Module.load (module.js:487:32)
  at tryModuleLoad (module.js:446:12)
  at Function.Module._load (module.js:438:3)
  at Function._load (/Users/Pon/Documents/Project/financial-private-group/node_modules/pm2/node_modules/pmx/lib/transaction.js:62:21)
  at /Users/Pon/Documents/Project/financial-private-group/node_modules/pm2/lib/ProcessContainer.js:260:23
  at /Users/Pon/Documents/Project/financial-private-group/node_modules/pm2/node_modules/async/lib/async.js:52:16
  at /Users/Pon/Documents/Project/financial-private-group/node_modules/pm2/node_modules/async/lib/async.js:1209:30
  at WriteStream.<anonymous> (/Users/Pon/Documents/Project/financial-private-group/node_modules/pm2/lib/Utility.js:146:13)
  at emitOne (events.js:96:13)
  at WriteStream.emit (events.js:188:7)
  at WriteStream.<anonymous> (fs.js:2114:10)
  at FSReqWrap.oncomplete (fs.js:123:15)

2017-07-31 17:16:02 [ERROR] (runner/hc-cover-runner/lib/app.coffee:305) ReferenceError: reuqire is not defined
  at Object.<anonymous> (/Users/Pon/Documents/Project/financial-private-group/src/controllers/error.js:12:14)
  at Module._compile (module.js:570:32)
  at Object.Module._extensions..js (module.js:579:10)
  at Module.load (/Users/Pon/Documents/Project/financial-private-group/node_modules/coffee-script/lib/coffee-script/register.js:45:36)
  at tryModuleLoad (module.js:446:12)
  at Function.Module._load (module.js:438:3)
  at Function._load (/Users/Pon/Documents/Project/financial-private-group/node_modules/pm2/node_modules/pmx/lib/transaction.js:62:21)
  at Module.require (module.js:497:17)
  at require (internal/module.js:20:19)
  at App.<anonymous> (/Users/Pon/Documents/Project/financial-private-group/runner/hc-cover-runner/lib/app.coffee:236:22)
  at undefined.next (native)
  at onFulfilled (/Users/Pon/Documents/Project/financial-private-group/node_modules/co/index.js:65:19)
  at /Users/Pon/Documents/Project/financial-private-group/node_modules/co/index.js:54:5
  at App.co (/Users/Pon/Documents/Project/financial-private-group/node_modules/co/index.js:50:10)
  at App.createPromise [as _useMiddlewares] (/Users/Pon/Documents/Project/financial-private-group/node_modules/co/index.js:30:15)
  at /Users/Pon/Documents/Project/financial-private-group/runner/hc-cover-runner/lib/app.coffee:316:8
  at App.<anonymous> (/Users/Pon/Documents/Project/financial-private-group/runner/hc-cover-runner/lib/app.coffee:164:12)
  at undefined.next (native)
  at onFulfilled (/Users/Pon/Documents/Project/financial-private-group/node_modules/co/index.js:65:19)
  at /Users/Pon/Documents/Project/financial-private-group/node_modules/co/index.js:54:5
  at App.co (/Users/Pon/Documents/Project/financial-private-group/node_modules/co/index.js:50:10)
  at App.createPromise [as _init] (/Users/Pon/Documents/Project/financial-private-group/node_modules/co/index.js:30:15)
  at App.run (/Users/Pon/Documents/Project/financial-private-group/runner/hc-cover-runner/lib/app.coffee:313:6)
  at Object.start (/Users/Pon/Documents/Project/financial-private-group/lib/engine.coffee:42:13)
  at Object.<anonymous> (/Users/Pon/Documents/Project/financial-private-group/lib/worker.js:17:10)
  at Module._compile (module.js:570:32)
  at Object.Module._extensions..js (module.js:579:10)
  at Module.load (module.js:487:32)
  at tryModuleLoad (module.js:446:12)
  at Function.Module._load (module.js:438:3)
  at Function._load (/Users/Pon/Documents/Project/financial-private-group/node_modules/pm2/node_modules/pmx/lib/transaction.js:62:21)
  at /Users/Pon/Documents/Project/financial-private-group/node_modules/pm2/lib/ProcessContainer.js:260:23
  at /Users/Pon/Documents/Project/financial-private-group/node_modules/pm2/node_modules/async/lib/async.js:52:16
  at /Users/Pon/Documents/Project/financial-private-group/node_modules/pm2/node_modules/async/lib/async.js:1209:30
  at WriteStream.<anonymous> (/Users/Pon/Documents/Project/financial-private-group/node_modules/pm2/lib/Utility.js:146:13)
  at emitOne (events.js:96:13)
  at WriteStream.emit (events.js:188:7)
  at WriteStream.<anonymous> (fs.js:2114:10)
  at FSReqWrap.oncomplete (fs.js:123:15)

2017-07-31 17:16:02 [ERROR] (runner/hc-cover-runner/lib/app.coffee:305) ReferenceError: reuqire is not defined
  at Object.<anonymous> (/Users/Pon/Documents/Project/financial-private-group/src/controllers/error.js:12:14)
  at Module._compile (module.js:570:32)
  at Object.Module._extensions..js (module.js:579:10)
  at Module.load (/Users/Pon/Documents/Project/financial-private-group/node_modules/coffee-script/lib/coffee-script/register.js:45:36)
  at tryModuleLoad (module.js:446:12)
  at Function.Module._load (module.js:438:3)
  at Function._load (/Users/Pon/Documents/Project/financial-private-group/node_modules/pm2/node_modules/pmx/lib/transaction.js:62:21)
  at Module.require (module.js:497:17)
  at require (internal/module.js:20:19)
  at App.<anonymous> (/Users/Pon/Documents/Project/financial-private-group/runner/hc-cover-runner/lib/app.coffee:236:22)
  at undefined.next (native)
  at onFulfilled (/Users/Pon/Documents/Project/financial-private-group/node_modules/co/index.js:65:19)
  at /Users/Pon/Documents/Project/financial-private-group/node_modules/co/index.js:54:5
  at App.co (/Users/Pon/Documents/Project/financial-private-group/node_modules/co/index.js:50:10)
  at App.createPromise [as _useMiddlewares] (/Users/Pon/Documents/Project/financial-private-group/node_modules/co/index.js:30:15)
  at /Users/Pon/Documents/Project/financial-private-group/runner/hc-cover-runner/lib/app.coffee:316:8
  at App.<anonymous> (/Users/Pon/Documents/Project/financial-private-group/runner/hc-cover-runner/lib/app.coffee:164:12)
  at undefined.next (native)
  at onFulfilled (/Users/Pon/Documents/Project/financial-private-group/node_modules/co/index.js:65:19)
  at /Users/Pon/Documents/Project/financial-private-group/node_modules/co/index.js:54:5
  at App.co (/Users/Pon/Documents/Project/financial-private-group/node_modules/co/index.js:50:10)
  at App.createPromise [as _init] (/Users/Pon/Documents/Project/financial-private-group/node_modules/co/index.js:30:15)
  at App.run (/Users/Pon/Documents/Project/financial-private-group/runner/hc-cover-runner/lib/app.coffee:313:6)
  at Object.start (/Users/Pon/Documents/Project/financial-private-group/lib/engine.coffee:42:13)
  at Object.<anonymous> (/Users/Pon/Documents/Project/financial-private-group/lib/worker.js:17:10)
  at Module._compile (module.js:570:32)
  at Object.Module._extensions..js (module.js:579:10)
  at Module.load (module.js:487:32)
  at tryModuleLoad (module.js:446:12)
  at Function.Module._load (module.js:438:3)
  at Function._load (/Users/Pon/Documents/Project/financial-private-group/node_modules/pm2/node_modules/pmx/lib/transaction.js:62:21)
  at /Users/Pon/Documents/Project/financial-private-group/node_modules/pm2/lib/ProcessContainer.js:260:23
  at /Users/Pon/Documents/Project/financial-private-group/node_modules/pm2/node_modules/async/lib/async.js:52:16
  at /Users/Pon/Documents/Project/financial-private-group/node_modules/pm2/node_modules/async/lib/async.js:1209:30
  at WriteStream.<anonymous> (/Users/Pon/Documents/Project/financial-private-group/node_modules/pm2/lib/Utility.js:146:13)
  at emitOne (events.js:96:13)
  at WriteStream.emit (events.js:188:7)
  at WriteStream.<anonymous> (fs.js:2114:10)
  at FSReqWrap.oncomplete (fs.js:123:15)

2017-07-31 17:16:35 [ERROR] (runner/hc-cover-runner/lib/app.coffee:305) Error: Cannot find module '../module/permission'
  at Function.Module._resolveFilename (module.js:469:15)
  at Function.Module._load (module.js:417:25)
  at Function._load (/Users/Pon/Documents/Project/financial-private-group/node_modules/pm2/node_modules/pmx/lib/transaction.js:62:21)
  at Module.require (module.js:497:17)
  at require (internal/module.js:20:19)
  at Object.<anonymous> (/Users/Pon/Documents/Project/financial-private-group/src/middlewares/permission.js:11:24)
  at Module._compile (module.js:570:32)
  at Object.Module._extensions..js (module.js:579:10)
  at Module.load (/Users/Pon/Documents/Project/financial-private-group/node_modules/coffee-script/lib/coffee-script/register.js:45:36)
  at tryModuleLoad (module.js:446:12)
  at Function.Module._load (module.js:438:3)
  at Function._load (/Users/Pon/Documents/Project/financial-private-group/node_modules/pm2/node_modules/pmx/lib/transaction.js:62:21)
  at Module.require (module.js:497:17)
  at require (internal/module.js:20:19)
  at App.<anonymous> (/Users/Pon/Documents/Project/financial-private-group/runner/hc-cover-runner/lib/app.coffee:236:22)
  at undefined.next (native)
  at onFulfilled (/Users/Pon/Documents/Project/financial-private-group/node_modules/co/index.js:65:19)
  at /Users/Pon/Documents/Project/financial-private-group/node_modules/co/index.js:54:5
  at App.co (/Users/Pon/Documents/Project/financial-private-group/node_modules/co/index.js:50:10)
  at App.createPromise [as _useMiddlewares] (/Users/Pon/Documents/Project/financial-private-group/node_modules/co/index.js:30:15)
  at /Users/Pon/Documents/Project/financial-private-group/runner/hc-cover-runner/lib/app.coffee:316:8
  at App.<anonymous> (/Users/Pon/Documents/Project/financial-private-group/runner/hc-cover-runner/lib/app.coffee:164:12)
  at undefined.next (native)
  at onFulfilled (/Users/Pon/Documents/Project/financial-private-group/node_modules/co/index.js:65:19)
  at /Users/Pon/Documents/Project/financial-private-group/node_modules/co/index.js:54:5
  at App.co (/Users/Pon/Documents/Project/financial-private-group/node_modules/co/index.js:50:10)
  at App.createPromise [as _init] (/Users/Pon/Documents/Project/financial-private-group/node_modules/co/index.js:30:15)
  at App.run (/Users/Pon/Documents/Project/financial-private-group/runner/hc-cover-runner/lib/app.coffee:313:6)
  at Object.start (/Users/Pon/Documents/Project/financial-private-group/lib/engine.coffee:42:13)
  at Object.<anonymous> (/Users/Pon/Documents/Project/financial-private-group/lib/worker.js:17:10)
  at Module._compile (module.js:570:32)
  at Object.Module._extensions..js (module.js:579:10)
  at Module.load (module.js:487:32)
  at tryModuleLoad (module.js:446:12)
  at Function.Module._load (module.js:438:3)
  at Function._load (/Users/Pon/Documents/Project/financial-private-group/node_modules/pm2/node_modules/pmx/lib/transaction.js:62:21)
  at /Users/Pon/Documents/Project/financial-private-group/node_modules/pm2/lib/ProcessContainer.js:260:23
  at /Users/Pon/Documents/Project/financial-private-group/node_modules/pm2/node_modules/async/lib/async.js:52:16
  at /Users/Pon/Documents/Project/financial-private-group/node_modules/pm2/node_modules/async/lib/async.js:1209:30
  at WriteStream.<anonymous> (/Users/Pon/Documents/Project/financial-private-group/node_modules/pm2/lib/Utility.js:146:13)
  at emitOne (events.js:96:13)
  at WriteStream.emit (events.js:188:7)
  at WriteStream.<anonymous> (fs.js:2114:10)
  at FSReqWrap.oncomplete (fs.js:123:15)

2017-07-31 17:16:35 [ERROR] (runner/hc-cover-runner/lib/app.coffee:305) Error: Cannot find module '../module/permission'
  at Function.Module._resolveFilename (module.js:469:15)
  at Function.Module._load (module.js:417:25)
  at Function._load (/Users/Pon/Documents/Project/financial-private-group/node_modules/pm2/node_modules/pmx/lib/transaction.js:62:21)
  at Module.require (module.js:497:17)
  at require (internal/module.js:20:19)
  at Object.<anonymous> (/Users/Pon/Documents/Project/financial-private-group/src/middlewares/permission.js:11:24)
  at Module._compile (module.js:570:32)
  at Object.Module._extensions..js (module.js:579:10)
  at Module.load (/Users/Pon/Documents/Project/financial-private-group/node_modules/coffee-script/lib/coffee-script/register.js:45:36)
  at tryModuleLoad (module.js:446:12)
  at Function.Module._load (module.js:438:3)
  at Function._load (/Users/Pon/Documents/Project/financial-private-group/node_modules/pm2/node_modules/pmx/lib/transaction.js:62:21)
  at Module.require (module.js:497:17)
  at require (internal/module.js:20:19)
  at App.<anonymous> (/Users/Pon/Documents/Project/financial-private-group/runner/hc-cover-runner/lib/app.coffee:236:22)
  at undefined.next (native)
  at onFulfilled (/Users/Pon/Documents/Project/financial-private-group/node_modules/co/index.js:65:19)
  at /Users/Pon/Documents/Project/financial-private-group/node_modules/co/index.js:54:5
  at App.co (/Users/Pon/Documents/Project/financial-private-group/node_modules/co/index.js:50:10)
  at App.createPromise [as _useMiddlewares] (/Users/Pon/Documents/Project/financial-private-group/node_modules/co/index.js:30:15)
  at /Users/Pon/Documents/Project/financial-private-group/runner/hc-cover-runner/lib/app.coffee:316:8
  at App.<anonymous> (/Users/Pon/Documents/Project/financial-private-group/runner/hc-cover-runner/lib/app.coffee:164:12)
  at undefined.next (native)
  at onFulfilled (/Users/Pon/Documents/Project/financial-private-group/node_modules/co/index.js:65:19)
  at /Users/Pon/Documents/Project/financial-private-group/node_modules/co/index.js:54:5
  at App.co (/Users/Pon/Documents/Project/financial-private-group/node_modules/co/index.js:50:10)
  at App.createPromise [as _init] (/Users/Pon/Documents/Project/financial-private-group/node_modules/co/index.js:30:15)
  at App.run (/Users/Pon/Documents/Project/financial-private-group/runner/hc-cover-runner/lib/app.coffee:313:6)
  at Object.start (/Users/Pon/Documents/Project/financial-private-group/lib/engine.coffee:42:13)
  at Object.<anonymous> (/Users/Pon/Documents/Project/financial-private-group/lib/worker.js:17:10)
  at Module._compile (module.js:570:32)
  at Object.Module._extensions..js (module.js:579:10)
  at Module.load (module.js:487:32)
  at tryModuleLoad (module.js:446:12)
  at Function.Module._load (module.js:438:3)
  at Function._load (/Users/Pon/Documents/Project/financial-private-group/node_modules/pm2/node_modules/pmx/lib/transaction.js:62:21)
  at /Users/Pon/Documents/Project/financial-private-group/node_modules/pm2/lib/ProcessContainer.js:260:23
  at /Users/Pon/Documents/Project/financial-private-group/node_modules/pm2/node_modules/async/lib/async.js:52:16
  at /Users/Pon/Documents/Project/financial-private-group/node_modules/pm2/node_modules/async/lib/async.js:1209:30
  at WriteStream.<anonymous> (/Users/Pon/Documents/Project/financial-private-group/node_modules/pm2/lib/Utility.js:146:13)
  at emitOne (events.js:96:13)
  at WriteStream.emit (events.js:188:7)
  at WriteStream.<anonymous> (fs.js:2114:10)
  at FSReqWrap.oncomplete (fs.js:123:15)

2017-07-31 17:16:35 [ERROR] (runner/hc-cover-runner/lib/app.coffee:305) Error: Cannot find module '../module/permission'
  at Function.Module._resolveFilename (module.js:469:15)
  at Function.Module._load (module.js:417:25)
  at Function._load (/Users/Pon/Documents/Project/financial-private-group/node_modules/pm2/node_modules/pmx/lib/transaction.js:62:21)
  at Module.require (module.js:497:17)
  at require (internal/module.js:20:19)
  at Object.<anonymous> (/Users/Pon/Documents/Project/financial-private-group/src/middlewares/permission.js:11:24)
  at Module._compile (module.js:570:32)
  at Object.Module._extensions..js (module.js:579:10)
  at Module.load (/Users/Pon/Documents/Project/financial-private-group/node_modules/coffee-script/lib/coffee-script/register.js:45:36)
  at tryModuleLoad (module.js:446:12)
  at Function.Module._load (module.js:438:3)
  at Function._load (/Users/Pon/Documents/Project/financial-private-group/node_modules/pm2/node_modules/pmx/lib/transaction.js:62:21)
  at Module.require (module.js:497:17)
  at require (internal/module.js:20:19)
  at App.<anonymous> (/Users/Pon/Documents/Project/financial-private-group/runner/hc-cover-runner/lib/app.coffee:236:22)
  at undefined.next (native)
  at onFulfilled (/Users/Pon/Documents/Project/financial-private-group/node_modules/co/index.js:65:19)
  at /Users/Pon/Documents/Project/financial-private-group/node_modules/co/index.js:54:5
  at App.co (/Users/Pon/Documents/Project/financial-private-group/node_modules/co/index.js:50:10)
  at App.createPromise [as _useMiddlewares] (/Users/Pon/Documents/Project/financial-private-group/node_modules/co/index.js:30:15)
  at /Users/Pon/Documents/Project/financial-private-group/runner/hc-cover-runner/lib/app.coffee:316:8
  at App.<anonymous> (/Users/Pon/Documents/Project/financial-private-group/runner/hc-cover-runner/lib/app.coffee:164:12)
  at undefined.next (native)
  at onFulfilled (/Users/Pon/Documents/Project/financial-private-group/node_modules/co/index.js:65:19)
  at /Users/Pon/Documents/Project/financial-private-group/node_modules/co/index.js:54:5
  at App.co (/Users/Pon/Documents/Project/financial-private-group/node_modules/co/index.js:50:10)
  at App.createPromise [as _init] (/Users/Pon/Documents/Project/financial-private-group/node_modules/co/index.js:30:15)
  at App.run (/Users/Pon/Documents/Project/financial-private-group/runner/hc-cover-runner/lib/app.coffee:313:6)
  at Object.start (/Users/Pon/Documents/Project/financial-private-group/lib/engine.coffee:42:13)
  at Object.<anonymous> (/Users/Pon/Documents/Project/financial-private-group/lib/worker.js:17:10)
  at Module._compile (module.js:570:32)
  at Object.Module._extensions..js (module.js:579:10)
  at Module.load (module.js:487:32)
  at tryModuleLoad (module.js:446:12)
  at Function.Module._load (module.js:438:3)
  at Function._load (/Users/Pon/Documents/Project/financial-private-group/node_modules/pm2/node_modules/pmx/lib/transaction.js:62:21)
  at /Users/Pon/Documents/Project/financial-private-group/node_modules/pm2/lib/ProcessContainer.js:260:23
  at /Users/Pon/Documents/Project/financial-private-group/node_modules/pm2/node_modules/async/lib/async.js:52:16
  at /Users/Pon/Documents/Project/financial-private-group/node_modules/pm2/node_modules/async/lib/async.js:1209:30
  at WriteStream.<anonymous> (/Users/Pon/Documents/Project/financial-private-group/node_modules/pm2/lib/Utility.js:146:13)
  at emitOne (events.js:96:13)
  at WriteStream.emit (events.js:188:7)
  at WriteStream.<anonymous> (fs.js:2114:10)
  at FSReqWrap.oncomplete (fs.js:123:15)

2017-07-31 17:16:35 [ERROR] (runner/hc-cover-runner/lib/app.coffee:305) Error: Cannot find module '../module/permission'
  at Function.Module._resolveFilename (module.js:469:15)
  at Function.Module._load (module.js:417:25)
  at Function._load (/Users/Pon/Documents/Project/financial-private-group/node_modules/pm2/node_modules/pmx/lib/transaction.js:62:21)
  at Module.require (module.js:497:17)
  at require (internal/module.js:20:19)
  at Object.<anonymous> (/Users/Pon/Documents/Project/financial-private-group/src/middlewares/permission.js:11:24)
  at Module._compile (module.js:570:32)
  at Object.Module._extensions..js (module.js:579:10)
  at Module.load (/Users/Pon/Documents/Project/financial-private-group/node_modules/coffee-script/lib/coffee-script/register.js:45:36)
  at tryModuleLoad (module.js:446:12)
  at Function.Module._load (module.js:438:3)
  at Function._load (/Users/Pon/Documents/Project/financial-private-group/node_modules/pm2/node_modules/pmx/lib/transaction.js:62:21)
  at Module.require (module.js:497:17)
  at require (internal/module.js:20:19)
  at App.<anonymous> (/Users/Pon/Documents/Project/financial-private-group/runner/hc-cover-runner/lib/app.coffee:236:22)
  at undefined.next (native)
  at onFulfilled (/Users/Pon/Documents/Project/financial-private-group/node_modules/co/index.js:65:19)
  at /Users/Pon/Documents/Project/financial-private-group/node_modules/co/index.js:54:5
  at App.co (/Users/Pon/Documents/Project/financial-private-group/node_modules/co/index.js:50:10)
  at App.createPromise [as _useMiddlewares] (/Users/Pon/Documents/Project/financial-private-group/node_modules/co/index.js:30:15)
  at /Users/Pon/Documents/Project/financial-private-group/runner/hc-cover-runner/lib/app.coffee:316:8
  at App.<anonymous> (/Users/Pon/Documents/Project/financial-private-group/runner/hc-cover-runner/lib/app.coffee:164:12)
  at undefined.next (native)
  at onFulfilled (/Users/Pon/Documents/Project/financial-private-group/node_modules/co/index.js:65:19)
  at /Users/Pon/Documents/Project/financial-private-group/node_modules/co/index.js:54:5
  at App.co (/Users/Pon/Documents/Project/financial-private-group/node_modules/co/index.js:50:10)
  at App.createPromise [as _init] (/Users/Pon/Documents/Project/financial-private-group/node_modules/co/index.js:30:15)
  at App.run (/Users/Pon/Documents/Project/financial-private-group/runner/hc-cover-runner/lib/app.coffee:313:6)
  at Object.start (/Users/Pon/Documents/Project/financial-private-group/lib/engine.coffee:42:13)
  at Object.<anonymous> (/Users/Pon/Documents/Project/financial-private-group/lib/worker.js:17:10)
  at Module._compile (module.js:570:32)
  at Object.Module._extensions..js (module.js:579:10)
  at Module.load (module.js:487:32)
  at tryModuleLoad (module.js:446:12)
  at Function.Module._load (module.js:438:3)
  at Function._load (/Users/Pon/Documents/Project/financial-private-group/node_modules/pm2/node_modules/pmx/lib/transaction.js:62:21)
  at /Users/Pon/Documents/Project/financial-private-group/node_modules/pm2/lib/ProcessContainer.js:260:23
  at /Users/Pon/Documents/Project/financial-private-group/node_modules/pm2/node_modules/async/lib/async.js:52:16
  at /Users/Pon/Documents/Project/financial-private-group/node_modules/pm2/node_modules/async/lib/async.js:1209:30
  at WriteStream.<anonymous> (/Users/Pon/Documents/Project/financial-private-group/node_modules/pm2/lib/Utility.js:146:13)
  at emitOne (events.js:96:13)
  at WriteStream.emit (events.js:188:7)
  at WriteStream.<anonymous> (fs.js:2114:10)
  at FSReqWrap.oncomplete (fs.js:123:15)

2017-07-31 17:16:35 [ERROR] (runner/hc-cover-runner/lib/app.coffee:305) Error: Cannot find module '../module/permission'
  at Function.Module._resolveFilename (module.js:469:15)
  at Function.Module._load (module.js:417:25)
  at Function._load (/Users/Pon/Documents/Project/financial-private-group/node_modules/pm2/node_modules/pmx/lib/transaction.js:62:21)
  at Module.require (module.js:497:17)
  at require (internal/module.js:20:19)
  at Object.<anonymous> (/Users/Pon/Documents/Project/financial-private-group/src/middlewares/permission.js:11:24)
  at Module._compile (module.js:570:32)
  at Object.Module._extensions..js (module.js:579:10)
  at Module.load (/Users/Pon/Documents/Project/financial-private-group/node_modules/coffee-script/lib/coffee-script/register.js:45:36)
  at tryModuleLoad (module.js:446:12)
  at Function.Module._load (module.js:438:3)
  at Function._load (/Users/Pon/Documents/Project/financial-private-group/node_modules/pm2/node_modules/pmx/lib/transaction.js:62:21)
  at Module.require (module.js:497:17)
  at require (internal/module.js:20:19)
  at App.<anonymous> (/Users/Pon/Documents/Project/financial-private-group/runner/hc-cover-runner/lib/app.coffee:236:22)
  at undefined.next (native)
  at onFulfilled (/Users/Pon/Documents/Project/financial-private-group/node_modules/co/index.js:65:19)
  at /Users/Pon/Documents/Project/financial-private-group/node_modules/co/index.js:54:5
  at App.co (/Users/Pon/Documents/Project/financial-private-group/node_modules/co/index.js:50:10)
  at App.createPromise [as _useMiddlewares] (/Users/Pon/Documents/Project/financial-private-group/node_modules/co/index.js:30:15)
  at /Users/Pon/Documents/Project/financial-private-group/runner/hc-cover-runner/lib/app.coffee:316:8
  at App.<anonymous> (/Users/Pon/Documents/Project/financial-private-group/runner/hc-cover-runner/lib/app.coffee:164:12)
  at undefined.next (native)
  at onFulfilled (/Users/Pon/Documents/Project/financial-private-group/node_modules/co/index.js:65:19)
  at /Users/Pon/Documents/Project/financial-private-group/node_modules/co/index.js:54:5
  at App.co (/Users/Pon/Documents/Project/financial-private-group/node_modules/co/index.js:50:10)
  at App.createPromise [as _init] (/Users/Pon/Documents/Project/financial-private-group/node_modules/co/index.js:30:15)
  at App.run (/Users/Pon/Documents/Project/financial-private-group/runner/hc-cover-runner/lib/app.coffee:313:6)
  at Object.start (/Users/Pon/Documents/Project/financial-private-group/lib/engine.coffee:42:13)
  at Object.<anonymous> (/Users/Pon/Documents/Project/financial-private-group/lib/worker.js:17:10)
  at Module._compile (module.js:570:32)
  at Object.Module._extensions..js (module.js:579:10)
  at Module.load (module.js:487:32)
  at tryModuleLoad (module.js:446:12)
  at Function.Module._load (module.js:438:3)
  at Function._load (/Users/Pon/Documents/Project/financial-private-group/node_modules/pm2/node_modules/pmx/lib/transaction.js:62:21)
  at /Users/Pon/Documents/Project/financial-private-group/node_modules/pm2/lib/ProcessContainer.js:260:23
  at /Users/Pon/Documents/Project/financial-private-group/node_modules/pm2/node_modules/async/lib/async.js:52:16
  at /Users/Pon/Documents/Project/financial-private-group/node_modules/pm2/node_modules/async/lib/async.js:1209:30
  at WriteStream.<anonymous> (/Users/Pon/Documents/Project/financial-private-group/node_modules/pm2/lib/Utility.js:146:13)
  at emitOne (events.js:96:13)
  at WriteStream.emit (events.js:188:7)
  at WriteStream.<anonymous> (fs.js:2114:10)
  at FSReqWrap.oncomplete (fs.js:123:15)

2017-07-31 17:16:35 [ERROR] (runner/hc-cover-runner/lib/app.coffee:305) Error: Cannot find module '../module/permission'
  at Function.Module._resolveFilename (module.js:469:15)
  at Function.Module._load (module.js:417:25)
  at Function._load (/Users/Pon/Documents/Project/financial-private-group/node_modules/pm2/node_modules/pmx/lib/transaction.js:62:21)
  at Module.require (module.js:497:17)
  at require (internal/module.js:20:19)
  at Object.<anonymous> (/Users/Pon/Documents/Project/financial-private-group/src/middlewares/permission.js:11:24)
  at Module._compile (module.js:570:32)
  at Object.Module._extensions..js (module.js:579:10)
  at Module.load (/Users/Pon/Documents/Project/financial-private-group/node_modules/coffee-script/lib/coffee-script/register.js:45:36)
  at tryModuleLoad (module.js:446:12)
  at Function.Module._load (module.js:438:3)
  at Function._load (/Users/Pon/Documents/Project/financial-private-group/node_modules/pm2/node_modules/pmx/lib/transaction.js:62:21)
  at Module.require (module.js:497:17)
  at require (internal/module.js:20:19)
  at App.<anonymous> (/Users/Pon/Documents/Project/financial-private-group/runner/hc-cover-runner/lib/app.coffee:236:22)
  at undefined.next (native)
  at onFulfilled (/Users/Pon/Documents/Project/financial-private-group/node_modules/co/index.js:65:19)
  at /Users/Pon/Documents/Project/financial-private-group/node_modules/co/index.js:54:5
  at App.co (/Users/Pon/Documents/Project/financial-private-group/node_modules/co/index.js:50:10)
  at App.createPromise [as _useMiddlewares] (/Users/Pon/Documents/Project/financial-private-group/node_modules/co/index.js:30:15)
  at /Users/Pon/Documents/Project/financial-private-group/runner/hc-cover-runner/lib/app.coffee:316:8
  at App.<anonymous> (/Users/Pon/Documents/Project/financial-private-group/runner/hc-cover-runner/lib/app.coffee:164:12)
  at undefined.next (native)
  at onFulfilled (/Users/Pon/Documents/Project/financial-private-group/node_modules/co/index.js:65:19)
  at /Users/Pon/Documents/Project/financial-private-group/node_modules/co/index.js:54:5
  at App.co (/Users/Pon/Documents/Project/financial-private-group/node_modules/co/index.js:50:10)
  at App.createPromise [as _init] (/Users/Pon/Documents/Project/financial-private-group/node_modules/co/index.js:30:15)
  at App.run (/Users/Pon/Documents/Project/financial-private-group/runner/hc-cover-runner/lib/app.coffee:313:6)
  at Object.start (/Users/Pon/Documents/Project/financial-private-group/lib/engine.coffee:42:13)
  at Object.<anonymous> (/Users/Pon/Documents/Project/financial-private-group/lib/worker.js:17:10)
  at Module._compile (module.js:570:32)
  at Object.Module._extensions..js (module.js:579:10)
  at Module.load (module.js:487:32)
  at tryModuleLoad (module.js:446:12)
  at Function.Module._load (module.js:438:3)
  at Function._load (/Users/Pon/Documents/Project/financial-private-group/node_modules/pm2/node_modules/pmx/lib/transaction.js:62:21)
  at /Users/Pon/Documents/Project/financial-private-group/node_modules/pm2/lib/ProcessContainer.js:260:23
  at /Users/Pon/Documents/Project/financial-private-group/node_modules/pm2/node_modules/async/lib/async.js:52:16
  at /Users/Pon/Documents/Project/financial-private-group/node_modules/pm2/node_modules/async/lib/async.js:1209:30
  at WriteStream.<anonymous> (/Users/Pon/Documents/Project/financial-private-group/node_modules/pm2/lib/Utility.js:146:13)
  at emitOne (events.js:96:13)
  at WriteStream.emit (events.js:188:7)
  at WriteStream.<anonymous> (fs.js:2114:10)
  at FSReqWrap.oncomplete (fs.js:123:15)

2017-07-31 17:16:35 [ERROR] (runner/hc-cover-runner/lib/app.coffee:305) Error: Cannot find module '../module/permission'
  at Function.Module._resolveFilename (module.js:469:15)
  at Function.Module._load (module.js:417:25)
  at Function._load (/Users/Pon/Documents/Project/financial-private-group/node_modules/pm2/node_modules/pmx/lib/transaction.js:62:21)
  at Module.require (module.js:497:17)
  at require (internal/module.js:20:19)
  at Object.<anonymous> (/Users/Pon/Documents/Project/financial-private-group/src/middlewares/permission.js:11:24)
  at Module._compile (module.js:570:32)
  at Object.Module._extensions..js (module.js:579:10)
  at Module.load (/Users/Pon/Documents/Project/financial-private-group/node_modules/coffee-script/lib/coffee-script/register.js:45:36)
  at tryModuleLoad (module.js:446:12)
  at Function.Module._load (module.js:438:3)
  at Function._load (/Users/Pon/Documents/Project/financial-private-group/node_modules/pm2/node_modules/pmx/lib/transaction.js:62:21)
  at Module.require (module.js:497:17)
  at require (internal/module.js:20:19)
  at App.<anonymous> (/Users/Pon/Documents/Project/financial-private-group/runner/hc-cover-runner/lib/app.coffee:236:22)
  at undefined.next (native)
  at onFulfilled (/Users/Pon/Documents/Project/financial-private-group/node_modules/co/index.js:65:19)
  at /Users/Pon/Documents/Project/financial-private-group/node_modules/co/index.js:54:5
  at App.co (/Users/Pon/Documents/Project/financial-private-group/node_modules/co/index.js:50:10)
  at App.createPromise [as _useMiddlewares] (/Users/Pon/Documents/Project/financial-private-group/node_modules/co/index.js:30:15)
  at /Users/Pon/Documents/Project/financial-private-group/runner/hc-cover-runner/lib/app.coffee:316:8
  at App.<anonymous> (/Users/Pon/Documents/Project/financial-private-group/runner/hc-cover-runner/lib/app.coffee:164:12)
  at undefined.next (native)
  at onFulfilled (/Users/Pon/Documents/Project/financial-private-group/node_modules/co/index.js:65:19)
  at /Users/Pon/Documents/Project/financial-private-group/node_modules/co/index.js:54:5
  at App.co (/Users/Pon/Documents/Project/financial-private-group/node_modules/co/index.js:50:10)
  at App.createPromise [as _init] (/Users/Pon/Documents/Project/financial-private-group/node_modules/co/index.js:30:15)
  at App.run (/Users/Pon/Documents/Project/financial-private-group/runner/hc-cover-runner/lib/app.coffee:313:6)
  at Object.start (/Users/Pon/Documents/Project/financial-private-group/lib/engine.coffee:42:13)
  at Object.<anonymous> (/Users/Pon/Documents/Project/financial-private-group/lib/worker.js:17:10)
  at Module._compile (module.js:570:32)
  at Object.Module._extensions..js (module.js:579:10)
  at Module.load (module.js:487:32)
  at tryModuleLoad (module.js:446:12)
  at Function.Module._load (module.js:438:3)
  at Function._load (/Users/Pon/Documents/Project/financial-private-group/node_modules/pm2/node_modules/pmx/lib/transaction.js:62:21)
  at /Users/Pon/Documents/Project/financial-private-group/node_modules/pm2/lib/ProcessContainer.js:260:23
  at /Users/Pon/Documents/Project/financial-private-group/node_modules/pm2/node_modules/async/lib/async.js:52:16
  at /Users/Pon/Documents/Project/financial-private-group/node_modules/pm2/node_modules/async/lib/async.js:1209:30
  at WriteStream.<anonymous> (/Users/Pon/Documents/Project/financial-private-group/node_modules/pm2/lib/Utility.js:146:13)
  at emitOne (events.js:96:13)
  at WriteStream.emit (events.js:188:7)
  at WriteStream.<anonymous> (fs.js:2114:10)
  at FSReqWrap.oncomplete (fs.js:123:15)

2017-07-31 17:16:35 [ERROR] (runner/hc-cover-runner/lib/app.coffee:305) Error: Cannot find module '../module/permission'
  at Function.Module._resolveFilename (module.js:469:15)
  at Function.Module._load (module.js:417:25)
  at Function._load (/Users/Pon/Documents/Project/financial-private-group/node_modules/pm2/node_modules/pmx/lib/transaction.js:62:21)
  at Module.require (module.js:497:17)
  at require (internal/module.js:20:19)
  at Object.<anonymous> (/Users/Pon/Documents/Project/financial-private-group/src/middlewares/permission.js:11:24)
  at Module._compile (module.js:570:32)
  at Object.Module._extensions..js (module.js:579:10)
  at Module.load (/Users/Pon/Documents/Project/financial-private-group/node_modules/coffee-script/lib/coffee-script/register.js:45:36)
  at tryModuleLoad (module.js:446:12)
  at Function.Module._load (module.js:438:3)
  at Function._load (/Users/Pon/Documents/Project/financial-private-group/node_modules/pm2/node_modules/pmx/lib/transaction.js:62:21)
  at Module.require (module.js:497:17)
  at require (internal/module.js:20:19)
  at App.<anonymous> (/Users/Pon/Documents/Project/financial-private-group/runner/hc-cover-runner/lib/app.coffee:236:22)
  at undefined.next (native)
  at onFulfilled (/Users/Pon/Documents/Project/financial-private-group/node_modules/co/index.js:65:19)
  at /Users/Pon/Documents/Project/financial-private-group/node_modules/co/index.js:54:5
  at App.co (/Users/Pon/Documents/Project/financial-private-group/node_modules/co/index.js:50:10)
  at App.createPromise [as _useMiddlewares] (/Users/Pon/Documents/Project/financial-private-group/node_modules/co/index.js:30:15)
  at /Users/Pon/Documents/Project/financial-private-group/runner/hc-cover-runner/lib/app.coffee:316:8
  at App.<anonymous> (/Users/Pon/Documents/Project/financial-private-group/runner/hc-cover-runner/lib/app.coffee:164:12)
  at undefined.next (native)
  at onFulfilled (/Users/Pon/Documents/Project/financial-private-group/node_modules/co/index.js:65:19)
  at /Users/Pon/Documents/Project/financial-private-group/node_modules/co/index.js:54:5
  at App.co (/Users/Pon/Documents/Project/financial-private-group/node_modules/co/index.js:50:10)
  at App.createPromise [as _init] (/Users/Pon/Documents/Project/financial-private-group/node_modules/co/index.js:30:15)
  at App.run (/Users/Pon/Documents/Project/financial-private-group/runner/hc-cover-runner/lib/app.coffee:313:6)
  at Object.start (/Users/Pon/Documents/Project/financial-private-group/lib/engine.coffee:42:13)
  at Object.<anonymous> (/Users/Pon/Documents/Project/financial-private-group/lib/worker.js:17:10)
  at Module._compile (module.js:570:32)
  at Object.Module._extensions..js (module.js:579:10)
  at Module.load (module.js:487:32)
  at tryModuleLoad (module.js:446:12)
  at Function.Module._load (module.js:438:3)
  at Function._load (/Users/Pon/Documents/Project/financial-private-group/node_modules/pm2/node_modules/pmx/lib/transaction.js:62:21)
  at /Users/Pon/Documents/Project/financial-private-group/node_modules/pm2/lib/ProcessContainer.js:260:23
  at /Users/Pon/Documents/Project/financial-private-group/node_modules/pm2/node_modules/async/lib/async.js:52:16
  at /Users/Pon/Documents/Project/financial-private-group/node_modules/pm2/node_modules/async/lib/async.js:1209:30
  at WriteStream.<anonymous> (/Users/Pon/Documents/Project/financial-private-group/node_modules/pm2/lib/Utility.js:146:13)
  at emitOne (events.js:96:13)
  at WriteStream.emit (events.js:188:7)
  at WriteStream.<anonymous> (fs.js:2114:10)
  at FSReqWrap.oncomplete (fs.js:123:15)

2017-07-31 17:17:41 [ERROR] (runner/hc-cover-runner/lib/app.coffee:305) ReferenceError: path is not defined
  at Error.initErrorCodes (/Users/Pon/Documents/Project/financial-private-group/src/controllers/error.js:23:25)
  at new Error (/Users/Pon/Documents/Project/financial-private-group/src/controllers/error.js:19:10)
  at module.exports (/Users/Pon/Documents/Project/financial-private-group/src/controllers/error.js:66:10)
  at unify (/Users/Pon/Documents/Project/financial-private-group/runner/hc-cover-runner/lib/unify.coffee:39:10)
  at App.<anonymous> (/Users/Pon/Documents/Project/financial-private-group/runner/hc-cover-runner/lib/app.coffee:254:18)
  at undefined.next (native)
  at onFulfilled (/Users/Pon/Documents/Project/financial-private-group/node_modules/co/index.js:65:19)
  at /Users/Pon/Documents/Project/financial-private-group/node_modules/co/index.js:54:5
  at App.co (/Users/Pon/Documents/Project/financial-private-group/node_modules/co/index.js:50:10)
  at App.createPromise [as _useMiddlewares] (/Users/Pon/Documents/Project/financial-private-group/node_modules/co/index.js:30:15)
  at /Users/Pon/Documents/Project/financial-private-group/runner/hc-cover-runner/lib/app.coffee:316:8
  at App.<anonymous> (/Users/Pon/Documents/Project/financial-private-group/runner/hc-cover-runner/lib/app.coffee:164:12)
  at undefined.next (native)
  at onFulfilled (/Users/Pon/Documents/Project/financial-private-group/node_modules/co/index.js:65:19)
  at /Users/Pon/Documents/Project/financial-private-group/node_modules/co/index.js:54:5
  at App.co (/Users/Pon/Documents/Project/financial-private-group/node_modules/co/index.js:50:10)
  at App.createPromise [as _init] (/Users/Pon/Documents/Project/financial-private-group/node_modules/co/index.js:30:15)
  at App.run (/Users/Pon/Documents/Project/financial-private-group/runner/hc-cover-runner/lib/app.coffee:313:6)
  at Object.start (/Users/Pon/Documents/Project/financial-private-group/lib/engine.coffee:42:13)
  at Object.<anonymous> (/Users/Pon/Documents/Project/financial-private-group/lib/worker.js:17:10)
  at Module._compile (module.js:570:32)
  at Object.Module._extensions..js (module.js:579:10)
  at Module.load (module.js:487:32)
  at tryModuleLoad (module.js:446:12)
  at Function.Module._load (module.js:438:3)
  at Function._load (/Users/Pon/Documents/Project/financial-private-group/node_modules/pm2/node_modules/pmx/lib/transaction.js:62:21)
  at /Users/Pon/Documents/Project/financial-private-group/node_modules/pm2/lib/ProcessContainer.js:260:23
  at /Users/Pon/Documents/Project/financial-private-group/node_modules/pm2/node_modules/async/lib/async.js:52:16
  at /Users/Pon/Documents/Project/financial-private-group/node_modules/pm2/node_modules/async/lib/async.js:1209:30
  at WriteStream.<anonymous> (/Users/Pon/Documents/Project/financial-private-group/node_modules/pm2/lib/Utility.js:146:13)
  at emitOne (events.js:96:13)
  at WriteStream.emit (events.js:188:7)
  at WriteStream.<anonymous> (fs.js:2114:10)
  at FSReqWrap.oncomplete (fs.js:123:15)

2017-07-31 17:17:41 [ERROR] (runner/hc-cover-runner/lib/app.coffee:305) ReferenceError: path is not defined
  at Error.initErrorCodes (/Users/Pon/Documents/Project/financial-private-group/src/controllers/error.js:23:25)
  at new Error (/Users/Pon/Documents/Project/financial-private-group/src/controllers/error.js:19:10)
  at module.exports (/Users/Pon/Documents/Project/financial-private-group/src/controllers/error.js:66:10)
  at unify (/Users/Pon/Documents/Project/financial-private-group/runner/hc-cover-runner/lib/unify.coffee:39:10)
  at App.<anonymous> (/Users/Pon/Documents/Project/financial-private-group/runner/hc-cover-runner/lib/app.coffee:254:18)
  at undefined.next (native)
  at onFulfilled (/Users/Pon/Documents/Project/financial-private-group/node_modules/co/index.js:65:19)
  at /Users/Pon/Documents/Project/financial-private-group/node_modules/co/index.js:54:5
  at App.co (/Users/Pon/Documents/Project/financial-private-group/node_modules/co/index.js:50:10)
  at App.createPromise [as _useMiddlewares] (/Users/Pon/Documents/Project/financial-private-group/node_modules/co/index.js:30:15)
  at /Users/Pon/Documents/Project/financial-private-group/runner/hc-cover-runner/lib/app.coffee:316:8
  at App.<anonymous> (/Users/Pon/Documents/Project/financial-private-group/runner/hc-cover-runner/lib/app.coffee:164:12)
  at undefined.next (native)
  at onFulfilled (/Users/Pon/Documents/Project/financial-private-group/node_modules/co/index.js:65:19)
  at /Users/Pon/Documents/Project/financial-private-group/node_modules/co/index.js:54:5
  at App.co (/Users/Pon/Documents/Project/financial-private-group/node_modules/co/index.js:50:10)
  at App.createPromise [as _init] (/Users/Pon/Documents/Project/financial-private-group/node_modules/co/index.js:30:15)
  at App.run (/Users/Pon/Documents/Project/financial-private-group/runner/hc-cover-runner/lib/app.coffee:313:6)
  at Object.start (/Users/Pon/Documents/Project/financial-private-group/lib/engine.coffee:42:13)
  at Object.<anonymous> (/Users/Pon/Documents/Project/financial-private-group/lib/worker.js:17:10)
  at Module._compile (module.js:570:32)
  at Object.Module._extensions..js (module.js:579:10)
  at Module.load (module.js:487:32)
  at tryModuleLoad (module.js:446:12)
  at Function.Module._load (module.js:438:3)
  at Function._load (/Users/Pon/Documents/Project/financial-private-group/node_modules/pm2/node_modules/pmx/lib/transaction.js:62:21)
  at /Users/Pon/Documents/Project/financial-private-group/node_modules/pm2/lib/ProcessContainer.js:260:23
  at /Users/Pon/Documents/Project/financial-private-group/node_modules/pm2/node_modules/async/lib/async.js:52:16
  at /Users/Pon/Documents/Project/financial-private-group/node_modules/pm2/node_modules/async/lib/async.js:1209:30
  at WriteStream.<anonymous> (/Users/Pon/Documents/Project/financial-private-group/node_modules/pm2/lib/Utility.js:146:13)
  at emitOne (events.js:96:13)
  at WriteStream.emit (events.js:188:7)
  at WriteStream.<anonymous> (fs.js:2114:10)
  at FSReqWrap.oncomplete (fs.js:123:15)

2017-07-31 17:17:41 [ERROR] (runner/hc-cover-runner/lib/app.coffee:305) ReferenceError: path is not defined
  at Error.initErrorCodes (/Users/Pon/Documents/Project/financial-private-group/src/controllers/error.js:23:25)
  at new Error (/Users/Pon/Documents/Project/financial-private-group/src/controllers/error.js:19:10)
  at module.exports (/Users/Pon/Documents/Project/financial-private-group/src/controllers/error.js:66:10)
  at unify (/Users/Pon/Documents/Project/financial-private-group/runner/hc-cover-runner/lib/unify.coffee:39:10)
  at App.<anonymous> (/Users/Pon/Documents/Project/financial-private-group/runner/hc-cover-runner/lib/app.coffee:254:18)
  at undefined.next (native)
  at onFulfilled (/Users/Pon/Documents/Project/financial-private-group/node_modules/co/index.js:65:19)
  at /Users/Pon/Documents/Project/financial-private-group/node_modules/co/index.js:54:5
  at App.co (/Users/Pon/Documents/Project/financial-private-group/node_modules/co/index.js:50:10)
  at App.createPromise [as _useMiddlewares] (/Users/Pon/Documents/Project/financial-private-group/node_modules/co/index.js:30:15)
  at /Users/Pon/Documents/Project/financial-private-group/runner/hc-cover-runner/lib/app.coffee:316:8
  at App.<anonymous> (/Users/Pon/Documents/Project/financial-private-group/runner/hc-cover-runner/lib/app.coffee:164:12)
  at undefined.next (native)
  at onFulfilled (/Users/Pon/Documents/Project/financial-private-group/node_modules/co/index.js:65:19)
  at /Users/Pon/Documents/Project/financial-private-group/node_modules/co/index.js:54:5
  at App.co (/Users/Pon/Documents/Project/financial-private-group/node_modules/co/index.js:50:10)
  at App.createPromise [as _init] (/Users/Pon/Documents/Project/financial-private-group/node_modules/co/index.js:30:15)
  at App.run (/Users/Pon/Documents/Project/financial-private-group/runner/hc-cover-runner/lib/app.coffee:313:6)
  at Object.start (/Users/Pon/Documents/Project/financial-private-group/lib/engine.coffee:42:13)
  at Object.<anonymous> (/Users/Pon/Documents/Project/financial-private-group/lib/worker.js:17:10)
  at Module._compile (module.js:570:32)
  at Object.Module._extensions..js (module.js:579:10)
  at Module.load (module.js:487:32)
  at tryModuleLoad (module.js:446:12)
  at Function.Module._load (module.js:438:3)
  at Function._load (/Users/Pon/Documents/Project/financial-private-group/node_modules/pm2/node_modules/pmx/lib/transaction.js:62:21)
  at /Users/Pon/Documents/Project/financial-private-group/node_modules/pm2/lib/ProcessContainer.js:260:23
  at /Users/Pon/Documents/Project/financial-private-group/node_modules/pm2/node_modules/async/lib/async.js:52:16
  at /Users/Pon/Documents/Project/financial-private-group/node_modules/pm2/node_modules/async/lib/async.js:1209:30
  at WriteStream.<anonymous> (/Users/Pon/Documents/Project/financial-private-group/node_modules/pm2/lib/Utility.js:146:13)
  at emitOne (events.js:96:13)
  at WriteStream.emit (events.js:188:7)
  at WriteStream.<anonymous> (fs.js:2114:10)
  at FSReqWrap.oncomplete (fs.js:123:15)

2017-07-31 17:17:41 [ERROR] (runner/hc-cover-runner/lib/app.coffee:305) ReferenceError: path is not defined
  at Error.initErrorCodes (/Users/Pon/Documents/Project/financial-private-group/src/controllers/error.js:23:25)
  at new Error (/Users/Pon/Documents/Project/financial-private-group/src/controllers/error.js:19:10)
  at module.exports (/Users/Pon/Documents/Project/financial-private-group/src/controllers/error.js:66:10)
  at unify (/Users/Pon/Documents/Project/financial-private-group/runner/hc-cover-runner/lib/unify.coffee:39:10)
  at App.<anonymous> (/Users/Pon/Documents/Project/financial-private-group/runner/hc-cover-runner/lib/app.coffee:254:18)
  at undefined.next (native)
  at onFulfilled (/Users/Pon/Documents/Project/financial-private-group/node_modules/co/index.js:65:19)
  at /Users/Pon/Documents/Project/financial-private-group/node_modules/co/index.js:54:5
  at App.co (/Users/Pon/Documents/Project/financial-private-group/node_modules/co/index.js:50:10)
  at App.createPromise [as _useMiddlewares] (/Users/Pon/Documents/Project/financial-private-group/node_modules/co/index.js:30:15)
  at /Users/Pon/Documents/Project/financial-private-group/runner/hc-cover-runner/lib/app.coffee:316:8
  at App.<anonymous> (/Users/Pon/Documents/Project/financial-private-group/runner/hc-cover-runner/lib/app.coffee:164:12)
  at undefined.next (native)
  at onFulfilled (/Users/Pon/Documents/Project/financial-private-group/node_modules/co/index.js:65:19)
  at /Users/Pon/Documents/Project/financial-private-group/node_modules/co/index.js:54:5
  at App.co (/Users/Pon/Documents/Project/financial-private-group/node_modules/co/index.js:50:10)
  at App.createPromise [as _init] (/Users/Pon/Documents/Project/financial-private-group/node_modules/co/index.js:30:15)
  at App.run (/Users/Pon/Documents/Project/financial-private-group/runner/hc-cover-runner/lib/app.coffee:313:6)
  at Object.start (/Users/Pon/Documents/Project/financial-private-group/lib/engine.coffee:42:13)
  at Object.<anonymous> (/Users/Pon/Documents/Project/financial-private-group/lib/worker.js:17:10)
  at Module._compile (module.js:570:32)
  at Object.Module._extensions..js (module.js:579:10)
  at Module.load (module.js:487:32)
  at tryModuleLoad (module.js:446:12)
  at Function.Module._load (module.js:438:3)
  at Function._load (/Users/Pon/Documents/Project/financial-private-group/node_modules/pm2/node_modules/pmx/lib/transaction.js:62:21)
  at /Users/Pon/Documents/Project/financial-private-group/node_modules/pm2/lib/ProcessContainer.js:260:23
  at /Users/Pon/Documents/Project/financial-private-group/node_modules/pm2/node_modules/async/lib/async.js:52:16
  at /Users/Pon/Documents/Project/financial-private-group/node_modules/pm2/node_modules/async/lib/async.js:1209:30
  at WriteStream.<anonymous> (/Users/Pon/Documents/Project/financial-private-group/node_modules/pm2/lib/Utility.js:146:13)
  at emitOne (events.js:96:13)
  at WriteStream.emit (events.js:188:7)
  at WriteStream.<anonymous> (fs.js:2114:10)
  at FSReqWrap.oncomplete (fs.js:123:15)

2017-07-31 17:17:41 [ERROR] (runner/hc-cover-runner/lib/app.coffee:305) ReferenceError: path is not defined
  at Error.initErrorCodes (/Users/Pon/Documents/Project/financial-private-group/src/controllers/error.js:23:25)
  at new Error (/Users/Pon/Documents/Project/financial-private-group/src/controllers/error.js:19:10)
  at module.exports (/Users/Pon/Documents/Project/financial-private-group/src/controllers/error.js:66:10)
  at unify (/Users/Pon/Documents/Project/financial-private-group/runner/hc-cover-runner/lib/unify.coffee:39:10)
  at App.<anonymous> (/Users/Pon/Documents/Project/financial-private-group/runner/hc-cover-runner/lib/app.coffee:254:18)
  at undefined.next (native)
  at onFulfilled (/Users/Pon/Documents/Project/financial-private-group/node_modules/co/index.js:65:19)
  at /Users/Pon/Documents/Project/financial-private-group/node_modules/co/index.js:54:5
  at App.co (/Users/Pon/Documents/Project/financial-private-group/node_modules/co/index.js:50:10)
  at App.createPromise [as _useMiddlewares] (/Users/Pon/Documents/Project/financial-private-group/node_modules/co/index.js:30:15)
  at /Users/Pon/Documents/Project/financial-private-group/runner/hc-cover-runner/lib/app.coffee:316:8
  at App.<anonymous> (/Users/Pon/Documents/Project/financial-private-group/runner/hc-cover-runner/lib/app.coffee:164:12)
  at undefined.next (native)
  at onFulfilled (/Users/Pon/Documents/Project/financial-private-group/node_modules/co/index.js:65:19)
  at /Users/Pon/Documents/Project/financial-private-group/node_modules/co/index.js:54:5
  at App.co (/Users/Pon/Documents/Project/financial-private-group/node_modules/co/index.js:50:10)
  at App.createPromise [as _init] (/Users/Pon/Documents/Project/financial-private-group/node_modules/co/index.js:30:15)
  at App.run (/Users/Pon/Documents/Project/financial-private-group/runner/hc-cover-runner/lib/app.coffee:313:6)
  at Object.start (/Users/Pon/Documents/Project/financial-private-group/lib/engine.coffee:42:13)
  at Object.<anonymous> (/Users/Pon/Documents/Project/financial-private-group/lib/worker.js:17:10)
  at Module._compile (module.js:570:32)
  at Object.Module._extensions..js (module.js:579:10)
  at Module.load (module.js:487:32)
  at tryModuleLoad (module.js:446:12)
  at Function.Module._load (module.js:438:3)
  at Function._load (/Users/Pon/Documents/Project/financial-private-group/node_modules/pm2/node_modules/pmx/lib/transaction.js:62:21)
  at /Users/Pon/Documents/Project/financial-private-group/node_modules/pm2/lib/ProcessContainer.js:260:23
  at /Users/Pon/Documents/Project/financial-private-group/node_modules/pm2/node_modules/async/lib/async.js:52:16
  at /Users/Pon/Documents/Project/financial-private-group/node_modules/pm2/node_modules/async/lib/async.js:1209:30
  at WriteStream.<anonymous> (/Users/Pon/Documents/Project/financial-private-group/node_modules/pm2/lib/Utility.js:146:13)
  at emitOne (events.js:96:13)
  at WriteStream.emit (events.js:188:7)
  at WriteStream.<anonymous> (fs.js:2114:10)
  at FSReqWrap.oncomplete (fs.js:123:15)

2017-07-31 17:17:41 [ERROR] (runner/hc-cover-runner/lib/app.coffee:305) ReferenceError: path is not defined
  at Error.initErrorCodes (/Users/Pon/Documents/Project/financial-private-group/src/controllers/error.js:23:25)
  at new Error (/Users/Pon/Documents/Project/financial-private-group/src/controllers/error.js:19:10)
  at module.exports (/Users/Pon/Documents/Project/financial-private-group/src/controllers/error.js:66:10)
  at unify (/Users/Pon/Documents/Project/financial-private-group/runner/hc-cover-runner/lib/unify.coffee:39:10)
  at App.<anonymous> (/Users/Pon/Documents/Project/financial-private-group/runner/hc-cover-runner/lib/app.coffee:254:18)
  at undefined.next (native)
  at onFulfilled (/Users/Pon/Documents/Project/financial-private-group/node_modules/co/index.js:65:19)
  at /Users/Pon/Documents/Project/financial-private-group/node_modules/co/index.js:54:5
  at App.co (/Users/Pon/Documents/Project/financial-private-group/node_modules/co/index.js:50:10)
  at App.createPromise [as _useMiddlewares] (/Users/Pon/Documents/Project/financial-private-group/node_modules/co/index.js:30:15)
  at /Users/Pon/Documents/Project/financial-private-group/runner/hc-cover-runner/lib/app.coffee:316:8
  at App.<anonymous> (/Users/Pon/Documents/Project/financial-private-group/runner/hc-cover-runner/lib/app.coffee:164:12)
  at undefined.next (native)
  at onFulfilled (/Users/Pon/Documents/Project/financial-private-group/node_modules/co/index.js:65:19)
  at /Users/Pon/Documents/Project/financial-private-group/node_modules/co/index.js:54:5
  at App.co (/Users/Pon/Documents/Project/financial-private-group/node_modules/co/index.js:50:10)
  at App.createPromise [as _init] (/Users/Pon/Documents/Project/financial-private-group/node_modules/co/index.js:30:15)
  at App.run (/Users/Pon/Documents/Project/financial-private-group/runner/hc-cover-runner/lib/app.coffee:313:6)
  at Object.start (/Users/Pon/Documents/Project/financial-private-group/lib/engine.coffee:42:13)
  at Object.<anonymous> (/Users/Pon/Documents/Project/financial-private-group/lib/worker.js:17:10)
  at Module._compile (module.js:570:32)
  at Object.Module._extensions..js (module.js:579:10)
  at Module.load (module.js:487:32)
  at tryModuleLoad (module.js:446:12)
  at Function.Module._load (module.js:438:3)
  at Function._load (/Users/Pon/Documents/Project/financial-private-group/node_modules/pm2/node_modules/pmx/lib/transaction.js:62:21)
  at /Users/Pon/Documents/Project/financial-private-group/node_modules/pm2/lib/ProcessContainer.js:260:23
  at /Users/Pon/Documents/Project/financial-private-group/node_modules/pm2/node_modules/async/lib/async.js:52:16
  at /Users/Pon/Documents/Project/financial-private-group/node_modules/pm2/node_modules/async/lib/async.js:1209:30
  at WriteStream.<anonymous> (/Users/Pon/Documents/Project/financial-private-group/node_modules/pm2/lib/Utility.js:146:13)
  at emitOne (events.js:96:13)
  at WriteStream.emit (events.js:188:7)
  at WriteStream.<anonymous> (fs.js:2114:10)
  at FSReqWrap.oncomplete (fs.js:123:15)

2017-07-31 17:17:41 [ERROR] (runner/hc-cover-runner/lib/app.coffee:305) ReferenceError: path is not defined
  at Error.initErrorCodes (/Users/Pon/Documents/Project/financial-private-group/src/controllers/error.js:23:25)
  at new Error (/Users/Pon/Documents/Project/financial-private-group/src/controllers/error.js:19:10)
  at module.exports (/Users/Pon/Documents/Project/financial-private-group/src/controllers/error.js:66:10)
  at unify (/Users/Pon/Documents/Project/financial-private-group/runner/hc-cover-runner/lib/unify.coffee:39:10)
  at App.<anonymous> (/Users/Pon/Documents/Project/financial-private-group/runner/hc-cover-runner/lib/app.coffee:254:18)
  at undefined.next (native)
  at onFulfilled (/Users/Pon/Documents/Project/financial-private-group/node_modules/co/index.js:65:19)
  at /Users/Pon/Documents/Project/financial-private-group/node_modules/co/index.js:54:5
  at App.co (/Users/Pon/Documents/Project/financial-private-group/node_modules/co/index.js:50:10)
  at App.createPromise [as _useMiddlewares] (/Users/Pon/Documents/Project/financial-private-group/node_modules/co/index.js:30:15)
  at /Users/Pon/Documents/Project/financial-private-group/runner/hc-cover-runner/lib/app.coffee:316:8
  at App.<anonymous> (/Users/Pon/Documents/Project/financial-private-group/runner/hc-cover-runner/lib/app.coffee:164:12)
  at undefined.next (native)
  at onFulfilled (/Users/Pon/Documents/Project/financial-private-group/node_modules/co/index.js:65:19)
  at /Users/Pon/Documents/Project/financial-private-group/node_modules/co/index.js:54:5
  at App.co (/Users/Pon/Documents/Project/financial-private-group/node_modules/co/index.js:50:10)
  at App.createPromise [as _init] (/Users/Pon/Documents/Project/financial-private-group/node_modules/co/index.js:30:15)
  at App.run (/Users/Pon/Documents/Project/financial-private-group/runner/hc-cover-runner/lib/app.coffee:313:6)
  at Object.start (/Users/Pon/Documents/Project/financial-private-group/lib/engine.coffee:42:13)
  at Object.<anonymous> (/Users/Pon/Documents/Project/financial-private-group/lib/worker.js:17:10)
  at Module._compile (module.js:570:32)
  at Object.Module._extensions..js (module.js:579:10)
  at Module.load (module.js:487:32)
  at tryModuleLoad (module.js:446:12)
  at Function.Module._load (module.js:438:3)
  at Function._load (/Users/Pon/Documents/Project/financial-private-group/node_modules/pm2/node_modules/pmx/lib/transaction.js:62:21)
  at /Users/Pon/Documents/Project/financial-private-group/node_modules/pm2/lib/ProcessContainer.js:260:23
  at /Users/Pon/Documents/Project/financial-private-group/node_modules/pm2/node_modules/async/lib/async.js:52:16
  at /Users/Pon/Documents/Project/financial-private-group/node_modules/pm2/node_modules/async/lib/async.js:1209:30
  at WriteStream.<anonymous> (/Users/Pon/Documents/Project/financial-private-group/node_modules/pm2/lib/Utility.js:146:13)
  at emitOne (events.js:96:13)
  at WriteStream.emit (events.js:188:7)
  at WriteStream.<anonymous> (fs.js:2114:10)
  at FSReqWrap.oncomplete (fs.js:123:15)

2017-07-31 17:17:41 [ERROR] (runner/hc-cover-runner/lib/app.coffee:305) ReferenceError: path is not defined
  at Error.initErrorCodes (/Users/Pon/Documents/Project/financial-private-group/src/controllers/error.js:23:25)
  at new Error (/Users/Pon/Documents/Project/financial-private-group/src/controllers/error.js:19:10)
  at module.exports (/Users/Pon/Documents/Project/financial-private-group/src/controllers/error.js:66:10)
  at unify (/Users/Pon/Documents/Project/financial-private-group/runner/hc-cover-runner/lib/unify.coffee:39:10)
  at App.<anonymous> (/Users/Pon/Documents/Project/financial-private-group/runner/hc-cover-runner/lib/app.coffee:254:18)
  at undefined.next (native)
  at onFulfilled (/Users/Pon/Documents/Project/financial-private-group/node_modules/co/index.js:65:19)
  at /Users/Pon/Documents/Project/financial-private-group/node_modules/co/index.js:54:5
  at App.co (/Users/Pon/Documents/Project/financial-private-group/node_modules/co/index.js:50:10)
  at App.createPromise [as _useMiddlewares] (/Users/Pon/Documents/Project/financial-private-group/node_modules/co/index.js:30:15)
  at /Users/Pon/Documents/Project/financial-private-group/runner/hc-cover-runner/lib/app.coffee:316:8
  at App.<anonymous> (/Users/Pon/Documents/Project/financial-private-group/runner/hc-cover-runner/lib/app.coffee:164:12)
  at undefined.next (native)
  at onFulfilled (/Users/Pon/Documents/Project/financial-private-group/node_modules/co/index.js:65:19)
  at /Users/Pon/Documents/Project/financial-private-group/node_modules/co/index.js:54:5
  at App.co (/Users/Pon/Documents/Project/financial-private-group/node_modules/co/index.js:50:10)
  at App.createPromise [as _init] (/Users/Pon/Documents/Project/financial-private-group/node_modules/co/index.js:30:15)
  at App.run (/Users/Pon/Documents/Project/financial-private-group/runner/hc-cover-runner/lib/app.coffee:313:6)
  at Object.start (/Users/Pon/Documents/Project/financial-private-group/lib/engine.coffee:42:13)
  at Object.<anonymous> (/Users/Pon/Documents/Project/financial-private-group/lib/worker.js:17:10)
  at Module._compile (module.js:570:32)
  at Object.Module._extensions..js (module.js:579:10)
  at Module.load (module.js:487:32)
  at tryModuleLoad (module.js:446:12)
  at Function.Module._load (module.js:438:3)
  at Function._load (/Users/Pon/Documents/Project/financial-private-group/node_modules/pm2/node_modules/pmx/lib/transaction.js:62:21)
  at /Users/Pon/Documents/Project/financial-private-group/node_modules/pm2/lib/ProcessContainer.js:260:23
  at /Users/Pon/Documents/Project/financial-private-group/node_modules/pm2/node_modules/async/lib/async.js:52:16
  at /Users/Pon/Documents/Project/financial-private-group/node_modules/pm2/node_modules/async/lib/async.js:1209:30
  at WriteStream.<anonymous> (/Users/Pon/Documents/Project/financial-private-group/node_modules/pm2/lib/Utility.js:146:13)
  at emitOne (events.js:96:13)
  at WriteStream.emit (events.js:188:7)
  at WriteStream.<anonymous> (fs.js:2114:10)
  at FSReqWrap.oncomplete (fs.js:123:15)

2017-07-31 17:18:43 [ERROR] (runner/hc-cover-runner/lib/app.coffee:305) ReferenceError: path is not defined
  at Error.initErrorCodes (/Users/Pon/Documents/Project/financial-private-group/src/controllers/error.js:23:25)
  at new Error (/Users/Pon/Documents/Project/financial-private-group/src/controllers/error.js:19:10)
  at module.exports (/Users/Pon/Documents/Project/financial-private-group/src/controllers/error.js:66:10)
  at unify (/Users/Pon/Documents/Project/financial-private-group/runner/hc-cover-runner/lib/unify.coffee:39:10)
  at App.<anonymous> (/Users/Pon/Documents/Project/financial-private-group/runner/hc-cover-runner/lib/app.coffee:254:18)
  at undefined.next (native)
  at onFulfilled (/Users/Pon/Documents/Project/financial-private-group/node_modules/co/index.js:65:19)
  at /Users/Pon/Documents/Project/financial-private-group/node_modules/co/index.js:54:5
  at App.co (/Users/Pon/Documents/Project/financial-private-group/node_modules/co/index.js:50:10)
  at App.createPromise [as _useMiddlewares] (/Users/Pon/Documents/Project/financial-private-group/node_modules/co/index.js:30:15)
  at /Users/Pon/Documents/Project/financial-private-group/runner/hc-cover-runner/lib/app.coffee:316:8
  at App.<anonymous> (/Users/Pon/Documents/Project/financial-private-group/runner/hc-cover-runner/lib/app.coffee:164:12)
  at undefined.next (native)
  at onFulfilled (/Users/Pon/Documents/Project/financial-private-group/node_modules/co/index.js:65:19)
  at /Users/Pon/Documents/Project/financial-private-group/node_modules/co/index.js:54:5
  at App.co (/Users/Pon/Documents/Project/financial-private-group/node_modules/co/index.js:50:10)
  at App.createPromise [as _init] (/Users/Pon/Documents/Project/financial-private-group/node_modules/co/index.js:30:15)
  at App.run (/Users/Pon/Documents/Project/financial-private-group/runner/hc-cover-runner/lib/app.coffee:313:6)
  at Object.start (/Users/Pon/Documents/Project/financial-private-group/lib/engine.coffee:42:13)
  at Object.<anonymous> (/Users/Pon/Documents/Project/financial-private-group/lib/worker.js:17:10)
  at Module._compile (module.js:570:32)
  at Object.Module._extensions..js (module.js:579:10)
  at Module.load (module.js:487:32)
  at tryModuleLoad (module.js:446:12)
  at Function.Module._load (module.js:438:3)
  at Function._load (/Users/Pon/Documents/Project/financial-private-group/node_modules/pm2/node_modules/pmx/lib/transaction.js:62:21)
  at /Users/Pon/Documents/Project/financial-private-group/node_modules/pm2/lib/ProcessContainer.js:260:23
  at /Users/Pon/Documents/Project/financial-private-group/node_modules/pm2/node_modules/async/lib/async.js:52:16
  at /Users/Pon/Documents/Project/financial-private-group/node_modules/pm2/node_modules/async/lib/async.js:1209:30
  at WriteStream.<anonymous> (/Users/Pon/Documents/Project/financial-private-group/node_modules/pm2/lib/Utility.js:146:13)
  at emitOne (events.js:96:13)
  at WriteStream.emit (events.js:188:7)
  at WriteStream.<anonymous> (fs.js:2114:10)
  at FSReqWrap.oncomplete (fs.js:123:15)

2017-07-31 17:18:43 [ERROR] (runner/hc-cover-runner/lib/app.coffee:305) ReferenceError: path is not defined
  at Error.initErrorCodes (/Users/Pon/Documents/Project/financial-private-group/src/controllers/error.js:23:25)
  at new Error (/Users/Pon/Documents/Project/financial-private-group/src/controllers/error.js:19:10)
  at module.exports (/Users/Pon/Documents/Project/financial-private-group/src/controllers/error.js:66:10)
  at unify (/Users/Pon/Documents/Project/financial-private-group/runner/hc-cover-runner/lib/unify.coffee:39:10)
  at App.<anonymous> (/Users/Pon/Documents/Project/financial-private-group/runner/hc-cover-runner/lib/app.coffee:254:18)
  at undefined.next (native)
  at onFulfilled (/Users/Pon/Documents/Project/financial-private-group/node_modules/co/index.js:65:19)
  at /Users/Pon/Documents/Project/financial-private-group/node_modules/co/index.js:54:5
  at App.co (/Users/Pon/Documents/Project/financial-private-group/node_modules/co/index.js:50:10)
  at App.createPromise [as _useMiddlewares] (/Users/Pon/Documents/Project/financial-private-group/node_modules/co/index.js:30:15)
  at /Users/Pon/Documents/Project/financial-private-group/runner/hc-cover-runner/lib/app.coffee:316:8
  at App.<anonymous> (/Users/Pon/Documents/Project/financial-private-group/runner/hc-cover-runner/lib/app.coffee:164:12)
  at undefined.next (native)
  at onFulfilled (/Users/Pon/Documents/Project/financial-private-group/node_modules/co/index.js:65:19)
  at /Users/Pon/Documents/Project/financial-private-group/node_modules/co/index.js:54:5
  at App.co (/Users/Pon/Documents/Project/financial-private-group/node_modules/co/index.js:50:10)
  at App.createPromise [as _init] (/Users/Pon/Documents/Project/financial-private-group/node_modules/co/index.js:30:15)
  at App.run (/Users/Pon/Documents/Project/financial-private-group/runner/hc-cover-runner/lib/app.coffee:313:6)
  at Object.start (/Users/Pon/Documents/Project/financial-private-group/lib/engine.coffee:42:13)
  at Object.<anonymous> (/Users/Pon/Documents/Project/financial-private-group/lib/worker.js:17:10)
  at Module._compile (module.js:570:32)
  at Object.Module._extensions..js (module.js:579:10)
  at Module.load (module.js:487:32)
  at tryModuleLoad (module.js:446:12)
  at Function.Module._load (module.js:438:3)
  at Function._load (/Users/Pon/Documents/Project/financial-private-group/node_modules/pm2/node_modules/pmx/lib/transaction.js:62:21)
  at /Users/Pon/Documents/Project/financial-private-group/node_modules/pm2/lib/ProcessContainer.js:260:23
  at /Users/Pon/Documents/Project/financial-private-group/node_modules/pm2/node_modules/async/lib/async.js:52:16
  at /Users/Pon/Documents/Project/financial-private-group/node_modules/pm2/node_modules/async/lib/async.js:1209:30
  at WriteStream.<anonymous> (/Users/Pon/Documents/Project/financial-private-group/node_modules/pm2/lib/Utility.js:146:13)
  at emitOne (events.js:96:13)
  at WriteStream.emit (events.js:188:7)
  at WriteStream.<anonymous> (fs.js:2114:10)
  at FSReqWrap.oncomplete (fs.js:123:15)

2017-07-31 17:18:44 [ERROR] (runner/hc-cover-runner/lib/app.coffee:305) ReferenceError: path is not defined
  at Error.initErrorCodes (/Users/Pon/Documents/Project/financial-private-group/src/controllers/error.js:23:25)
  at new Error (/Users/Pon/Documents/Project/financial-private-group/src/controllers/error.js:19:10)
  at module.exports (/Users/Pon/Documents/Project/financial-private-group/src/controllers/error.js:66:10)
  at unify (/Users/Pon/Documents/Project/financial-private-group/runner/hc-cover-runner/lib/unify.coffee:39:10)
  at App.<anonymous> (/Users/Pon/Documents/Project/financial-private-group/runner/hc-cover-runner/lib/app.coffee:254:18)
  at undefined.next (native)
  at onFulfilled (/Users/Pon/Documents/Project/financial-private-group/node_modules/co/index.js:65:19)
  at /Users/Pon/Documents/Project/financial-private-group/node_modules/co/index.js:54:5
  at App.co (/Users/Pon/Documents/Project/financial-private-group/node_modules/co/index.js:50:10)
  at App.createPromise [as _useMiddlewares] (/Users/Pon/Documents/Project/financial-private-group/node_modules/co/index.js:30:15)
  at /Users/Pon/Documents/Project/financial-private-group/runner/hc-cover-runner/lib/app.coffee:316:8
  at App.<anonymous> (/Users/Pon/Documents/Project/financial-private-group/runner/hc-cover-runner/lib/app.coffee:164:12)
  at undefined.next (native)
  at onFulfilled (/Users/Pon/Documents/Project/financial-private-group/node_modules/co/index.js:65:19)
  at /Users/Pon/Documents/Project/financial-private-group/node_modules/co/index.js:54:5
  at App.co (/Users/Pon/Documents/Project/financial-private-group/node_modules/co/index.js:50:10)
  at App.createPromise [as _init] (/Users/Pon/Documents/Project/financial-private-group/node_modules/co/index.js:30:15)
  at App.run (/Users/Pon/Documents/Project/financial-private-group/runner/hc-cover-runner/lib/app.coffee:313:6)
  at Object.start (/Users/Pon/Documents/Project/financial-private-group/lib/engine.coffee:42:13)
  at Object.<anonymous> (/Users/Pon/Documents/Project/financial-private-group/lib/worker.js:17:10)
  at Module._compile (module.js:570:32)
  at Object.Module._extensions..js (module.js:579:10)
  at Module.load (module.js:487:32)
  at tryModuleLoad (module.js:446:12)
  at Function.Module._load (module.js:438:3)
  at Function._load (/Users/Pon/Documents/Project/financial-private-group/node_modules/pm2/node_modules/pmx/lib/transaction.js:62:21)
  at /Users/Pon/Documents/Project/financial-private-group/node_modules/pm2/lib/ProcessContainer.js:260:23
  at /Users/Pon/Documents/Project/financial-private-group/node_modules/pm2/node_modules/async/lib/async.js:52:16
  at /Users/Pon/Documents/Project/financial-private-group/node_modules/pm2/node_modules/async/lib/async.js:1209:30
  at WriteStream.<anonymous> (/Users/Pon/Documents/Project/financial-private-group/node_modules/pm2/lib/Utility.js:146:13)
  at emitOne (events.js:96:13)
  at WriteStream.emit (events.js:188:7)
  at WriteStream.<anonymous> (fs.js:2114:10)
  at FSReqWrap.oncomplete (fs.js:123:15)

2017-07-31 17:18:44 [ERROR] (runner/hc-cover-runner/lib/app.coffee:305) ReferenceError: path is not defined
  at Error.initErrorCodes (/Users/Pon/Documents/Project/financial-private-group/src/controllers/error.js:23:25)
  at new Error (/Users/Pon/Documents/Project/financial-private-group/src/controllers/error.js:19:10)
  at module.exports (/Users/Pon/Documents/Project/financial-private-group/src/controllers/error.js:66:10)
  at unify (/Users/Pon/Documents/Project/financial-private-group/runner/hc-cover-runner/lib/unify.coffee:39:10)
  at App.<anonymous> (/Users/Pon/Documents/Project/financial-private-group/runner/hc-cover-runner/lib/app.coffee:254:18)
  at undefined.next (native)
  at onFulfilled (/Users/Pon/Documents/Project/financial-private-group/node_modules/co/index.js:65:19)
  at /Users/Pon/Documents/Project/financial-private-group/node_modules/co/index.js:54:5
  at App.co (/Users/Pon/Documents/Project/financial-private-group/node_modules/co/index.js:50:10)
  at App.createPromise [as _useMiddlewares] (/Users/Pon/Documents/Project/financial-private-group/node_modules/co/index.js:30:15)
  at /Users/Pon/Documents/Project/financial-private-group/runner/hc-cover-runner/lib/app.coffee:316:8
  at App.<anonymous> (/Users/Pon/Documents/Project/financial-private-group/runner/hc-cover-runner/lib/app.coffee:164:12)
  at undefined.next (native)
  at onFulfilled (/Users/Pon/Documents/Project/financial-private-group/node_modules/co/index.js:65:19)
  at /Users/Pon/Documents/Project/financial-private-group/node_modules/co/index.js:54:5
  at App.co (/Users/Pon/Documents/Project/financial-private-group/node_modules/co/index.js:50:10)
  at App.createPromise [as _init] (/Users/Pon/Documents/Project/financial-private-group/node_modules/co/index.js:30:15)
  at App.run (/Users/Pon/Documents/Project/financial-private-group/runner/hc-cover-runner/lib/app.coffee:313:6)
  at Object.start (/Users/Pon/Documents/Project/financial-private-group/lib/engine.coffee:42:13)
  at Object.<anonymous> (/Users/Pon/Documents/Project/financial-private-group/lib/worker.js:17:10)
  at Module._compile (module.js:570:32)
  at Object.Module._extensions..js (module.js:579:10)
  at Module.load (module.js:487:32)
  at tryModuleLoad (module.js:446:12)
  at Function.Module._load (module.js:438:3)
  at Function._load (/Users/Pon/Documents/Project/financial-private-group/node_modules/pm2/node_modules/pmx/lib/transaction.js:62:21)
  at /Users/Pon/Documents/Project/financial-private-group/node_modules/pm2/lib/ProcessContainer.js:260:23
  at /Users/Pon/Documents/Project/financial-private-group/node_modules/pm2/node_modules/async/lib/async.js:52:16
  at /Users/Pon/Documents/Project/financial-private-group/node_modules/pm2/node_modules/async/lib/async.js:1209:30
  at WriteStream.<anonymous> (/Users/Pon/Documents/Project/financial-private-group/node_modules/pm2/lib/Utility.js:146:13)
  at emitOne (events.js:96:13)
  at WriteStream.emit (events.js:188:7)
  at WriteStream.<anonymous> (fs.js:2114:10)
  at FSReqWrap.oncomplete (fs.js:123:15)

2017-07-31 17:18:44 [ERROR] (runner/hc-cover-runner/lib/app.coffee:305) ReferenceError: path is not defined
  at Error.initErrorCodes (/Users/Pon/Documents/Project/financial-private-group/src/controllers/error.js:23:25)
  at new Error (/Users/Pon/Documents/Project/financial-private-group/src/controllers/error.js:19:10)
  at module.exports (/Users/Pon/Documents/Project/financial-private-group/src/controllers/error.js:66:10)
  at unify (/Users/Pon/Documents/Project/financial-private-group/runner/hc-cover-runner/lib/unify.coffee:39:10)
  at App.<anonymous> (/Users/Pon/Documents/Project/financial-private-group/runner/hc-cover-runner/lib/app.coffee:254:18)
  at undefined.next (native)
  at onFulfilled (/Users/Pon/Documents/Project/financial-private-group/node_modules/co/index.js:65:19)
  at /Users/Pon/Documents/Project/financial-private-group/node_modules/co/index.js:54:5
  at App.co (/Users/Pon/Documents/Project/financial-private-group/node_modules/co/index.js:50:10)
  at App.createPromise [as _useMiddlewares] (/Users/Pon/Documents/Project/financial-private-group/node_modules/co/index.js:30:15)
  at /Users/Pon/Documents/Project/financial-private-group/runner/hc-cover-runner/lib/app.coffee:316:8
  at App.<anonymous> (/Users/Pon/Documents/Project/financial-private-group/runner/hc-cover-runner/lib/app.coffee:164:12)
  at undefined.next (native)
  at onFulfilled (/Users/Pon/Documents/Project/financial-private-group/node_modules/co/index.js:65:19)
  at /Users/Pon/Documents/Project/financial-private-group/node_modules/co/index.js:54:5
  at App.co (/Users/Pon/Documents/Project/financial-private-group/node_modules/co/index.js:50:10)
  at App.createPromise [as _init] (/Users/Pon/Documents/Project/financial-private-group/node_modules/co/index.js:30:15)
  at App.run (/Users/Pon/Documents/Project/financial-private-group/runner/hc-cover-runner/lib/app.coffee:313:6)
  at Object.start (/Users/Pon/Documents/Project/financial-private-group/lib/engine.coffee:42:13)
  at Object.<anonymous> (/Users/Pon/Documents/Project/financial-private-group/lib/worker.js:17:10)
  at Module._compile (module.js:570:32)
  at Object.Module._extensions..js (module.js:579:10)
  at Module.load (module.js:487:32)
  at tryModuleLoad (module.js:446:12)
  at Function.Module._load (module.js:438:3)
  at Function._load (/Users/Pon/Documents/Project/financial-private-group/node_modules/pm2/node_modules/pmx/lib/transaction.js:62:21)
  at /Users/Pon/Documents/Project/financial-private-group/node_modules/pm2/lib/ProcessContainer.js:260:23
  at /Users/Pon/Documents/Project/financial-private-group/node_modules/pm2/node_modules/async/lib/async.js:52:16
  at /Users/Pon/Documents/Project/financial-private-group/node_modules/pm2/node_modules/async/lib/async.js:1209:30
  at WriteStream.<anonymous> (/Users/Pon/Documents/Project/financial-private-group/node_modules/pm2/lib/Utility.js:146:13)
  at emitOne (events.js:96:13)
  at WriteStream.emit (events.js:188:7)
  at WriteStream.<anonymous> (fs.js:2114:10)
  at FSReqWrap.oncomplete (fs.js:123:15)

2017-07-31 17:18:44 [ERROR] (runner/hc-cover-runner/lib/app.coffee:305) ReferenceError: path is not defined
  at Error.initErrorCodes (/Users/Pon/Documents/Project/financial-private-group/src/controllers/error.js:23:25)
  at new Error (/Users/Pon/Documents/Project/financial-private-group/src/controllers/error.js:19:10)
  at module.exports (/Users/Pon/Documents/Project/financial-private-group/src/controllers/error.js:66:10)
  at unify (/Users/Pon/Documents/Project/financial-private-group/runner/hc-cover-runner/lib/unify.coffee:39:10)
  at App.<anonymous> (/Users/Pon/Documents/Project/financial-private-group/runner/hc-cover-runner/lib/app.coffee:254:18)
  at undefined.next (native)
  at onFulfilled (/Users/Pon/Documents/Project/financial-private-group/node_modules/co/index.js:65:19)
  at /Users/Pon/Documents/Project/financial-private-group/node_modules/co/index.js:54:5
  at App.co (/Users/Pon/Documents/Project/financial-private-group/node_modules/co/index.js:50:10)
  at App.createPromise [as _useMiddlewares] (/Users/Pon/Documents/Project/financial-private-group/node_modules/co/index.js:30:15)
  at /Users/Pon/Documents/Project/financial-private-group/runner/hc-cover-runner/lib/app.coffee:316:8
  at App.<anonymous> (/Users/Pon/Documents/Project/financial-private-group/runner/hc-cover-runner/lib/app.coffee:164:12)
  at undefined.next (native)
  at onFulfilled (/Users/Pon/Documents/Project/financial-private-group/node_modules/co/index.js:65:19)
  at /Users/Pon/Documents/Project/financial-private-group/node_modules/co/index.js:54:5
  at App.co (/Users/Pon/Documents/Project/financial-private-group/node_modules/co/index.js:50:10)
  at App.createPromise [as _init] (/Users/Pon/Documents/Project/financial-private-group/node_modules/co/index.js:30:15)
  at App.run (/Users/Pon/Documents/Project/financial-private-group/runner/hc-cover-runner/lib/app.coffee:313:6)
  at Object.start (/Users/Pon/Documents/Project/financial-private-group/lib/engine.coffee:42:13)
  at Object.<anonymous> (/Users/Pon/Documents/Project/financial-private-group/lib/worker.js:17:10)
  at Module._compile (module.js:570:32)
  at Object.Module._extensions..js (module.js:579:10)
  at Module.load (module.js:487:32)
  at tryModuleLoad (module.js:446:12)
  at Function.Module._load (module.js:438:3)
  at Function._load (/Users/Pon/Documents/Project/financial-private-group/node_modules/pm2/node_modules/pmx/lib/transaction.js:62:21)
  at /Users/Pon/Documents/Project/financial-private-group/node_modules/pm2/lib/ProcessContainer.js:260:23
  at /Users/Pon/Documents/Project/financial-private-group/node_modules/pm2/node_modules/async/lib/async.js:52:16
  at /Users/Pon/Documents/Project/financial-private-group/node_modules/pm2/node_modules/async/lib/async.js:1209:30
  at WriteStream.<anonymous> (/Users/Pon/Documents/Project/financial-private-group/node_modules/pm2/lib/Utility.js:146:13)
  at emitOne (events.js:96:13)
  at WriteStream.emit (events.js:188:7)
  at WriteStream.<anonymous> (fs.js:2114:10)
  at FSReqWrap.oncomplete (fs.js:123:15)

2017-07-31 17:18:44 [ERROR] (runner/hc-cover-runner/lib/app.coffee:305) ReferenceError: path is not defined
  at Error.initErrorCodes (/Users/Pon/Documents/Project/financial-private-group/src/controllers/error.js:23:25)
  at new Error (/Users/Pon/Documents/Project/financial-private-group/src/controllers/error.js:19:10)
  at module.exports (/Users/Pon/Documents/Project/financial-private-group/src/controllers/error.js:66:10)
  at unify (/Users/Pon/Documents/Project/financial-private-group/runner/hc-cover-runner/lib/unify.coffee:39:10)
  at App.<anonymous> (/Users/Pon/Documents/Project/financial-private-group/runner/hc-cover-runner/lib/app.coffee:254:18)
  at undefined.next (native)
  at onFulfilled (/Users/Pon/Documents/Project/financial-private-group/node_modules/co/index.js:65:19)
  at /Users/Pon/Documents/Project/financial-private-group/node_modules/co/index.js:54:5
  at App.co (/Users/Pon/Documents/Project/financial-private-group/node_modules/co/index.js:50:10)
  at App.createPromise [as _useMiddlewares] (/Users/Pon/Documents/Project/financial-private-group/node_modules/co/index.js:30:15)
  at /Users/Pon/Documents/Project/financial-private-group/runner/hc-cover-runner/lib/app.coffee:316:8
  at App.<anonymous> (/Users/Pon/Documents/Project/financial-private-group/runner/hc-cover-runner/lib/app.coffee:164:12)
  at undefined.next (native)
  at onFulfilled (/Users/Pon/Documents/Project/financial-private-group/node_modules/co/index.js:65:19)
  at /Users/Pon/Documents/Project/financial-private-group/node_modules/co/index.js:54:5
  at App.co (/Users/Pon/Documents/Project/financial-private-group/node_modules/co/index.js:50:10)
  at App.createPromise [as _init] (/Users/Pon/Documents/Project/financial-private-group/node_modules/co/index.js:30:15)
  at App.run (/Users/Pon/Documents/Project/financial-private-group/runner/hc-cover-runner/lib/app.coffee:313:6)
  at Object.start (/Users/Pon/Documents/Project/financial-private-group/lib/engine.coffee:42:13)
  at Object.<anonymous> (/Users/Pon/Documents/Project/financial-private-group/lib/worker.js:17:10)
  at Module._compile (module.js:570:32)
  at Object.Module._extensions..js (module.js:579:10)
  at Module.load (module.js:487:32)
  at tryModuleLoad (module.js:446:12)
  at Function.Module._load (module.js:438:3)
  at Function._load (/Users/Pon/Documents/Project/financial-private-group/node_modules/pm2/node_modules/pmx/lib/transaction.js:62:21)
  at /Users/Pon/Documents/Project/financial-private-group/node_modules/pm2/lib/ProcessContainer.js:260:23
  at /Users/Pon/Documents/Project/financial-private-group/node_modules/pm2/node_modules/async/lib/async.js:52:16
  at /Users/Pon/Documents/Project/financial-private-group/node_modules/pm2/node_modules/async/lib/async.js:1209:30
  at WriteStream.<anonymous> (/Users/Pon/Documents/Project/financial-private-group/node_modules/pm2/lib/Utility.js:146:13)
  at emitOne (events.js:96:13)
  at WriteStream.emit (events.js:188:7)
  at WriteStream.<anonymous> (fs.js:2114:10)
  at FSReqWrap.oncomplete (fs.js:123:15)

2017-07-31 17:18:44 [ERROR] (runner/hc-cover-runner/lib/app.coffee:305) ReferenceError: path is not defined
  at Error.initErrorCodes (/Users/Pon/Documents/Project/financial-private-group/src/controllers/error.js:23:25)
  at new Error (/Users/Pon/Documents/Project/financial-private-group/src/controllers/error.js:19:10)
  at module.exports (/Users/Pon/Documents/Project/financial-private-group/src/controllers/error.js:66:10)
  at unify (/Users/Pon/Documents/Project/financial-private-group/runner/hc-cover-runner/lib/unify.coffee:39:10)
  at App.<anonymous> (/Users/Pon/Documents/Project/financial-private-group/runner/hc-cover-runner/lib/app.coffee:254:18)
  at undefined.next (native)
  at onFulfilled (/Users/Pon/Documents/Project/financial-private-group/node_modules/co/index.js:65:19)
  at /Users/Pon/Documents/Project/financial-private-group/node_modules/co/index.js:54:5
  at App.co (/Users/Pon/Documents/Project/financial-private-group/node_modules/co/index.js:50:10)
  at App.createPromise [as _useMiddlewares] (/Users/Pon/Documents/Project/financial-private-group/node_modules/co/index.js:30:15)
  at /Users/Pon/Documents/Project/financial-private-group/runner/hc-cover-runner/lib/app.coffee:316:8
  at App.<anonymous> (/Users/Pon/Documents/Project/financial-private-group/runner/hc-cover-runner/lib/app.coffee:164:12)
  at undefined.next (native)
  at onFulfilled (/Users/Pon/Documents/Project/financial-private-group/node_modules/co/index.js:65:19)
  at /Users/Pon/Documents/Project/financial-private-group/node_modules/co/index.js:54:5
  at App.co (/Users/Pon/Documents/Project/financial-private-group/node_modules/co/index.js:50:10)
  at App.createPromise [as _init] (/Users/Pon/Documents/Project/financial-private-group/node_modules/co/index.js:30:15)
  at App.run (/Users/Pon/Documents/Project/financial-private-group/runner/hc-cover-runner/lib/app.coffee:313:6)
  at Object.start (/Users/Pon/Documents/Project/financial-private-group/lib/engine.coffee:42:13)
  at Object.<anonymous> (/Users/Pon/Documents/Project/financial-private-group/lib/worker.js:17:10)
  at Module._compile (module.js:570:32)
  at Object.Module._extensions..js (module.js:579:10)
  at Module.load (module.js:487:32)
  at tryModuleLoad (module.js:446:12)
  at Function.Module._load (module.js:438:3)
  at Function._load (/Users/Pon/Documents/Project/financial-private-group/node_modules/pm2/node_modules/pmx/lib/transaction.js:62:21)
  at /Users/Pon/Documents/Project/financial-private-group/node_modules/pm2/lib/ProcessContainer.js:260:23
  at /Users/Pon/Documents/Project/financial-private-group/node_modules/pm2/node_modules/async/lib/async.js:52:16
  at /Users/Pon/Documents/Project/financial-private-group/node_modules/pm2/node_modules/async/lib/async.js:1209:30
  at WriteStream.<anonymous> (/Users/Pon/Documents/Project/financial-private-group/node_modules/pm2/lib/Utility.js:146:13)
  at emitOne (events.js:96:13)
  at WriteStream.emit (events.js:188:7)
  at WriteStream.<anonymous> (fs.js:2114:10)
  at FSReqWrap.oncomplete (fs.js:123:15)

2017-07-31 17:23:42 [ERROR] (runner/hc-cover-runner/lib/app.coffee:304) Error: Cannot find module '../module/permission'
  at Function.Module._resolveFilename (module.js:469:15)
  at Function.Module._load (module.js:417:25)
  at Function._load (/Users/Pon/Documents/Project/financial-private-group/node_modules/pm2/node_modules/pmx/lib/transaction.js:62:21)
  at Module.require (module.js:497:17)
  at require (internal/module.js:20:19)
  at Object.<anonymous> (/Users/Pon/Documents/Project/financial-private-group/src/middlewares/permission.js:11:24)
  at Module._compile (module.js:570:32)
  at Object.Module._extensions..js (module.js:579:10)
  at Module.load (/Users/Pon/Documents/Project/financial-private-group/node_modules/coffee-script/lib/coffee-script/register.js:45:36)
  at tryModuleLoad (module.js:446:12)
  at Function.Module._load (module.js:438:3)
  at Function._load (/Users/Pon/Documents/Project/financial-private-group/node_modules/pm2/node_modules/pmx/lib/transaction.js:62:21)
  at Module.require (module.js:497:17)
  at require (internal/module.js:20:19)
  at App.<anonymous> (/Users/Pon/Documents/Project/financial-private-group/runner/hc-cover-runner/lib/app.coffee:236:22)
  at undefined.next (native)
  at onFulfilled (/Users/Pon/Documents/Project/financial-private-group/node_modules/co/index.js:65:19)
  at /Users/Pon/Documents/Project/financial-private-group/node_modules/co/index.js:54:5
  at App.co (/Users/Pon/Documents/Project/financial-private-group/node_modules/co/index.js:50:10)
  at App.createPromise [as _useMiddlewares] (/Users/Pon/Documents/Project/financial-private-group/node_modules/co/index.js:30:15)
  at /Users/Pon/Documents/Project/financial-private-group/runner/hc-cover-runner/lib/app.coffee:315:8
  at App.<anonymous> (/Users/Pon/Documents/Project/financial-private-group/runner/hc-cover-runner/lib/app.coffee:164:12)
  at undefined.next (native)
  at onFulfilled (/Users/Pon/Documents/Project/financial-private-group/node_modules/co/index.js:65:19)
  at /Users/Pon/Documents/Project/financial-private-group/node_modules/co/index.js:54:5
  at App.co (/Users/Pon/Documents/Project/financial-private-group/node_modules/co/index.js:50:10)
  at App.createPromise [as _init] (/Users/Pon/Documents/Project/financial-private-group/node_modules/co/index.js:30:15)
  at App.run (/Users/Pon/Documents/Project/financial-private-group/runner/hc-cover-runner/lib/app.coffee:312:6)
  at Object.start (/Users/Pon/Documents/Project/financial-private-group/lib/engine.coffee:42:13)
  at Object.<anonymous> (/Users/Pon/Documents/Project/financial-private-group/lib/worker.js:17:10)
  at Module._compile (module.js:570:32)
  at Object.Module._extensions..js (module.js:579:10)
  at Module.load (module.js:487:32)
  at tryModuleLoad (module.js:446:12)
  at Function.Module._load (module.js:438:3)
  at Function._load (/Users/Pon/Documents/Project/financial-private-group/node_modules/pm2/node_modules/pmx/lib/transaction.js:62:21)
  at /Users/Pon/Documents/Project/financial-private-group/node_modules/pm2/lib/ProcessContainer.js:260:23
  at /Users/Pon/Documents/Project/financial-private-group/node_modules/pm2/node_modules/async/lib/async.js:52:16
  at /Users/Pon/Documents/Project/financial-private-group/node_modules/pm2/node_modules/async/lib/async.js:1209:30
  at WriteStream.<anonymous> (/Users/Pon/Documents/Project/financial-private-group/node_modules/pm2/lib/Utility.js:146:13)
  at emitOne (events.js:96:13)
  at WriteStream.emit (events.js:188:7)
  at WriteStream.<anonymous> (fs.js:2114:10)
  at FSReqWrap.oncomplete (fs.js:123:15)

2017-07-31 17:23:42 [ERROR] (runner/hc-cover-runner/lib/app.coffee:304) Error: Cannot find module '../module/permission'
  at Function.Module._resolveFilename (module.js:469:15)
  at Function.Module._load (module.js:417:25)
  at Function._load (/Users/Pon/Documents/Project/financial-private-group/node_modules/pm2/node_modules/pmx/lib/transaction.js:62:21)
  at Module.require (module.js:497:17)
  at require (internal/module.js:20:19)
  at Object.<anonymous> (/Users/Pon/Documents/Project/financial-private-group/src/middlewares/permission.js:11:24)
  at Module._compile (module.js:570:32)
  at Object.Module._extensions..js (module.js:579:10)
  at Module.load (/Users/Pon/Documents/Project/financial-private-group/node_modules/coffee-script/lib/coffee-script/register.js:45:36)
  at tryModuleLoad (module.js:446:12)
  at Function.Module._load (module.js:438:3)
  at Function._load (/Users/Pon/Documents/Project/financial-private-group/node_modules/pm2/node_modules/pmx/lib/transaction.js:62:21)
  at Module.require (module.js:497:17)
  at require (internal/module.js:20:19)
  at App.<anonymous> (/Users/Pon/Documents/Project/financial-private-group/runner/hc-cover-runner/lib/app.coffee:236:22)
  at undefined.next (native)
  at onFulfilled (/Users/Pon/Documents/Project/financial-private-group/node_modules/co/index.js:65:19)
  at /Users/Pon/Documents/Project/financial-private-group/node_modules/co/index.js:54:5
  at App.co (/Users/Pon/Documents/Project/financial-private-group/node_modules/co/index.js:50:10)
  at App.createPromise [as _useMiddlewares] (/Users/Pon/Documents/Project/financial-private-group/node_modules/co/index.js:30:15)
  at /Users/Pon/Documents/Project/financial-private-group/runner/hc-cover-runner/lib/app.coffee:315:8
  at App.<anonymous> (/Users/Pon/Documents/Project/financial-private-group/runner/hc-cover-runner/lib/app.coffee:164:12)
  at undefined.next (native)
  at onFulfilled (/Users/Pon/Documents/Project/financial-private-group/node_modules/co/index.js:65:19)
  at /Users/Pon/Documents/Project/financial-private-group/node_modules/co/index.js:54:5
  at App.co (/Users/Pon/Documents/Project/financial-private-group/node_modules/co/index.js:50:10)
  at App.createPromise [as _init] (/Users/Pon/Documents/Project/financial-private-group/node_modules/co/index.js:30:15)
  at App.run (/Users/Pon/Documents/Project/financial-private-group/runner/hc-cover-runner/lib/app.coffee:312:6)
  at Object.start (/Users/Pon/Documents/Project/financial-private-group/lib/engine.coffee:42:13)
  at Object.<anonymous> (/Users/Pon/Documents/Project/financial-private-group/lib/worker.js:17:10)
  at Module._compile (module.js:570:32)
  at Object.Module._extensions..js (module.js:579:10)
  at Module.load (module.js:487:32)
  at tryModuleLoad (module.js:446:12)
  at Function.Module._load (module.js:438:3)
  at Function._load (/Users/Pon/Documents/Project/financial-private-group/node_modules/pm2/node_modules/pmx/lib/transaction.js:62:21)
  at /Users/Pon/Documents/Project/financial-private-group/node_modules/pm2/lib/ProcessContainer.js:260:23
  at /Users/Pon/Documents/Project/financial-private-group/node_modules/pm2/node_modules/async/lib/async.js:52:16
  at /Users/Pon/Documents/Project/financial-private-group/node_modules/pm2/node_modules/async/lib/async.js:1209:30
  at WriteStream.<anonymous> (/Users/Pon/Documents/Project/financial-private-group/node_modules/pm2/lib/Utility.js:146:13)
  at emitOne (events.js:96:13)
  at WriteStream.emit (events.js:188:7)
  at WriteStream.<anonymous> (fs.js:2114:10)
  at FSReqWrap.oncomplete (fs.js:123:15)

2017-07-31 17:23:43 [ERROR] (runner/hc-cover-runner/lib/app.coffee:304) Error: Cannot find module '../module/permission'
  at Function.Module._resolveFilename (module.js:469:15)
  at Function.Module._load (module.js:417:25)
  at Function._load (/Users/Pon/Documents/Project/financial-private-group/node_modules/pm2/node_modules/pmx/lib/transaction.js:62:21)
  at Module.require (module.js:497:17)
  at require (internal/module.js:20:19)
  at Object.<anonymous> (/Users/Pon/Documents/Project/financial-private-group/src/middlewares/permission.js:11:24)
  at Module._compile (module.js:570:32)
  at Object.Module._extensions..js (module.js:579:10)
  at Module.load (/Users/Pon/Documents/Project/financial-private-group/node_modules/coffee-script/lib/coffee-script/register.js:45:36)
  at tryModuleLoad (module.js:446:12)
  at Function.Module._load (module.js:438:3)
  at Function._load (/Users/Pon/Documents/Project/financial-private-group/node_modules/pm2/node_modules/pmx/lib/transaction.js:62:21)
  at Module.require (module.js:497:17)
  at require (internal/module.js:20:19)
  at App.<anonymous> (/Users/Pon/Documents/Project/financial-private-group/runner/hc-cover-runner/lib/app.coffee:236:22)
  at undefined.next (native)
  at onFulfilled (/Users/Pon/Documents/Project/financial-private-group/node_modules/co/index.js:65:19)
  at /Users/Pon/Documents/Project/financial-private-group/node_modules/co/index.js:54:5
  at App.co (/Users/Pon/Documents/Project/financial-private-group/node_modules/co/index.js:50:10)
  at App.createPromise [as _useMiddlewares] (/Users/Pon/Documents/Project/financial-private-group/node_modules/co/index.js:30:15)
  at /Users/Pon/Documents/Project/financial-private-group/runner/hc-cover-runner/lib/app.coffee:315:8
  at App.<anonymous> (/Users/Pon/Documents/Project/financial-private-group/runner/hc-cover-runner/lib/app.coffee:164:12)
  at undefined.next (native)
  at onFulfilled (/Users/Pon/Documents/Project/financial-private-group/node_modules/co/index.js:65:19)
  at /Users/Pon/Documents/Project/financial-private-group/node_modules/co/index.js:54:5
  at App.co (/Users/Pon/Documents/Project/financial-private-group/node_modules/co/index.js:50:10)
  at App.createPromise [as _init] (/Users/Pon/Documents/Project/financial-private-group/node_modules/co/index.js:30:15)
  at App.run (/Users/Pon/Documents/Project/financial-private-group/runner/hc-cover-runner/lib/app.coffee:312:6)
  at Object.start (/Users/Pon/Documents/Project/financial-private-group/lib/engine.coffee:42:13)
  at Object.<anonymous> (/Users/Pon/Documents/Project/financial-private-group/lib/worker.js:17:10)
  at Module._compile (module.js:570:32)
  at Object.Module._extensions..js (module.js:579:10)
  at Module.load (module.js:487:32)
  at tryModuleLoad (module.js:446:12)
  at Function.Module._load (module.js:438:3)
  at Function._load (/Users/Pon/Documents/Project/financial-private-group/node_modules/pm2/node_modules/pmx/lib/transaction.js:62:21)
  at /Users/Pon/Documents/Project/financial-private-group/node_modules/pm2/lib/ProcessContainer.js:260:23
  at /Users/Pon/Documents/Project/financial-private-group/node_modules/pm2/node_modules/async/lib/async.js:52:16
  at /Users/Pon/Documents/Project/financial-private-group/node_modules/pm2/node_modules/async/lib/async.js:1209:30
  at WriteStream.<anonymous> (/Users/Pon/Documents/Project/financial-private-group/node_modules/pm2/lib/Utility.js:146:13)
  at emitOne (events.js:96:13)
  at WriteStream.emit (events.js:188:7)
  at WriteStream.<anonymous> (fs.js:2114:10)
  at FSReqWrap.oncomplete (fs.js:123:15)

2017-07-31 17:23:43 [ERROR] (runner/hc-cover-runner/lib/app.coffee:304) Error: Cannot find module '../module/permission'
  at Function.Module._resolveFilename (module.js:469:15)
  at Function.Module._load (module.js:417:25)
  at Function._load (/Users/Pon/Documents/Project/financial-private-group/node_modules/pm2/node_modules/pmx/lib/transaction.js:62:21)
  at Module.require (module.js:497:17)
  at require (internal/module.js:20:19)
  at Object.<anonymous> (/Users/Pon/Documents/Project/financial-private-group/src/middlewares/permission.js:11:24)
  at Module._compile (module.js:570:32)
  at Object.Module._extensions..js (module.js:579:10)
  at Module.load (/Users/Pon/Documents/Project/financial-private-group/node_modules/coffee-script/lib/coffee-script/register.js:45:36)
  at tryModuleLoad (module.js:446:12)
  at Function.Module._load (module.js:438:3)
  at Function._load (/Users/Pon/Documents/Project/financial-private-group/node_modules/pm2/node_modules/pmx/lib/transaction.js:62:21)
  at Module.require (module.js:497:17)
  at require (internal/module.js:20:19)
  at App.<anonymous> (/Users/Pon/Documents/Project/financial-private-group/runner/hc-cover-runner/lib/app.coffee:236:22)
  at undefined.next (native)
  at onFulfilled (/Users/Pon/Documents/Project/financial-private-group/node_modules/co/index.js:65:19)
  at /Users/Pon/Documents/Project/financial-private-group/node_modules/co/index.js:54:5
  at App.co (/Users/Pon/Documents/Project/financial-private-group/node_modules/co/index.js:50:10)
  at App.createPromise [as _useMiddlewares] (/Users/Pon/Documents/Project/financial-private-group/node_modules/co/index.js:30:15)
  at /Users/Pon/Documents/Project/financial-private-group/runner/hc-cover-runner/lib/app.coffee:315:8
  at App.<anonymous> (/Users/Pon/Documents/Project/financial-private-group/runner/hc-cover-runner/lib/app.coffee:164:12)
  at undefined.next (native)
  at onFulfilled (/Users/Pon/Documents/Project/financial-private-group/node_modules/co/index.js:65:19)
  at /Users/Pon/Documents/Project/financial-private-group/node_modules/co/index.js:54:5
  at App.co (/Users/Pon/Documents/Project/financial-private-group/node_modules/co/index.js:50:10)
  at App.createPromise [as _init] (/Users/Pon/Documents/Project/financial-private-group/node_modules/co/index.js:30:15)
  at App.run (/Users/Pon/Documents/Project/financial-private-group/runner/hc-cover-runner/lib/app.coffee:312:6)
  at Object.start (/Users/Pon/Documents/Project/financial-private-group/lib/engine.coffee:42:13)
  at Object.<anonymous> (/Users/Pon/Documents/Project/financial-private-group/lib/worker.js:17:10)
  at Module._compile (module.js:570:32)
  at Object.Module._extensions..js (module.js:579:10)
  at Module.load (module.js:487:32)
  at tryModuleLoad (module.js:446:12)
  at Function.Module._load (module.js:438:3)
  at Function._load (/Users/Pon/Documents/Project/financial-private-group/node_modules/pm2/node_modules/pmx/lib/transaction.js:62:21)
  at /Users/Pon/Documents/Project/financial-private-group/node_modules/pm2/lib/ProcessContainer.js:260:23
  at /Users/Pon/Documents/Project/financial-private-group/node_modules/pm2/node_modules/async/lib/async.js:52:16
  at /Users/Pon/Documents/Project/financial-private-group/node_modules/pm2/node_modules/async/lib/async.js:1209:30
  at WriteStream.<anonymous> (/Users/Pon/Documents/Project/financial-private-group/node_modules/pm2/lib/Utility.js:146:13)
  at emitOne (events.js:96:13)
  at WriteStream.emit (events.js:188:7)
  at WriteStream.<anonymous> (fs.js:2114:10)
  at FSReqWrap.oncomplete (fs.js:123:15)

2017-07-31 17:23:43 [ERROR] (runner/hc-cover-runner/lib/app.coffee:304) Error: Cannot find module '../module/permission'
  at Function.Module._resolveFilename (module.js:469:15)
  at Function.Module._load (module.js:417:25)
  at Function._load (/Users/Pon/Documents/Project/financial-private-group/node_modules/pm2/node_modules/pmx/lib/transaction.js:62:21)
  at Module.require (module.js:497:17)
  at require (internal/module.js:20:19)
  at Object.<anonymous> (/Users/Pon/Documents/Project/financial-private-group/src/middlewares/permission.js:11:24)
  at Module._compile (module.js:570:32)
  at Object.Module._extensions..js (module.js:579:10)
  at Module.load (/Users/Pon/Documents/Project/financial-private-group/node_modules/coffee-script/lib/coffee-script/register.js:45:36)
  at tryModuleLoad (module.js:446:12)
  at Function.Module._load (module.js:438:3)
  at Function._load (/Users/Pon/Documents/Project/financial-private-group/node_modules/pm2/node_modules/pmx/lib/transaction.js:62:21)
  at Module.require (module.js:497:17)
  at require (internal/module.js:20:19)
  at App.<anonymous> (/Users/Pon/Documents/Project/financial-private-group/runner/hc-cover-runner/lib/app.coffee:236:22)
  at undefined.next (native)
  at onFulfilled (/Users/Pon/Documents/Project/financial-private-group/node_modules/co/index.js:65:19)
  at /Users/Pon/Documents/Project/financial-private-group/node_modules/co/index.js:54:5
  at App.co (/Users/Pon/Documents/Project/financial-private-group/node_modules/co/index.js:50:10)
  at App.createPromise [as _useMiddlewares] (/Users/Pon/Documents/Project/financial-private-group/node_modules/co/index.js:30:15)
  at /Users/Pon/Documents/Project/financial-private-group/runner/hc-cover-runner/lib/app.coffee:315:8
  at App.<anonymous> (/Users/Pon/Documents/Project/financial-private-group/runner/hc-cover-runner/lib/app.coffee:164:12)
  at undefined.next (native)
  at onFulfilled (/Users/Pon/Documents/Project/financial-private-group/node_modules/co/index.js:65:19)
  at /Users/Pon/Documents/Project/financial-private-group/node_modules/co/index.js:54:5
  at App.co (/Users/Pon/Documents/Project/financial-private-group/node_modules/co/index.js:50:10)
  at App.createPromise [as _init] (/Users/Pon/Documents/Project/financial-private-group/node_modules/co/index.js:30:15)
  at App.run (/Users/Pon/Documents/Project/financial-private-group/runner/hc-cover-runner/lib/app.coffee:312:6)
  at Object.start (/Users/Pon/Documents/Project/financial-private-group/lib/engine.coffee:42:13)
  at Object.<anonymous> (/Users/Pon/Documents/Project/financial-private-group/lib/worker.js:17:10)
  at Module._compile (module.js:570:32)
  at Object.Module._extensions..js (module.js:579:10)
  at Module.load (module.js:487:32)
  at tryModuleLoad (module.js:446:12)
  at Function.Module._load (module.js:438:3)
  at Function._load (/Users/Pon/Documents/Project/financial-private-group/node_modules/pm2/node_modules/pmx/lib/transaction.js:62:21)
  at /Users/Pon/Documents/Project/financial-private-group/node_modules/pm2/lib/ProcessContainer.js:260:23
  at /Users/Pon/Documents/Project/financial-private-group/node_modules/pm2/node_modules/async/lib/async.js:52:16
  at /Users/Pon/Documents/Project/financial-private-group/node_modules/pm2/node_modules/async/lib/async.js:1209:30
  at WriteStream.<anonymous> (/Users/Pon/Documents/Project/financial-private-group/node_modules/pm2/lib/Utility.js:146:13)
  at emitOne (events.js:96:13)
  at WriteStream.emit (events.js:188:7)
  at WriteStream.<anonymous> (fs.js:2114:10)
  at FSReqWrap.oncomplete (fs.js:123:15)

2017-07-31 17:23:43 [ERROR] (runner/hc-cover-runner/lib/app.coffee:304) Error: Cannot find module '../module/permission'
  at Function.Module._resolveFilename (module.js:469:15)
  at Function.Module._load (module.js:417:25)
  at Function._load (/Users/Pon/Documents/Project/financial-private-group/node_modules/pm2/node_modules/pmx/lib/transaction.js:62:21)
  at Module.require (module.js:497:17)
  at require (internal/module.js:20:19)
  at Object.<anonymous> (/Users/Pon/Documents/Project/financial-private-group/src/middlewares/permission.js:11:24)
  at Module._compile (module.js:570:32)
  at Object.Module._extensions..js (module.js:579:10)
  at Module.load (/Users/Pon/Documents/Project/financial-private-group/node_modules/coffee-script/lib/coffee-script/register.js:45:36)
  at tryModuleLoad (module.js:446:12)
  at Function.Module._load (module.js:438:3)
  at Function._load (/Users/Pon/Documents/Project/financial-private-group/node_modules/pm2/node_modules/pmx/lib/transaction.js:62:21)
  at Module.require (module.js:497:17)
  at require (internal/module.js:20:19)
  at App.<anonymous> (/Users/Pon/Documents/Project/financial-private-group/runner/hc-cover-runner/lib/app.coffee:236:22)
  at undefined.next (native)
  at onFulfilled (/Users/Pon/Documents/Project/financial-private-group/node_modules/co/index.js:65:19)
  at /Users/Pon/Documents/Project/financial-private-group/node_modules/co/index.js:54:5
  at App.co (/Users/Pon/Documents/Project/financial-private-group/node_modules/co/index.js:50:10)
  at App.createPromise [as _useMiddlewares] (/Users/Pon/Documents/Project/financial-private-group/node_modules/co/index.js:30:15)
  at /Users/Pon/Documents/Project/financial-private-group/runner/hc-cover-runner/lib/app.coffee:315:8
  at App.<anonymous> (/Users/Pon/Documents/Project/financial-private-group/runner/hc-cover-runner/lib/app.coffee:164:12)
  at undefined.next (native)
  at onFulfilled (/Users/Pon/Documents/Project/financial-private-group/node_modules/co/index.js:65:19)
  at /Users/Pon/Documents/Project/financial-private-group/node_modules/co/index.js:54:5
  at App.co (/Users/Pon/Documents/Project/financial-private-group/node_modules/co/index.js:50:10)
  at App.createPromise [as _init] (/Users/Pon/Documents/Project/financial-private-group/node_modules/co/index.js:30:15)
  at App.run (/Users/Pon/Documents/Project/financial-private-group/runner/hc-cover-runner/lib/app.coffee:312:6)
  at Object.start (/Users/Pon/Documents/Project/financial-private-group/lib/engine.coffee:42:13)
  at Object.<anonymous> (/Users/Pon/Documents/Project/financial-private-group/lib/worker.js:17:10)
  at Module._compile (module.js:570:32)
  at Object.Module._extensions..js (module.js:579:10)
  at Module.load (module.js:487:32)
  at tryModuleLoad (module.js:446:12)
  at Function.Module._load (module.js:438:3)
  at Function._load (/Users/Pon/Documents/Project/financial-private-group/node_modules/pm2/node_modules/pmx/lib/transaction.js:62:21)
  at /Users/Pon/Documents/Project/financial-private-group/node_modules/pm2/lib/ProcessContainer.js:260:23
  at /Users/Pon/Documents/Project/financial-private-group/node_modules/pm2/node_modules/async/lib/async.js:52:16
  at /Users/Pon/Documents/Project/financial-private-group/node_modules/pm2/node_modules/async/lib/async.js:1209:30
  at WriteStream.<anonymous> (/Users/Pon/Documents/Project/financial-private-group/node_modules/pm2/lib/Utility.js:146:13)
  at emitOne (events.js:96:13)
  at WriteStream.emit (events.js:188:7)
  at WriteStream.<anonymous> (fs.js:2114:10)
  at FSReqWrap.oncomplete (fs.js:123:15)

2017-07-31 17:23:43 [ERROR] (runner/hc-cover-runner/lib/app.coffee:304) Error: Cannot find module '../module/permission'
  at Function.Module._resolveFilename (module.js:469:15)
  at Function.Module._load (module.js:417:25)
  at Function._load (/Users/Pon/Documents/Project/financial-private-group/node_modules/pm2/node_modules/pmx/lib/transaction.js:62:21)
  at Module.require (module.js:497:17)
  at require (internal/module.js:20:19)
  at Object.<anonymous> (/Users/Pon/Documents/Project/financial-private-group/src/middlewares/permission.js:11:24)
  at Module._compile (module.js:570:32)
  at Object.Module._extensions..js (module.js:579:10)
  at Module.load (/Users/Pon/Documents/Project/financial-private-group/node_modules/coffee-script/lib/coffee-script/register.js:45:36)
  at tryModuleLoad (module.js:446:12)
  at Function.Module._load (module.js:438:3)
  at Function._load (/Users/Pon/Documents/Project/financial-private-group/node_modules/pm2/node_modules/pmx/lib/transaction.js:62:21)
  at Module.require (module.js:497:17)
  at require (internal/module.js:20:19)
  at App.<anonymous> (/Users/Pon/Documents/Project/financial-private-group/runner/hc-cover-runner/lib/app.coffee:236:22)
  at undefined.next (native)
  at onFulfilled (/Users/Pon/Documents/Project/financial-private-group/node_modules/co/index.js:65:19)
  at /Users/Pon/Documents/Project/financial-private-group/node_modules/co/index.js:54:5
  at App.co (/Users/Pon/Documents/Project/financial-private-group/node_modules/co/index.js:50:10)
  at App.createPromise [as _useMiddlewares] (/Users/Pon/Documents/Project/financial-private-group/node_modules/co/index.js:30:15)
  at /Users/Pon/Documents/Project/financial-private-group/runner/hc-cover-runner/lib/app.coffee:315:8
  at App.<anonymous> (/Users/Pon/Documents/Project/financial-private-group/runner/hc-cover-runner/lib/app.coffee:164:12)
  at undefined.next (native)
  at onFulfilled (/Users/Pon/Documents/Project/financial-private-group/node_modules/co/index.js:65:19)
  at /Users/Pon/Documents/Project/financial-private-group/node_modules/co/index.js:54:5
  at App.co (/Users/Pon/Documents/Project/financial-private-group/node_modules/co/index.js:50:10)
  at App.createPromise [as _init] (/Users/Pon/Documents/Project/financial-private-group/node_modules/co/index.js:30:15)
  at App.run (/Users/Pon/Documents/Project/financial-private-group/runner/hc-cover-runner/lib/app.coffee:312:6)
  at Object.start (/Users/Pon/Documents/Project/financial-private-group/lib/engine.coffee:42:13)
  at Object.<anonymous> (/Users/Pon/Documents/Project/financial-private-group/lib/worker.js:17:10)
  at Module._compile (module.js:570:32)
  at Object.Module._extensions..js (module.js:579:10)
  at Module.load (module.js:487:32)
  at tryModuleLoad (module.js:446:12)
  at Function.Module._load (module.js:438:3)
  at Function._load (/Users/Pon/Documents/Project/financial-private-group/node_modules/pm2/node_modules/pmx/lib/transaction.js:62:21)
  at /Users/Pon/Documents/Project/financial-private-group/node_modules/pm2/lib/ProcessContainer.js:260:23
  at /Users/Pon/Documents/Project/financial-private-group/node_modules/pm2/node_modules/async/lib/async.js:52:16
  at /Users/Pon/Documents/Project/financial-private-group/node_modules/pm2/node_modules/async/lib/async.js:1209:30
  at WriteStream.<anonymous> (/Users/Pon/Documents/Project/financial-private-group/node_modules/pm2/lib/Utility.js:146:13)
  at emitOne (events.js:96:13)
  at WriteStream.emit (events.js:188:7)
  at WriteStream.<anonymous> (fs.js:2114:10)
  at FSReqWrap.oncomplete (fs.js:123:15)

2017-07-31 17:23:43 [ERROR] (runner/hc-cover-runner/lib/app.coffee:304) Error: Cannot find module '../module/permission'
  at Function.Module._resolveFilename (module.js:469:15)
  at Function.Module._load (module.js:417:25)
  at Function._load (/Users/Pon/Documents/Project/financial-private-group/node_modules/pm2/node_modules/pmx/lib/transaction.js:62:21)
  at Module.require (module.js:497:17)
  at require (internal/module.js:20:19)
  at Object.<anonymous> (/Users/Pon/Documents/Project/financial-private-group/src/middlewares/permission.js:11:24)
  at Module._compile (module.js:570:32)
  at Object.Module._extensions..js (module.js:579:10)
  at Module.load (/Users/Pon/Documents/Project/financial-private-group/node_modules/coffee-script/lib/coffee-script/register.js:45:36)
  at tryModuleLoad (module.js:446:12)
  at Function.Module._load (module.js:438:3)
  at Function._load (/Users/Pon/Documents/Project/financial-private-group/node_modules/pm2/node_modules/pmx/lib/transaction.js:62:21)
  at Module.require (module.js:497:17)
  at require (internal/module.js:20:19)
  at App.<anonymous> (/Users/Pon/Documents/Project/financial-private-group/runner/hc-cover-runner/lib/app.coffee:236:22)
  at undefined.next (native)
  at onFulfilled (/Users/Pon/Documents/Project/financial-private-group/node_modules/co/index.js:65:19)
  at /Users/Pon/Documents/Project/financial-private-group/node_modules/co/index.js:54:5
  at App.co (/Users/Pon/Documents/Project/financial-private-group/node_modules/co/index.js:50:10)
  at App.createPromise [as _useMiddlewares] (/Users/Pon/Documents/Project/financial-private-group/node_modules/co/index.js:30:15)
  at /Users/Pon/Documents/Project/financial-private-group/runner/hc-cover-runner/lib/app.coffee:315:8
  at App.<anonymous> (/Users/Pon/Documents/Project/financial-private-group/runner/hc-cover-runner/lib/app.coffee:164:12)
  at undefined.next (native)
  at onFulfilled (/Users/Pon/Documents/Project/financial-private-group/node_modules/co/index.js:65:19)
  at /Users/Pon/Documents/Project/financial-private-group/node_modules/co/index.js:54:5
  at App.co (/Users/Pon/Documents/Project/financial-private-group/node_modules/co/index.js:50:10)
  at App.createPromise [as _init] (/Users/Pon/Documents/Project/financial-private-group/node_modules/co/index.js:30:15)
  at App.run (/Users/Pon/Documents/Project/financial-private-group/runner/hc-cover-runner/lib/app.coffee:312:6)
  at Object.start (/Users/Pon/Documents/Project/financial-private-group/lib/engine.coffee:42:13)
  at Object.<anonymous> (/Users/Pon/Documents/Project/financial-private-group/lib/worker.js:17:10)
  at Module._compile (module.js:570:32)
  at Object.Module._extensions..js (module.js:579:10)
  at Module.load (module.js:487:32)
  at tryModuleLoad (module.js:446:12)
  at Function.Module._load (module.js:438:3)
  at Function._load (/Users/Pon/Documents/Project/financial-private-group/node_modules/pm2/node_modules/pmx/lib/transaction.js:62:21)
  at /Users/Pon/Documents/Project/financial-private-group/node_modules/pm2/lib/ProcessContainer.js:260:23
  at /Users/Pon/Documents/Project/financial-private-group/node_modules/pm2/node_modules/async/lib/async.js:52:16
  at /Users/Pon/Documents/Project/financial-private-group/node_modules/pm2/node_modules/async/lib/async.js:1209:30
  at WriteStream.<anonymous> (/Users/Pon/Documents/Project/financial-private-group/node_modules/pm2/lib/Utility.js:146:13)
  at emitOne (events.js:96:13)
  at WriteStream.emit (events.js:188:7)
  at WriteStream.<anonymous> (fs.js:2114:10)
  at FSReqWrap.oncomplete (fs.js:123:15)

2017-07-31 17:25:04 [ERROR] (runner/hc-cover-runner/lib/app.coffee:304) /Users/Pon/Documents/Project/financial-private-group/src/modules/permission.js:12
  function *getPermissionByUserId( userId ) {
           ^
SyntaxError: Unexpected token *
  at Object.exports.runInThisContext (vm.js:76:16)
  at Module._compile (module.js:542:28)
  at Object.Module._extensions..js (module.js:579:10)
  at Module.load (/Users/Pon/Documents/Project/financial-private-group/node_modules/coffee-script/lib/coffee-script/register.js:45:36)
  at tryModuleLoad (module.js:446:12)
  at Function.Module._load (module.js:438:3)
  at Function._load (/Users/Pon/Documents/Project/financial-private-group/node_modules/pm2/node_modules/pmx/lib/transaction.js:62:21)
  at Module.require (module.js:497:17)
  at require (internal/module.js:20:19)
  at Object.<anonymous> (/Users/Pon/Documents/Project/financial-private-group/src/middlewares/permission.js:11:24)
  at Module._compile (module.js:570:32)
  at Object.Module._extensions..js (module.js:579:10)
  at Module.load (/Users/Pon/Documents/Project/financial-private-group/node_modules/coffee-script/lib/coffee-script/register.js:45:36)
  at tryModuleLoad (module.js:446:12)
  at Function.Module._load (module.js:438:3)
  at Function._load (/Users/Pon/Documents/Project/financial-private-group/node_modules/pm2/node_modules/pmx/lib/transaction.js:62:21)
  at Module.require (module.js:497:17)
  at require (internal/module.js:20:19)
  at App.<anonymous> (/Users/Pon/Documents/Project/financial-private-group/runner/hc-cover-runner/lib/app.coffee:236:22)
  at undefined.next (native)
  at onFulfilled (/Users/Pon/Documents/Project/financial-private-group/node_modules/co/index.js:65:19)
  at /Users/Pon/Documents/Project/financial-private-group/node_modules/co/index.js:54:5
  at App.co (/Users/Pon/Documents/Project/financial-private-group/node_modules/co/index.js:50:10)
  at App.createPromise [as _useMiddlewares] (/Users/Pon/Documents/Project/financial-private-group/node_modules/co/index.js:30:15)
  at /Users/Pon/Documents/Project/financial-private-group/runner/hc-cover-runner/lib/app.coffee:315:8
  at App.<anonymous> (/Users/Pon/Documents/Project/financial-private-group/runner/hc-cover-runner/lib/app.coffee:164:12)
  at undefined.next (native)
  at onFulfilled (/Users/Pon/Documents/Project/financial-private-group/node_modules/co/index.js:65:19)
  at /Users/Pon/Documents/Project/financial-private-group/node_modules/co/index.js:54:5
  at App.co (/Users/Pon/Documents/Project/financial-private-group/node_modules/co/index.js:50:10)
  at App.createPromise [as _init] (/Users/Pon/Documents/Project/financial-private-group/node_modules/co/index.js:30:15)
  at App.run (/Users/Pon/Documents/Project/financial-private-group/runner/hc-cover-runner/lib/app.coffee:312:6)
  at Object.start (/Users/Pon/Documents/Project/financial-private-group/lib/engine.coffee:42:13)
  at Object.<anonymous> (/Users/Pon/Documents/Project/financial-private-group/lib/worker.js:17:10)
  at Module._compile (module.js:570:32)
  at Object.Module._extensions..js (module.js:579:10)
  at Module.load (module.js:487:32)
  at tryModuleLoad (module.js:446:12)
  at Function.Module._load (module.js:438:3)
  at Function._load (/Users/Pon/Documents/Project/financial-private-group/node_modules/pm2/node_modules/pmx/lib/transaction.js:62:21)
  at /Users/Pon/Documents/Project/financial-private-group/node_modules/pm2/lib/ProcessContainer.js:260:23
  at /Users/Pon/Documents/Project/financial-private-group/node_modules/pm2/node_modules/async/lib/async.js:52:16
  at /Users/Pon/Documents/Project/financial-private-group/node_modules/pm2/node_modules/async/lib/async.js:1209:30
  at WriteStream.<anonymous> (/Users/Pon/Documents/Project/financial-private-group/node_modules/pm2/lib/Utility.js:146:13)
  at emitOne (events.js:96:13)
  at WriteStream.emit (events.js:188:7)
  at WriteStream.<anonymous> (fs.js:2114:10)
  at FSReqWrap.oncomplete (fs.js:123:15)

2017-07-31 17:25:04 [ERROR] (runner/hc-cover-runner/lib/app.coffee:304) /Users/Pon/Documents/Project/financial-private-group/src/modules/permission.js:12
  function *getPermissionByUserId( userId ) {
           ^
SyntaxError: Unexpected token *
  at Object.exports.runInThisContext (vm.js:76:16)
  at Module._compile (module.js:542:28)
  at Object.Module._extensions..js (module.js:579:10)
  at Module.load (/Users/Pon/Documents/Project/financial-private-group/node_modules/coffee-script/lib/coffee-script/register.js:45:36)
  at tryModuleLoad (module.js:446:12)
  at Function.Module._load (module.js:438:3)
  at Function._load (/Users/Pon/Documents/Project/financial-private-group/node_modules/pm2/node_modules/pmx/lib/transaction.js:62:21)
  at Module.require (module.js:497:17)
  at require (internal/module.js:20:19)
  at Object.<anonymous> (/Users/Pon/Documents/Project/financial-private-group/src/middlewares/permission.js:11:24)
  at Module._compile (module.js:570:32)
  at Object.Module._extensions..js (module.js:579:10)
  at Module.load (/Users/Pon/Documents/Project/financial-private-group/node_modules/coffee-script/lib/coffee-script/register.js:45:36)
  at tryModuleLoad (module.js:446:12)
  at Function.Module._load (module.js:438:3)
  at Function._load (/Users/Pon/Documents/Project/financial-private-group/node_modules/pm2/node_modules/pmx/lib/transaction.js:62:21)
  at Module.require (module.js:497:17)
  at require (internal/module.js:20:19)
  at App.<anonymous> (/Users/Pon/Documents/Project/financial-private-group/runner/hc-cover-runner/lib/app.coffee:236:22)
  at undefined.next (native)
  at onFulfilled (/Users/Pon/Documents/Project/financial-private-group/node_modules/co/index.js:65:19)
  at /Users/Pon/Documents/Project/financial-private-group/node_modules/co/index.js:54:5
  at App.co (/Users/Pon/Documents/Project/financial-private-group/node_modules/co/index.js:50:10)
  at App.createPromise [as _useMiddlewares] (/Users/Pon/Documents/Project/financial-private-group/node_modules/co/index.js:30:15)
  at /Users/Pon/Documents/Project/financial-private-group/runner/hc-cover-runner/lib/app.coffee:315:8
  at App.<anonymous> (/Users/Pon/Documents/Project/financial-private-group/runner/hc-cover-runner/lib/app.coffee:164:12)
  at undefined.next (native)
  at onFulfilled (/Users/Pon/Documents/Project/financial-private-group/node_modules/co/index.js:65:19)
  at /Users/Pon/Documents/Project/financial-private-group/node_modules/co/index.js:54:5
  at App.co (/Users/Pon/Documents/Project/financial-private-group/node_modules/co/index.js:50:10)
  at App.createPromise [as _init] (/Users/Pon/Documents/Project/financial-private-group/node_modules/co/index.js:30:15)
  at App.run (/Users/Pon/Documents/Project/financial-private-group/runner/hc-cover-runner/lib/app.coffee:312:6)
  at Object.start (/Users/Pon/Documents/Project/financial-private-group/lib/engine.coffee:42:13)
  at Object.<anonymous> (/Users/Pon/Documents/Project/financial-private-group/lib/worker.js:17:10)
  at Module._compile (module.js:570:32)
  at Object.Module._extensions..js (module.js:579:10)
  at Module.load (module.js:487:32)
  at tryModuleLoad (module.js:446:12)
  at Function.Module._load (module.js:438:3)
  at Function._load (/Users/Pon/Documents/Project/financial-private-group/node_modules/pm2/node_modules/pmx/lib/transaction.js:62:21)
  at /Users/Pon/Documents/Project/financial-private-group/node_modules/pm2/lib/ProcessContainer.js:260:23
  at /Users/Pon/Documents/Project/financial-private-group/node_modules/pm2/node_modules/async/lib/async.js:52:16
  at /Users/Pon/Documents/Project/financial-private-group/node_modules/pm2/node_modules/async/lib/async.js:1209:30
  at WriteStream.<anonymous> (/Users/Pon/Documents/Project/financial-private-group/node_modules/pm2/lib/Utility.js:146:13)
  at emitOne (events.js:96:13)
  at WriteStream.emit (events.js:188:7)
  at WriteStream.<anonymous> (fs.js:2114:10)
  at FSReqWrap.oncomplete (fs.js:123:15)

2017-07-31 17:25:04 [ERROR] (runner/hc-cover-runner/lib/app.coffee:304) /Users/Pon/Documents/Project/financial-private-group/src/modules/permission.js:12
  function *getPermissionByUserId( userId ) {
           ^
SyntaxError: Unexpected token *
  at Object.exports.runInThisContext (vm.js:76:16)
  at Module._compile (module.js:542:28)
  at Object.Module._extensions..js (module.js:579:10)
  at Module.load (/Users/Pon/Documents/Project/financial-private-group/node_modules/coffee-script/lib/coffee-script/register.js:45:36)
  at tryModuleLoad (module.js:446:12)
  at Function.Module._load (module.js:438:3)
  at Function._load (/Users/Pon/Documents/Project/financial-private-group/node_modules/pm2/node_modules/pmx/lib/transaction.js:62:21)
  at Module.require (module.js:497:17)
  at require (internal/module.js:20:19)
  at Object.<anonymous> (/Users/Pon/Documents/Project/financial-private-group/src/middlewares/permission.js:11:24)
  at Module._compile (module.js:570:32)
  at Object.Module._extensions..js (module.js:579:10)
  at Module.load (/Users/Pon/Documents/Project/financial-private-group/node_modules/coffee-script/lib/coffee-script/register.js:45:36)
  at tryModuleLoad (module.js:446:12)
  at Function.Module._load (module.js:438:3)
  at Function._load (/Users/Pon/Documents/Project/financial-private-group/node_modules/pm2/node_modules/pmx/lib/transaction.js:62:21)
  at Module.require (module.js:497:17)
  at require (internal/module.js:20:19)
  at App.<anonymous> (/Users/Pon/Documents/Project/financial-private-group/runner/hc-cover-runner/lib/app.coffee:236:22)
  at undefined.next (native)
  at onFulfilled (/Users/Pon/Documents/Project/financial-private-group/node_modules/co/index.js:65:19)
  at /Users/Pon/Documents/Project/financial-private-group/node_modules/co/index.js:54:5
  at App.co (/Users/Pon/Documents/Project/financial-private-group/node_modules/co/index.js:50:10)
  at App.createPromise [as _useMiddlewares] (/Users/Pon/Documents/Project/financial-private-group/node_modules/co/index.js:30:15)
  at /Users/Pon/Documents/Project/financial-private-group/runner/hc-cover-runner/lib/app.coffee:315:8
  at App.<anonymous> (/Users/Pon/Documents/Project/financial-private-group/runner/hc-cover-runner/lib/app.coffee:164:12)
  at undefined.next (native)
  at onFulfilled (/Users/Pon/Documents/Project/financial-private-group/node_modules/co/index.js:65:19)
  at /Users/Pon/Documents/Project/financial-private-group/node_modules/co/index.js:54:5
  at App.co (/Users/Pon/Documents/Project/financial-private-group/node_modules/co/index.js:50:10)
  at App.createPromise [as _init] (/Users/Pon/Documents/Project/financial-private-group/node_modules/co/index.js:30:15)
  at App.run (/Users/Pon/Documents/Project/financial-private-group/runner/hc-cover-runner/lib/app.coffee:312:6)
  at Object.start (/Users/Pon/Documents/Project/financial-private-group/lib/engine.coffee:42:13)
  at Object.<anonymous> (/Users/Pon/Documents/Project/financial-private-group/lib/worker.js:17:10)
  at Module._compile (module.js:570:32)
  at Object.Module._extensions..js (module.js:579:10)
  at Module.load (module.js:487:32)
  at tryModuleLoad (module.js:446:12)
  at Function.Module._load (module.js:438:3)
  at Function._load (/Users/Pon/Documents/Project/financial-private-group/node_modules/pm2/node_modules/pmx/lib/transaction.js:62:21)
  at /Users/Pon/Documents/Project/financial-private-group/node_modules/pm2/lib/ProcessContainer.js:260:23
  at /Users/Pon/Documents/Project/financial-private-group/node_modules/pm2/node_modules/async/lib/async.js:52:16
  at /Users/Pon/Documents/Project/financial-private-group/node_modules/pm2/node_modules/async/lib/async.js:1209:30
  at WriteStream.<anonymous> (/Users/Pon/Documents/Project/financial-private-group/node_modules/pm2/lib/Utility.js:146:13)
  at emitOne (events.js:96:13)
  at WriteStream.emit (events.js:188:7)
  at WriteStream.<anonymous> (fs.js:2114:10)
  at FSReqWrap.oncomplete (fs.js:123:15)

2017-07-31 17:25:04 [ERROR] (runner/hc-cover-runner/lib/app.coffee:304) /Users/Pon/Documents/Project/financial-private-group/src/modules/permission.js:12
  function *getPermissionByUserId( userId ) {
           ^
SyntaxError: Unexpected token *
  at Object.exports.runInThisContext (vm.js:76:16)
  at Module._compile (module.js:542:28)
  at Object.Module._extensions..js (module.js:579:10)
  at Module.load (/Users/Pon/Documents/Project/financial-private-group/node_modules/coffee-script/lib/coffee-script/register.js:45:36)
  at tryModuleLoad (module.js:446:12)
  at Function.Module._load (module.js:438:3)
  at Function._load (/Users/Pon/Documents/Project/financial-private-group/node_modules/pm2/node_modules/pmx/lib/transaction.js:62:21)
  at Module.require (module.js:497:17)
  at require (internal/module.js:20:19)
  at Object.<anonymous> (/Users/Pon/Documents/Project/financial-private-group/src/middlewares/permission.js:11:24)
  at Module._compile (module.js:570:32)
  at Object.Module._extensions..js (module.js:579:10)
  at Module.load (/Users/Pon/Documents/Project/financial-private-group/node_modules/coffee-script/lib/coffee-script/register.js:45:36)
  at tryModuleLoad (module.js:446:12)
  at Function.Module._load (module.js:438:3)
  at Function._load (/Users/Pon/Documents/Project/financial-private-group/node_modules/pm2/node_modules/pmx/lib/transaction.js:62:21)
  at Module.require (module.js:497:17)
  at require (internal/module.js:20:19)
  at App.<anonymous> (/Users/Pon/Documents/Project/financial-private-group/runner/hc-cover-runner/lib/app.coffee:236:22)
  at undefined.next (native)
  at onFulfilled (/Users/Pon/Documents/Project/financial-private-group/node_modules/co/index.js:65:19)
  at /Users/Pon/Documents/Project/financial-private-group/node_modules/co/index.js:54:5
  at App.co (/Users/Pon/Documents/Project/financial-private-group/node_modules/co/index.js:50:10)
  at App.createPromise [as _useMiddlewares] (/Users/Pon/Documents/Project/financial-private-group/node_modules/co/index.js:30:15)
  at /Users/Pon/Documents/Project/financial-private-group/runner/hc-cover-runner/lib/app.coffee:315:8
  at App.<anonymous> (/Users/Pon/Documents/Project/financial-private-group/runner/hc-cover-runner/lib/app.coffee:164:12)
  at undefined.next (native)
  at onFulfilled (/Users/Pon/Documents/Project/financial-private-group/node_modules/co/index.js:65:19)
  at /Users/Pon/Documents/Project/financial-private-group/node_modules/co/index.js:54:5
  at App.co (/Users/Pon/Documents/Project/financial-private-group/node_modules/co/index.js:50:10)
  at App.createPromise [as _init] (/Users/Pon/Documents/Project/financial-private-group/node_modules/co/index.js:30:15)
  at App.run (/Users/Pon/Documents/Project/financial-private-group/runner/hc-cover-runner/lib/app.coffee:312:6)
  at Object.start (/Users/Pon/Documents/Project/financial-private-group/lib/engine.coffee:42:13)
  at Object.<anonymous> (/Users/Pon/Documents/Project/financial-private-group/lib/worker.js:17:10)
  at Module._compile (module.js:570:32)
  at Object.Module._extensions..js (module.js:579:10)
  at Module.load (module.js:487:32)
  at tryModuleLoad (module.js:446:12)
  at Function.Module._load (module.js:438:3)
  at Function._load (/Users/Pon/Documents/Project/financial-private-group/node_modules/pm2/node_modules/pmx/lib/transaction.js:62:21)
  at /Users/Pon/Documents/Project/financial-private-group/node_modules/pm2/lib/ProcessContainer.js:260:23
  at /Users/Pon/Documents/Project/financial-private-group/node_modules/pm2/node_modules/async/lib/async.js:52:16
  at /Users/Pon/Documents/Project/financial-private-group/node_modules/pm2/node_modules/async/lib/async.js:1209:30
  at WriteStream.<anonymous> (/Users/Pon/Documents/Project/financial-private-group/node_modules/pm2/lib/Utility.js:146:13)
  at emitOne (events.js:96:13)
  at WriteStream.emit (events.js:188:7)
  at WriteStream.<anonymous> (fs.js:2114:10)
  at FSReqWrap.oncomplete (fs.js:123:15)

2017-07-31 17:25:04 [ERROR] (runner/hc-cover-runner/lib/app.coffee:304) /Users/Pon/Documents/Project/financial-private-group/src/modules/permission.js:12
  function *getPermissionByUserId( userId ) {
           ^
SyntaxError: Unexpected token *
  at Object.exports.runInThisContext (vm.js:76:16)
  at Module._compile (module.js:542:28)
  at Object.Module._extensions..js (module.js:579:10)
  at Module.load (/Users/Pon/Documents/Project/financial-private-group/node_modules/coffee-script/lib/coffee-script/register.js:45:36)
  at tryModuleLoad (module.js:446:12)
  at Function.Module._load (module.js:438:3)
  at Function._load (/Users/Pon/Documents/Project/financial-private-group/node_modules/pm2/node_modules/pmx/lib/transaction.js:62:21)
  at Module.require (module.js:497:17)
  at require (internal/module.js:20:19)
  at Object.<anonymous> (/Users/Pon/Documents/Project/financial-private-group/src/middlewares/permission.js:11:24)
  at Module._compile (module.js:570:32)
  at Object.Module._extensions..js (module.js:579:10)
  at Module.load (/Users/Pon/Documents/Project/financial-private-group/node_modules/coffee-script/lib/coffee-script/register.js:45:36)
  at tryModuleLoad (module.js:446:12)
  at Function.Module._load (module.js:438:3)
  at Function._load (/Users/Pon/Documents/Project/financial-private-group/node_modules/pm2/node_modules/pmx/lib/transaction.js:62:21)
  at Module.require (module.js:497:17)
  at require (internal/module.js:20:19)
  at App.<anonymous> (/Users/Pon/Documents/Project/financial-private-group/runner/hc-cover-runner/lib/app.coffee:236:22)
  at undefined.next (native)
  at onFulfilled (/Users/Pon/Documents/Project/financial-private-group/node_modules/co/index.js:65:19)
  at /Users/Pon/Documents/Project/financial-private-group/node_modules/co/index.js:54:5
  at App.co (/Users/Pon/Documents/Project/financial-private-group/node_modules/co/index.js:50:10)
  at App.createPromise [as _useMiddlewares] (/Users/Pon/Documents/Project/financial-private-group/node_modules/co/index.js:30:15)
  at /Users/Pon/Documents/Project/financial-private-group/runner/hc-cover-runner/lib/app.coffee:315:8
  at App.<anonymous> (/Users/Pon/Documents/Project/financial-private-group/runner/hc-cover-runner/lib/app.coffee:164:12)
  at undefined.next (native)
  at onFulfilled (/Users/Pon/Documents/Project/financial-private-group/node_modules/co/index.js:65:19)
  at /Users/Pon/Documents/Project/financial-private-group/node_modules/co/index.js:54:5
  at App.co (/Users/Pon/Documents/Project/financial-private-group/node_modules/co/index.js:50:10)
  at App.createPromise [as _init] (/Users/Pon/Documents/Project/financial-private-group/node_modules/co/index.js:30:15)
  at App.run (/Users/Pon/Documents/Project/financial-private-group/runner/hc-cover-runner/lib/app.coffee:312:6)
  at Object.start (/Users/Pon/Documents/Project/financial-private-group/lib/engine.coffee:42:13)
  at Object.<anonymous> (/Users/Pon/Documents/Project/financial-private-group/lib/worker.js:17:10)
  at Module._compile (module.js:570:32)
  at Object.Module._extensions..js (module.js:579:10)
  at Module.load (module.js:487:32)
  at tryModuleLoad (module.js:446:12)
  at Function.Module._load (module.js:438:3)
  at Function._load (/Users/Pon/Documents/Project/financial-private-group/node_modules/pm2/node_modules/pmx/lib/transaction.js:62:21)
  at /Users/Pon/Documents/Project/financial-private-group/node_modules/pm2/lib/ProcessContainer.js:260:23
  at /Users/Pon/Documents/Project/financial-private-group/node_modules/pm2/node_modules/async/lib/async.js:52:16
  at /Users/Pon/Documents/Project/financial-private-group/node_modules/pm2/node_modules/async/lib/async.js:1209:30
  at WriteStream.<anonymous> (/Users/Pon/Documents/Project/financial-private-group/node_modules/pm2/lib/Utility.js:146:13)
  at emitOne (events.js:96:13)
  at WriteStream.emit (events.js:188:7)
  at WriteStream.<anonymous> (fs.js:2114:10)
  at FSReqWrap.oncomplete (fs.js:123:15)

2017-07-31 17:25:05 [ERROR] (runner/hc-cover-runner/lib/app.coffee:304) /Users/Pon/Documents/Project/financial-private-group/src/modules/permission.js:12
  function *getPermissionByUserId( userId ) {
           ^
SyntaxError: Unexpected token *
  at Object.exports.runInThisContext (vm.js:76:16)
  at Module._compile (module.js:542:28)
  at Object.Module._extensions..js (module.js:579:10)
  at Module.load (/Users/Pon/Documents/Project/financial-private-group/node_modules/coffee-script/lib/coffee-script/register.js:45:36)
  at tryModuleLoad (module.js:446:12)
  at Function.Module._load (module.js:438:3)
  at Function._load (/Users/Pon/Documents/Project/financial-private-group/node_modules/pm2/node_modules/pmx/lib/transaction.js:62:21)
  at Module.require (module.js:497:17)
  at require (internal/module.js:20:19)
  at Object.<anonymous> (/Users/Pon/Documents/Project/financial-private-group/src/middlewares/permission.js:11:24)
  at Module._compile (module.js:570:32)
  at Object.Module._extensions..js (module.js:579:10)
  at Module.load (/Users/Pon/Documents/Project/financial-private-group/node_modules/coffee-script/lib/coffee-script/register.js:45:36)
  at tryModuleLoad (module.js:446:12)
  at Function.Module._load (module.js:438:3)
  at Function._load (/Users/Pon/Documents/Project/financial-private-group/node_modules/pm2/node_modules/pmx/lib/transaction.js:62:21)
  at Module.require (module.js:497:17)
  at require (internal/module.js:20:19)
  at App.<anonymous> (/Users/Pon/Documents/Project/financial-private-group/runner/hc-cover-runner/lib/app.coffee:236:22)
  at undefined.next (native)
  at onFulfilled (/Users/Pon/Documents/Project/financial-private-group/node_modules/co/index.js:65:19)
  at /Users/Pon/Documents/Project/financial-private-group/node_modules/co/index.js:54:5
  at App.co (/Users/Pon/Documents/Project/financial-private-group/node_modules/co/index.js:50:10)
  at App.createPromise [as _useMiddlewares] (/Users/Pon/Documents/Project/financial-private-group/node_modules/co/index.js:30:15)
  at /Users/Pon/Documents/Project/financial-private-group/runner/hc-cover-runner/lib/app.coffee:315:8
  at App.<anonymous> (/Users/Pon/Documents/Project/financial-private-group/runner/hc-cover-runner/lib/app.coffee:164:12)
  at undefined.next (native)
  at onFulfilled (/Users/Pon/Documents/Project/financial-private-group/node_modules/co/index.js:65:19)
  at /Users/Pon/Documents/Project/financial-private-group/node_modules/co/index.js:54:5
  at App.co (/Users/Pon/Documents/Project/financial-private-group/node_modules/co/index.js:50:10)
  at App.createPromise [as _init] (/Users/Pon/Documents/Project/financial-private-group/node_modules/co/index.js:30:15)
  at App.run (/Users/Pon/Documents/Project/financial-private-group/runner/hc-cover-runner/lib/app.coffee:312:6)
  at Object.start (/Users/Pon/Documents/Project/financial-private-group/lib/engine.coffee:42:13)
  at Object.<anonymous> (/Users/Pon/Documents/Project/financial-private-group/lib/worker.js:17:10)
  at Module._compile (module.js:570:32)
  at Object.Module._extensions..js (module.js:579:10)
  at Module.load (module.js:487:32)
  at tryModuleLoad (module.js:446:12)
  at Function.Module._load (module.js:438:3)
  at Function._load (/Users/Pon/Documents/Project/financial-private-group/node_modules/pm2/node_modules/pmx/lib/transaction.js:62:21)
  at /Users/Pon/Documents/Project/financial-private-group/node_modules/pm2/lib/ProcessContainer.js:260:23
  at /Users/Pon/Documents/Project/financial-private-group/node_modules/pm2/node_modules/async/lib/async.js:52:16
  at /Users/Pon/Documents/Project/financial-private-group/node_modules/pm2/node_modules/async/lib/async.js:1209:30
  at WriteStream.<anonymous> (/Users/Pon/Documents/Project/financial-private-group/node_modules/pm2/lib/Utility.js:146:13)
  at emitOne (events.js:96:13)
  at WriteStream.emit (events.js:188:7)
  at WriteStream.<anonymous> (fs.js:2114:10)
  at FSReqWrap.oncomplete (fs.js:123:15)

2017-07-31 17:25:05 [ERROR] (runner/hc-cover-runner/lib/app.coffee:304) /Users/Pon/Documents/Project/financial-private-group/src/modules/permission.js:12
  function *getPermissionByUserId( userId ) {
           ^
SyntaxError: Unexpected token *
  at Object.exports.runInThisContext (vm.js:76:16)
  at Module._compile (module.js:542:28)
  at Object.Module._extensions..js (module.js:579:10)
  at Module.load (/Users/Pon/Documents/Project/financial-private-group/node_modules/coffee-script/lib/coffee-script/register.js:45:36)
  at tryModuleLoad (module.js:446:12)
  at Function.Module._load (module.js:438:3)
  at Function._load (/Users/Pon/Documents/Project/financial-private-group/node_modules/pm2/node_modules/pmx/lib/transaction.js:62:21)
  at Module.require (module.js:497:17)
  at require (internal/module.js:20:19)
  at Object.<anonymous> (/Users/Pon/Documents/Project/financial-private-group/src/middlewares/permission.js:11:24)
  at Module._compile (module.js:570:32)
  at Object.Module._extensions..js (module.js:579:10)
  at Module.load (/Users/Pon/Documents/Project/financial-private-group/node_modules/coffee-script/lib/coffee-script/register.js:45:36)
  at tryModuleLoad (module.js:446:12)
  at Function.Module._load (module.js:438:3)
  at Function._load (/Users/Pon/Documents/Project/financial-private-group/node_modules/pm2/node_modules/pmx/lib/transaction.js:62:21)
  at Module.require (module.js:497:17)
  at require (internal/module.js:20:19)
  at App.<anonymous> (/Users/Pon/Documents/Project/financial-private-group/runner/hc-cover-runner/lib/app.coffee:236:22)
  at undefined.next (native)
  at onFulfilled (/Users/Pon/Documents/Project/financial-private-group/node_modules/co/index.js:65:19)
  at /Users/Pon/Documents/Project/financial-private-group/node_modules/co/index.js:54:5
  at App.co (/Users/Pon/Documents/Project/financial-private-group/node_modules/co/index.js:50:10)
  at App.createPromise [as _useMiddlewares] (/Users/Pon/Documents/Project/financial-private-group/node_modules/co/index.js:30:15)
  at /Users/Pon/Documents/Project/financial-private-group/runner/hc-cover-runner/lib/app.coffee:315:8
  at App.<anonymous> (/Users/Pon/Documents/Project/financial-private-group/runner/hc-cover-runner/lib/app.coffee:164:12)
  at undefined.next (native)
  at onFulfilled (/Users/Pon/Documents/Project/financial-private-group/node_modules/co/index.js:65:19)
  at /Users/Pon/Documents/Project/financial-private-group/node_modules/co/index.js:54:5
  at App.co (/Users/Pon/Documents/Project/financial-private-group/node_modules/co/index.js:50:10)
  at App.createPromise [as _init] (/Users/Pon/Documents/Project/financial-private-group/node_modules/co/index.js:30:15)
  at App.run (/Users/Pon/Documents/Project/financial-private-group/runner/hc-cover-runner/lib/app.coffee:312:6)
  at Object.start (/Users/Pon/Documents/Project/financial-private-group/lib/engine.coffee:42:13)
  at Object.<anonymous> (/Users/Pon/Documents/Project/financial-private-group/lib/worker.js:17:10)
  at Module._compile (module.js:570:32)
  at Object.Module._extensions..js (module.js:579:10)
  at Module.load (module.js:487:32)
  at tryModuleLoad (module.js:446:12)
  at Function.Module._load (module.js:438:3)
  at Function._load (/Users/Pon/Documents/Project/financial-private-group/node_modules/pm2/node_modules/pmx/lib/transaction.js:62:21)
  at /Users/Pon/Documents/Project/financial-private-group/node_modules/pm2/lib/ProcessContainer.js:260:23
  at /Users/Pon/Documents/Project/financial-private-group/node_modules/pm2/node_modules/async/lib/async.js:52:16
  at /Users/Pon/Documents/Project/financial-private-group/node_modules/pm2/node_modules/async/lib/async.js:1209:30
  at WriteStream.<anonymous> (/Users/Pon/Documents/Project/financial-private-group/node_modules/pm2/lib/Utility.js:146:13)
  at emitOne (events.js:96:13)
  at WriteStream.emit (events.js:188:7)
  at WriteStream.<anonymous> (fs.js:2114:10)
  at FSReqWrap.oncomplete (fs.js:123:15)

2017-07-31 17:25:05 [ERROR] (runner/hc-cover-runner/lib/app.coffee:304) /Users/Pon/Documents/Project/financial-private-group/src/modules/permission.js:12
  function *getPermissionByUserId( userId ) {
           ^
SyntaxError: Unexpected token *
  at Object.exports.runInThisContext (vm.js:76:16)
  at Module._compile (module.js:542:28)
  at Object.Module._extensions..js (module.js:579:10)
  at Module.load (/Users/Pon/Documents/Project/financial-private-group/node_modules/coffee-script/lib/coffee-script/register.js:45:36)
  at tryModuleLoad (module.js:446:12)
  at Function.Module._load (module.js:438:3)
  at Function._load (/Users/Pon/Documents/Project/financial-private-group/node_modules/pm2/node_modules/pmx/lib/transaction.js:62:21)
  at Module.require (module.js:497:17)
  at require (internal/module.js:20:19)
  at Object.<anonymous> (/Users/Pon/Documents/Project/financial-private-group/src/middlewares/permission.js:11:24)
  at Module._compile (module.js:570:32)
  at Object.Module._extensions..js (module.js:579:10)
  at Module.load (/Users/Pon/Documents/Project/financial-private-group/node_modules/coffee-script/lib/coffee-script/register.js:45:36)
  at tryModuleLoad (module.js:446:12)
  at Function.Module._load (module.js:438:3)
  at Function._load (/Users/Pon/Documents/Project/financial-private-group/node_modules/pm2/node_modules/pmx/lib/transaction.js:62:21)
  at Module.require (module.js:497:17)
  at require (internal/module.js:20:19)
  at App.<anonymous> (/Users/Pon/Documents/Project/financial-private-group/runner/hc-cover-runner/lib/app.coffee:236:22)
  at undefined.next (native)
  at onFulfilled (/Users/Pon/Documents/Project/financial-private-group/node_modules/co/index.js:65:19)
  at /Users/Pon/Documents/Project/financial-private-group/node_modules/co/index.js:54:5
  at App.co (/Users/Pon/Documents/Project/financial-private-group/node_modules/co/index.js:50:10)
  at App.createPromise [as _useMiddlewares] (/Users/Pon/Documents/Project/financial-private-group/node_modules/co/index.js:30:15)
  at /Users/Pon/Documents/Project/financial-private-group/runner/hc-cover-runner/lib/app.coffee:315:8
  at App.<anonymous> (/Users/Pon/Documents/Project/financial-private-group/runner/hc-cover-runner/lib/app.coffee:164:12)
  at undefined.next (native)
  at onFulfilled (/Users/Pon/Documents/Project/financial-private-group/node_modules/co/index.js:65:19)
  at /Users/Pon/Documents/Project/financial-private-group/node_modules/co/index.js:54:5
  at App.co (/Users/Pon/Documents/Project/financial-private-group/node_modules/co/index.js:50:10)
  at App.createPromise [as _init] (/Users/Pon/Documents/Project/financial-private-group/node_modules/co/index.js:30:15)
  at App.run (/Users/Pon/Documents/Project/financial-private-group/runner/hc-cover-runner/lib/app.coffee:312:6)
  at Object.start (/Users/Pon/Documents/Project/financial-private-group/lib/engine.coffee:42:13)
  at Object.<anonymous> (/Users/Pon/Documents/Project/financial-private-group/lib/worker.js:17:10)
  at Module._compile (module.js:570:32)
  at Object.Module._extensions..js (module.js:579:10)
  at Module.load (module.js:487:32)
  at tryModuleLoad (module.js:446:12)
  at Function.Module._load (module.js:438:3)
  at Function._load (/Users/Pon/Documents/Project/financial-private-group/node_modules/pm2/node_modules/pmx/lib/transaction.js:62:21)
  at /Users/Pon/Documents/Project/financial-private-group/node_modules/pm2/lib/ProcessContainer.js:260:23
  at /Users/Pon/Documents/Project/financial-private-group/node_modules/pm2/node_modules/async/lib/async.js:52:16
  at /Users/Pon/Documents/Project/financial-private-group/node_modules/pm2/node_modules/async/lib/async.js:1209:30
  at WriteStream.<anonymous> (/Users/Pon/Documents/Project/financial-private-group/node_modules/pm2/lib/Utility.js:146:13)
  at emitOne (events.js:96:13)
  at WriteStream.emit (events.js:188:7)
  at WriteStream.<anonymous> (fs.js:2114:10)
  at FSReqWrap.oncomplete (fs.js:123:15)

2017-07-31 17:41:17 [ERROR] (runner/hc-cover-runner/lib/app.coffee:304) Error: load:"/group" router:"getGroups" middleware error: user[func] is not a function
  at App._routerMiddleware (/Users/Pon/Documents/Project/financial-private-group/runner/hc-cover-runner/lib/app.coffee:290:25)
  at App.<anonymous> (/Users/Pon/Documents/Project/financial-private-group/runner/hc-cover-runner/lib/app.coffee:273:10)
  at undefined.next (native)
  at onFulfilled (/Users/Pon/Documents/Project/financial-private-group/node_modules/co/index.js:65:19)
  at /Users/Pon/Documents/Project/financial-private-group/node_modules/co/index.js:54:5
  at App.co (/Users/Pon/Documents/Project/financial-private-group/node_modules/co/index.js:50:10)
  at App.createPromise [as _useMiddlewares] (/Users/Pon/Documents/Project/financial-private-group/node_modules/co/index.js:30:15)
  at /Users/Pon/Documents/Project/financial-private-group/runner/hc-cover-runner/lib/app.coffee:315:8
  at App.<anonymous> (/Users/Pon/Documents/Project/financial-private-group/runner/hc-cover-runner/lib/app.coffee:164:12)
  at undefined.next (native)
  at onFulfilled (/Users/Pon/Documents/Project/financial-private-group/node_modules/co/index.js:65:19)
  at /Users/Pon/Documents/Project/financial-private-group/node_modules/co/index.js:54:5
  at App.co (/Users/Pon/Documents/Project/financial-private-group/node_modules/co/index.js:50:10)
  at App.createPromise [as _init] (/Users/Pon/Documents/Project/financial-private-group/node_modules/co/index.js:30:15)
  at App.run (/Users/Pon/Documents/Project/financial-private-group/runner/hc-cover-runner/lib/app.coffee:312:6)
  at Object.start (/Users/Pon/Documents/Project/financial-private-group/lib/engine.coffee:42:13)
  at Object.<anonymous> (/Users/Pon/Documents/Project/financial-private-group/lib/worker.js:17:10)
  at Module._compile (module.js:570:32)
  at Object.Module._extensions..js (module.js:579:10)
  at Module.load (module.js:487:32)
  at tryModuleLoad (module.js:446:12)
  at Function.Module._load (module.js:438:3)
  at Function._load (/Users/Pon/Documents/Project/financial-private-group/node_modules/pm2/node_modules/pmx/lib/transaction.js:62:21)
  at /Users/Pon/Documents/Project/financial-private-group/node_modules/pm2/lib/ProcessContainer.js:260:23
  at /Users/Pon/Documents/Project/financial-private-group/node_modules/pm2/node_modules/async/lib/async.js:52:16
  at /Users/Pon/Documents/Project/financial-private-group/node_modules/pm2/node_modules/async/lib/async.js:1209:30
  at WriteStream.<anonymous> (/Users/Pon/Documents/Project/financial-private-group/node_modules/pm2/lib/Utility.js:146:13)
  at emitOne (events.js:96:13)
  at WriteStream.emit (events.js:188:7)
  at WriteStream.<anonymous> (fs.js:2114:10)
  at FSReqWrap.oncomplete (fs.js:123:15)

2017-07-31 17:41:17 [ERROR] (runner/hc-cover-runner/lib/app.coffee:304) Error: load:"/group" router:"createGroup" middleware error: user[func] is not a function
  at App._routerMiddleware (/Users/Pon/Documents/Project/financial-private-group/runner/hc-cover-runner/lib/app.coffee:290:25)
  at App.<anonymous> (/Users/Pon/Documents/Project/financial-private-group/runner/hc-cover-runner/lib/app.coffee:273:10)
  at undefined.next (native)
  at onFulfilled (/Users/Pon/Documents/Project/financial-private-group/node_modules/co/index.js:65:19)
  at /Users/Pon/Documents/Project/financial-private-group/node_modules/co/index.js:54:5
  at App.co (/Users/Pon/Documents/Project/financial-private-group/node_modules/co/index.js:50:10)
  at App.createPromise [as _useMiddlewares] (/Users/Pon/Documents/Project/financial-private-group/node_modules/co/index.js:30:15)
  at /Users/Pon/Documents/Project/financial-private-group/runner/hc-cover-runner/lib/app.coffee:315:8
  at App.<anonymous> (/Users/Pon/Documents/Project/financial-private-group/runner/hc-cover-runner/lib/app.coffee:164:12)
  at undefined.next (native)
  at onFulfilled (/Users/Pon/Documents/Project/financial-private-group/node_modules/co/index.js:65:19)
  at /Users/Pon/Documents/Project/financial-private-group/node_modules/co/index.js:54:5
  at App.co (/Users/Pon/Documents/Project/financial-private-group/node_modules/co/index.js:50:10)
  at App.createPromise [as _init] (/Users/Pon/Documents/Project/financial-private-group/node_modules/co/index.js:30:15)
  at App.run (/Users/Pon/Documents/Project/financial-private-group/runner/hc-cover-runner/lib/app.coffee:312:6)
  at Object.start (/Users/Pon/Documents/Project/financial-private-group/lib/engine.coffee:42:13)
  at Object.<anonymous> (/Users/Pon/Documents/Project/financial-private-group/lib/worker.js:17:10)
  at Module._compile (module.js:570:32)
  at Object.Module._extensions..js (module.js:579:10)
  at Module.load (module.js:487:32)
  at tryModuleLoad (module.js:446:12)
  at Function.Module._load (module.js:438:3)
  at Function._load (/Users/Pon/Documents/Project/financial-private-group/node_modules/pm2/node_modules/pmx/lib/transaction.js:62:21)
  at /Users/Pon/Documents/Project/financial-private-group/node_modules/pm2/lib/ProcessContainer.js:260:23
  at /Users/Pon/Documents/Project/financial-private-group/node_modules/pm2/node_modules/async/lib/async.js:52:16
  at /Users/Pon/Documents/Project/financial-private-group/node_modules/pm2/node_modules/async/lib/async.js:1209:30
  at WriteStream.<anonymous> (/Users/Pon/Documents/Project/financial-private-group/node_modules/pm2/lib/Utility.js:146:13)
  at emitOne (events.js:96:13)
  at WriteStream.emit (events.js:188:7)
  at WriteStream.<anonymous> (fs.js:2114:10)
  at FSReqWrap.oncomplete (fs.js:123:15)

2017-07-31 17:41:17 [ERROR] (runner/hc-cover-runner/lib/app.coffee:304) Error: load:"/group" router:"getGroups" middleware error: user[func] is not a function
  at App._routerMiddleware (/Users/Pon/Documents/Project/financial-private-group/runner/hc-cover-runner/lib/app.coffee:290:25)
  at App.<anonymous> (/Users/Pon/Documents/Project/financial-private-group/runner/hc-cover-runner/lib/app.coffee:273:10)
  at undefined.next (native)
  at onFulfilled (/Users/Pon/Documents/Project/financial-private-group/node_modules/co/index.js:65:19)
  at /Users/Pon/Documents/Project/financial-private-group/node_modules/co/index.js:54:5
  at App.co (/Users/Pon/Documents/Project/financial-private-group/node_modules/co/index.js:50:10)
  at App.createPromise [as _useMiddlewares] (/Users/Pon/Documents/Project/financial-private-group/node_modules/co/index.js:30:15)
  at /Users/Pon/Documents/Project/financial-private-group/runner/hc-cover-runner/lib/app.coffee:315:8
  at App.<anonymous> (/Users/Pon/Documents/Project/financial-private-group/runner/hc-cover-runner/lib/app.coffee:164:12)
  at undefined.next (native)
  at onFulfilled (/Users/Pon/Documents/Project/financial-private-group/node_modules/co/index.js:65:19)
  at /Users/Pon/Documents/Project/financial-private-group/node_modules/co/index.js:54:5
  at App.co (/Users/Pon/Documents/Project/financial-private-group/node_modules/co/index.js:50:10)
  at App.createPromise [as _init] (/Users/Pon/Documents/Project/financial-private-group/node_modules/co/index.js:30:15)
  at App.run (/Users/Pon/Documents/Project/financial-private-group/runner/hc-cover-runner/lib/app.coffee:312:6)
  at Object.start (/Users/Pon/Documents/Project/financial-private-group/lib/engine.coffee:42:13)
  at Object.<anonymous> (/Users/Pon/Documents/Project/financial-private-group/lib/worker.js:17:10)
  at Module._compile (module.js:570:32)
  at Object.Module._extensions..js (module.js:579:10)
  at Module.load (module.js:487:32)
  at tryModuleLoad (module.js:446:12)
  at Function.Module._load (module.js:438:3)
  at Function._load (/Users/Pon/Documents/Project/financial-private-group/node_modules/pm2/node_modules/pmx/lib/transaction.js:62:21)
  at /Users/Pon/Documents/Project/financial-private-group/node_modules/pm2/lib/ProcessContainer.js:260:23
  at /Users/Pon/Documents/Project/financial-private-group/node_modules/pm2/node_modules/async/lib/async.js:52:16
  at /Users/Pon/Documents/Project/financial-private-group/node_modules/pm2/node_modules/async/lib/async.js:1209:30
  at WriteStream.<anonymous> (/Users/Pon/Documents/Project/financial-private-group/node_modules/pm2/lib/Utility.js:146:13)
  at emitOne (events.js:96:13)
  at WriteStream.emit (events.js:188:7)
  at WriteStream.<anonymous> (fs.js:2114:10)
  at FSReqWrap.oncomplete (fs.js:123:15)

2017-07-31 17:41:17 [ERROR] (runner/hc-cover-runner/lib/app.coffee:304) Error: load:"/group" router:"createGroup" middleware error: user[func] is not a function
  at App._routerMiddleware (/Users/Pon/Documents/Project/financial-private-group/runner/hc-cover-runner/lib/app.coffee:290:25)
  at App.<anonymous> (/Users/Pon/Documents/Project/financial-private-group/runner/hc-cover-runner/lib/app.coffee:273:10)
  at undefined.next (native)
  at onFulfilled (/Users/Pon/Documents/Project/financial-private-group/node_modules/co/index.js:65:19)
  at /Users/Pon/Documents/Project/financial-private-group/node_modules/co/index.js:54:5
  at App.co (/Users/Pon/Documents/Project/financial-private-group/node_modules/co/index.js:50:10)
  at App.createPromise [as _useMiddlewares] (/Users/Pon/Documents/Project/financial-private-group/node_modules/co/index.js:30:15)
  at /Users/Pon/Documents/Project/financial-private-group/runner/hc-cover-runner/lib/app.coffee:315:8
  at App.<anonymous> (/Users/Pon/Documents/Project/financial-private-group/runner/hc-cover-runner/lib/app.coffee:164:12)
  at undefined.next (native)
  at onFulfilled (/Users/Pon/Documents/Project/financial-private-group/node_modules/co/index.js:65:19)
  at /Users/Pon/Documents/Project/financial-private-group/node_modules/co/index.js:54:5
  at App.co (/Users/Pon/Documents/Project/financial-private-group/node_modules/co/index.js:50:10)
  at App.createPromise [as _init] (/Users/Pon/Documents/Project/financial-private-group/node_modules/co/index.js:30:15)
  at App.run (/Users/Pon/Documents/Project/financial-private-group/runner/hc-cover-runner/lib/app.coffee:312:6)
  at Object.start (/Users/Pon/Documents/Project/financial-private-group/lib/engine.coffee:42:13)
  at Object.<anonymous> (/Users/Pon/Documents/Project/financial-private-group/lib/worker.js:17:10)
  at Module._compile (module.js:570:32)
  at Object.Module._extensions..js (module.js:579:10)
  at Module.load (module.js:487:32)
  at tryModuleLoad (module.js:446:12)
  at Function.Module._load (module.js:438:3)
  at Function._load (/Users/Pon/Documents/Project/financial-private-group/node_modules/pm2/node_modules/pmx/lib/transaction.js:62:21)
  at /Users/Pon/Documents/Project/financial-private-group/node_modules/pm2/lib/ProcessContainer.js:260:23
  at /Users/Pon/Documents/Project/financial-private-group/node_modules/pm2/node_modules/async/lib/async.js:52:16
  at /Users/Pon/Documents/Project/financial-private-group/node_modules/pm2/node_modules/async/lib/async.js:1209:30
  at WriteStream.<anonymous> (/Users/Pon/Documents/Project/financial-private-group/node_modules/pm2/lib/Utility.js:146:13)
  at emitOne (events.js:96:13)
  at WriteStream.emit (events.js:188:7)
  at WriteStream.<anonymous> (fs.js:2114:10)
  at FSReqWrap.oncomplete (fs.js:123:15)

2017-07-31 17:41:17 [ERROR] (runner/hc-cover-runner/lib/app.coffee:304) Error: load:"/group" router:"getGroups" middleware error: user[func] is not a function
  at App._routerMiddleware (/Users/Pon/Documents/Project/financial-private-group/runner/hc-cover-runner/lib/app.coffee:290:25)
  at App.<anonymous> (/Users/Pon/Documents/Project/financial-private-group/runner/hc-cover-runner/lib/app.coffee:273:10)
  at undefined.next (native)
  at onFulfilled (/Users/Pon/Documents/Project/financial-private-group/node_modules/co/index.js:65:19)
  at /Users/Pon/Documents/Project/financial-private-group/node_modules/co/index.js:54:5
  at App.co (/Users/Pon/Documents/Project/financial-private-group/node_modules/co/index.js:50:10)
  at App.createPromise [as _useMiddlewares] (/Users/Pon/Documents/Project/financial-private-group/node_modules/co/index.js:30:15)
  at /Users/Pon/Documents/Project/financial-private-group/runner/hc-cover-runner/lib/app.coffee:315:8
  at App.<anonymous> (/Users/Pon/Documents/Project/financial-private-group/runner/hc-cover-runner/lib/app.coffee:164:12)
  at undefined.next (native)
  at onFulfilled (/Users/Pon/Documents/Project/financial-private-group/node_modules/co/index.js:65:19)
  at /Users/Pon/Documents/Project/financial-private-group/node_modules/co/index.js:54:5
  at App.co (/Users/Pon/Documents/Project/financial-private-group/node_modules/co/index.js:50:10)
  at App.createPromise [as _init] (/Users/Pon/Documents/Project/financial-private-group/node_modules/co/index.js:30:15)
  at App.run (/Users/Pon/Documents/Project/financial-private-group/runner/hc-cover-runner/lib/app.coffee:312:6)
  at Object.start (/Users/Pon/Documents/Project/financial-private-group/lib/engine.coffee:42:13)
  at Object.<anonymous> (/Users/Pon/Documents/Project/financial-private-group/lib/worker.js:17:10)
  at Module._compile (module.js:570:32)
  at Object.Module._extensions..js (module.js:579:10)
  at Module.load (module.js:487:32)
  at tryModuleLoad (module.js:446:12)
  at Function.Module._load (module.js:438:3)
  at Function._load (/Users/Pon/Documents/Project/financial-private-group/node_modules/pm2/node_modules/pmx/lib/transaction.js:62:21)
  at /Users/Pon/Documents/Project/financial-private-group/node_modules/pm2/lib/ProcessContainer.js:260:23
  at /Users/Pon/Documents/Project/financial-private-group/node_modules/pm2/node_modules/async/lib/async.js:52:16
  at /Users/Pon/Documents/Project/financial-private-group/node_modules/pm2/node_modules/async/lib/async.js:1209:30
  at WriteStream.<anonymous> (/Users/Pon/Documents/Project/financial-private-group/node_modules/pm2/lib/Utility.js:146:13)
  at emitOne (events.js:96:13)
  at WriteStream.emit (events.js:188:7)
  at WriteStream.<anonymous> (fs.js:2114:10)
  at FSReqWrap.oncomplete (fs.js:123:15)

2017-07-31 17:41:17 [ERROR] (runner/hc-cover-runner/lib/app.coffee:304) Error: load:"/group" router:"createGroup" middleware error: user[func] is not a function
  at App._routerMiddleware (/Users/Pon/Documents/Project/financial-private-group/runner/hc-cover-runner/lib/app.coffee:290:25)
  at App.<anonymous> (/Users/Pon/Documents/Project/financial-private-group/runner/hc-cover-runner/lib/app.coffee:273:10)
  at undefined.next (native)
  at onFulfilled (/Users/Pon/Documents/Project/financial-private-group/node_modules/co/index.js:65:19)
  at /Users/Pon/Documents/Project/financial-private-group/node_modules/co/index.js:54:5
  at App.co (/Users/Pon/Documents/Project/financial-private-group/node_modules/co/index.js:50:10)
  at App.createPromise [as _useMiddlewares] (/Users/Pon/Documents/Project/financial-private-group/node_modules/co/index.js:30:15)
  at /Users/Pon/Documents/Project/financial-private-group/runner/hc-cover-runner/lib/app.coffee:315:8
  at App.<anonymous> (/Users/Pon/Documents/Project/financial-private-group/runner/hc-cover-runner/lib/app.coffee:164:12)
  at undefined.next (native)
  at onFulfilled (/Users/Pon/Documents/Project/financial-private-group/node_modules/co/index.js:65:19)
  at /Users/Pon/Documents/Project/financial-private-group/node_modules/co/index.js:54:5
  at App.co (/Users/Pon/Documents/Project/financial-private-group/node_modules/co/index.js:50:10)
  at App.createPromise [as _init] (/Users/Pon/Documents/Project/financial-private-group/node_modules/co/index.js:30:15)
  at App.run (/Users/Pon/Documents/Project/financial-private-group/runner/hc-cover-runner/lib/app.coffee:312:6)
  at Object.start (/Users/Pon/Documents/Project/financial-private-group/lib/engine.coffee:42:13)
  at Object.<anonymous> (/Users/Pon/Documents/Project/financial-private-group/lib/worker.js:17:10)
  at Module._compile (module.js:570:32)
  at Object.Module._extensions..js (module.js:579:10)
  at Module.load (module.js:487:32)
  at tryModuleLoad (module.js:446:12)
  at Function.Module._load (module.js:438:3)
  at Function._load (/Users/Pon/Documents/Project/financial-private-group/node_modules/pm2/node_modules/pmx/lib/transaction.js:62:21)
  at /Users/Pon/Documents/Project/financial-private-group/node_modules/pm2/lib/ProcessContainer.js:260:23
  at /Users/Pon/Documents/Project/financial-private-group/node_modules/pm2/node_modules/async/lib/async.js:52:16
  at /Users/Pon/Documents/Project/financial-private-group/node_modules/pm2/node_modules/async/lib/async.js:1209:30
  at WriteStream.<anonymous> (/Users/Pon/Documents/Project/financial-private-group/node_modules/pm2/lib/Utility.js:146:13)
  at emitOne (events.js:96:13)
  at WriteStream.emit (events.js:188:7)
  at WriteStream.<anonymous> (fs.js:2114:10)
  at FSReqWrap.oncomplete (fs.js:123:15)

2017-07-31 17:41:17 [ERROR] (runner/hc-cover-runner/lib/app.coffee:304) Error: load:"/group" router:"getGroups" middleware error: user[func] is not a function
  at App._routerMiddleware (/Users/Pon/Documents/Project/financial-private-group/runner/hc-cover-runner/lib/app.coffee:290:25)
  at App.<anonymous> (/Users/Pon/Documents/Project/financial-private-group/runner/hc-cover-runner/lib/app.coffee:273:10)
  at undefined.next (native)
  at onFulfilled (/Users/Pon/Documents/Project/financial-private-group/node_modules/co/index.js:65:19)
  at /Users/Pon/Documents/Project/financial-private-group/node_modules/co/index.js:54:5
  at App.co (/Users/Pon/Documents/Project/financial-private-group/node_modules/co/index.js:50:10)
  at App.createPromise [as _useMiddlewares] (/Users/Pon/Documents/Project/financial-private-group/node_modules/co/index.js:30:15)
  at /Users/Pon/Documents/Project/financial-private-group/runner/hc-cover-runner/lib/app.coffee:315:8
  at App.<anonymous> (/Users/Pon/Documents/Project/financial-private-group/runner/hc-cover-runner/lib/app.coffee:164:12)
  at undefined.next (native)
  at onFulfilled (/Users/Pon/Documents/Project/financial-private-group/node_modules/co/index.js:65:19)
  at /Users/Pon/Documents/Project/financial-private-group/node_modules/co/index.js:54:5
  at App.co (/Users/Pon/Documents/Project/financial-private-group/node_modules/co/index.js:50:10)
  at App.createPromise [as _init] (/Users/Pon/Documents/Project/financial-private-group/node_modules/co/index.js:30:15)
  at App.run (/Users/Pon/Documents/Project/financial-private-group/runner/hc-cover-runner/lib/app.coffee:312:6)
  at Object.start (/Users/Pon/Documents/Project/financial-private-group/lib/engine.coffee:42:13)
  at Object.<anonymous> (/Users/Pon/Documents/Project/financial-private-group/lib/worker.js:17:10)
  at Module._compile (module.js:570:32)
  at Object.Module._extensions..js (module.js:579:10)
  at Module.load (module.js:487:32)
  at tryModuleLoad (module.js:446:12)
  at Function.Module._load (module.js:438:3)
  at Function._load (/Users/Pon/Documents/Project/financial-private-group/node_modules/pm2/node_modules/pmx/lib/transaction.js:62:21)
  at /Users/Pon/Documents/Project/financial-private-group/node_modules/pm2/lib/ProcessContainer.js:260:23
  at /Users/Pon/Documents/Project/financial-private-group/node_modules/pm2/node_modules/async/lib/async.js:52:16
  at /Users/Pon/Documents/Project/financial-private-group/node_modules/pm2/node_modules/async/lib/async.js:1209:30
  at WriteStream.<anonymous> (/Users/Pon/Documents/Project/financial-private-group/node_modules/pm2/lib/Utility.js:146:13)
  at emitOne (events.js:96:13)
  at WriteStream.emit (events.js:188:7)
  at WriteStream.<anonymous> (fs.js:2114:10)
  at FSReqWrap.oncomplete (fs.js:123:15)

2017-07-31 17:41:17 [ERROR] (runner/hc-cover-runner/lib/app.coffee:304) Error: load:"/group" router:"createGroup" middleware error: user[func] is not a function
  at App._routerMiddleware (/Users/Pon/Documents/Project/financial-private-group/runner/hc-cover-runner/lib/app.coffee:290:25)
  at App.<anonymous> (/Users/Pon/Documents/Project/financial-private-group/runner/hc-cover-runner/lib/app.coffee:273:10)
  at undefined.next (native)
  at onFulfilled (/Users/Pon/Documents/Project/financial-private-group/node_modules/co/index.js:65:19)
  at /Users/Pon/Documents/Project/financial-private-group/node_modules/co/index.js:54:5
  at App.co (/Users/Pon/Documents/Project/financial-private-group/node_modules/co/index.js:50:10)
  at App.createPromise [as _useMiddlewares] (/Users/Pon/Documents/Project/financial-private-group/node_modules/co/index.js:30:15)
  at /Users/Pon/Documents/Project/financial-private-group/runner/hc-cover-runner/lib/app.coffee:315:8
  at App.<anonymous> (/Users/Pon/Documents/Project/financial-private-group/runner/hc-cover-runner/lib/app.coffee:164:12)
  at undefined.next (native)
  at onFulfilled (/Users/Pon/Documents/Project/financial-private-group/node_modules/co/index.js:65:19)
  at /Users/Pon/Documents/Project/financial-private-group/node_modules/co/index.js:54:5
  at App.co (/Users/Pon/Documents/Project/financial-private-group/node_modules/co/index.js:50:10)
  at App.createPromise [as _init] (/Users/Pon/Documents/Project/financial-private-group/node_modules/co/index.js:30:15)
  at App.run (/Users/Pon/Documents/Project/financial-private-group/runner/hc-cover-runner/lib/app.coffee:312:6)
  at Object.start (/Users/Pon/Documents/Project/financial-private-group/lib/engine.coffee:42:13)
  at Object.<anonymous> (/Users/Pon/Documents/Project/financial-private-group/lib/worker.js:17:10)
  at Module._compile (module.js:570:32)
  at Object.Module._extensions..js (module.js:579:10)
  at Module.load (module.js:487:32)
  at tryModuleLoad (module.js:446:12)
  at Function.Module._load (module.js:438:3)
  at Function._load (/Users/Pon/Documents/Project/financial-private-group/node_modules/pm2/node_modules/pmx/lib/transaction.js:62:21)
  at /Users/Pon/Documents/Project/financial-private-group/node_modules/pm2/lib/ProcessContainer.js:260:23
  at /Users/Pon/Documents/Project/financial-private-group/node_modules/pm2/node_modules/async/lib/async.js:52:16
  at /Users/Pon/Documents/Project/financial-private-group/node_modules/pm2/node_modules/async/lib/async.js:1209:30
  at WriteStream.<anonymous> (/Users/Pon/Documents/Project/financial-private-group/node_modules/pm2/lib/Utility.js:146:13)
  at emitOne (events.js:96:13)
  at WriteStream.emit (events.js:188:7)
  at WriteStream.<anonymous> (fs.js:2114:10)
  at FSReqWrap.oncomplete (fs.js:123:15)

2017-07-31 17:41:17 [ERROR] (runner/hc-cover-runner/lib/app.coffee:304) Error: load:"/group" router:"getGroups" middleware error: user[func] is not a function
  at App._routerMiddleware (/Users/Pon/Documents/Project/financial-private-group/runner/hc-cover-runner/lib/app.coffee:290:25)
  at App.<anonymous> (/Users/Pon/Documents/Project/financial-private-group/runner/hc-cover-runner/lib/app.coffee:273:10)
  at undefined.next (native)
  at onFulfilled (/Users/Pon/Documents/Project/financial-private-group/node_modules/co/index.js:65:19)
  at /Users/Pon/Documents/Project/financial-private-group/node_modules/co/index.js:54:5
  at App.co (/Users/Pon/Documents/Project/financial-private-group/node_modules/co/index.js:50:10)
  at App.createPromise [as _useMiddlewares] (/Users/Pon/Documents/Project/financial-private-group/node_modules/co/index.js:30:15)
  at /Users/Pon/Documents/Project/financial-private-group/runner/hc-cover-runner/lib/app.coffee:315:8
  at App.<anonymous> (/Users/Pon/Documents/Project/financial-private-group/runner/hc-cover-runner/lib/app.coffee:164:12)
  at undefined.next (native)
  at onFulfilled (/Users/Pon/Documents/Project/financial-private-group/node_modules/co/index.js:65:19)
  at /Users/Pon/Documents/Project/financial-private-group/node_modules/co/index.js:54:5
  at App.co (/Users/Pon/Documents/Project/financial-private-group/node_modules/co/index.js:50:10)
  at App.createPromise [as _init] (/Users/Pon/Documents/Project/financial-private-group/node_modules/co/index.js:30:15)
  at App.run (/Users/Pon/Documents/Project/financial-private-group/runner/hc-cover-runner/lib/app.coffee:312:6)
  at Object.start (/Users/Pon/Documents/Project/financial-private-group/lib/engine.coffee:42:13)
  at Object.<anonymous> (/Users/Pon/Documents/Project/financial-private-group/lib/worker.js:17:10)
  at Module._compile (module.js:570:32)
  at Object.Module._extensions..js (module.js:579:10)
  at Module.load (module.js:487:32)
  at tryModuleLoad (module.js:446:12)
  at Function.Module._load (module.js:438:3)
  at Function._load (/Users/Pon/Documents/Project/financial-private-group/node_modules/pm2/node_modules/pmx/lib/transaction.js:62:21)
  at /Users/Pon/Documents/Project/financial-private-group/node_modules/pm2/lib/ProcessContainer.js:260:23
  at /Users/Pon/Documents/Project/financial-private-group/node_modules/pm2/node_modules/async/lib/async.js:52:16
  at /Users/Pon/Documents/Project/financial-private-group/node_modules/pm2/node_modules/async/lib/async.js:1209:30
  at WriteStream.<anonymous> (/Users/Pon/Documents/Project/financial-private-group/node_modules/pm2/lib/Utility.js:146:13)
  at emitOne (events.js:96:13)
  at WriteStream.emit (events.js:188:7)
  at WriteStream.<anonymous> (fs.js:2114:10)
  at FSReqWrap.oncomplete (fs.js:123:15)

2017-07-31 17:41:17 [ERROR] (runner/hc-cover-runner/lib/app.coffee:304) Error: load:"/group" router:"createGroup" middleware error: user[func] is not a function
  at App._routerMiddleware (/Users/Pon/Documents/Project/financial-private-group/runner/hc-cover-runner/lib/app.coffee:290:25)
  at App.<anonymous> (/Users/Pon/Documents/Project/financial-private-group/runner/hc-cover-runner/lib/app.coffee:273:10)
  at undefined.next (native)
  at onFulfilled (/Users/Pon/Documents/Project/financial-private-group/node_modules/co/index.js:65:19)
  at /Users/Pon/Documents/Project/financial-private-group/node_modules/co/index.js:54:5
  at App.co (/Users/Pon/Documents/Project/financial-private-group/node_modules/co/index.js:50:10)
  at App.createPromise [as _useMiddlewares] (/Users/Pon/Documents/Project/financial-private-group/node_modules/co/index.js:30:15)
  at /Users/Pon/Documents/Project/financial-private-group/runner/hc-cover-runner/lib/app.coffee:315:8
  at App.<anonymous> (/Users/Pon/Documents/Project/financial-private-group/runner/hc-cover-runner/lib/app.coffee:164:12)
  at undefined.next (native)
  at onFulfilled (/Users/Pon/Documents/Project/financial-private-group/node_modules/co/index.js:65:19)
  at /Users/Pon/Documents/Project/financial-private-group/node_modules/co/index.js:54:5
  at App.co (/Users/Pon/Documents/Project/financial-private-group/node_modules/co/index.js:50:10)
  at App.createPromise [as _init] (/Users/Pon/Documents/Project/financial-private-group/node_modules/co/index.js:30:15)
  at App.run (/Users/Pon/Documents/Project/financial-private-group/runner/hc-cover-runner/lib/app.coffee:312:6)
  at Object.start (/Users/Pon/Documents/Project/financial-private-group/lib/engine.coffee:42:13)
  at Object.<anonymous> (/Users/Pon/Documents/Project/financial-private-group/lib/worker.js:17:10)
  at Module._compile (module.js:570:32)
  at Object.Module._extensions..js (module.js:579:10)
  at Module.load (module.js:487:32)
  at tryModuleLoad (module.js:446:12)
  at Function.Module._load (module.js:438:3)
  at Function._load (/Users/Pon/Documents/Project/financial-private-group/node_modules/pm2/node_modules/pmx/lib/transaction.js:62:21)
  at /Users/Pon/Documents/Project/financial-private-group/node_modules/pm2/lib/ProcessContainer.js:260:23
  at /Users/Pon/Documents/Project/financial-private-group/node_modules/pm2/node_modules/async/lib/async.js:52:16
  at /Users/Pon/Documents/Project/financial-private-group/node_modules/pm2/node_modules/async/lib/async.js:1209:30
  at WriteStream.<anonymous> (/Users/Pon/Documents/Project/financial-private-group/node_modules/pm2/lib/Utility.js:146:13)
  at emitOne (events.js:96:13)
  at WriteStream.emit (events.js:188:7)
  at WriteStream.<anonymous> (fs.js:2114:10)
  at FSReqWrap.oncomplete (fs.js:123:15)

2017-07-31 17:41:17 [ERROR] (runner/hc-cover-runner/lib/app.coffee:304) Error: load:"/group" router:"getGroups" middleware error: user[func] is not a function
  at App._routerMiddleware (/Users/Pon/Documents/Project/financial-private-group/runner/hc-cover-runner/lib/app.coffee:290:25)
  at App.<anonymous> (/Users/Pon/Documents/Project/financial-private-group/runner/hc-cover-runner/lib/app.coffee:273:10)
  at undefined.next (native)
  at onFulfilled (/Users/Pon/Documents/Project/financial-private-group/node_modules/co/index.js:65:19)
  at /Users/Pon/Documents/Project/financial-private-group/node_modules/co/index.js:54:5
  at App.co (/Users/Pon/Documents/Project/financial-private-group/node_modules/co/index.js:50:10)
  at App.createPromise [as _useMiddlewares] (/Users/Pon/Documents/Project/financial-private-group/node_modules/co/index.js:30:15)
  at /Users/Pon/Documents/Project/financial-private-group/runner/hc-cover-runner/lib/app.coffee:315:8
  at App.<anonymous> (/Users/Pon/Documents/Project/financial-private-group/runner/hc-cover-runner/lib/app.coffee:164:12)
  at undefined.next (native)
  at onFulfilled (/Users/Pon/Documents/Project/financial-private-group/node_modules/co/index.js:65:19)
  at /Users/Pon/Documents/Project/financial-private-group/node_modules/co/index.js:54:5
  at App.co (/Users/Pon/Documents/Project/financial-private-group/node_modules/co/index.js:50:10)
  at App.createPromise [as _init] (/Users/Pon/Documents/Project/financial-private-group/node_modules/co/index.js:30:15)
  at App.run (/Users/Pon/Documents/Project/financial-private-group/runner/hc-cover-runner/lib/app.coffee:312:6)
  at Object.start (/Users/Pon/Documents/Project/financial-private-group/lib/engine.coffee:42:13)
  at Object.<anonymous> (/Users/Pon/Documents/Project/financial-private-group/lib/worker.js:17:10)
  at Module._compile (module.js:570:32)
  at Object.Module._extensions..js (module.js:579:10)
  at Module.load (module.js:487:32)
  at tryModuleLoad (module.js:446:12)
  at Function.Module._load (module.js:438:3)
  at Function._load (/Users/Pon/Documents/Project/financial-private-group/node_modules/pm2/node_modules/pmx/lib/transaction.js:62:21)
  at /Users/Pon/Documents/Project/financial-private-group/node_modules/pm2/lib/ProcessContainer.js:260:23
  at /Users/Pon/Documents/Project/financial-private-group/node_modules/pm2/node_modules/async/lib/async.js:52:16
  at /Users/Pon/Documents/Project/financial-private-group/node_modules/pm2/node_modules/async/lib/async.js:1209:30
  at WriteStream.<anonymous> (/Users/Pon/Documents/Project/financial-private-group/node_modules/pm2/lib/Utility.js:146:13)
  at emitOne (events.js:96:13)
  at WriteStream.emit (events.js:188:7)
  at WriteStream.<anonymous> (fs.js:2114:10)
  at FSReqWrap.oncomplete (fs.js:123:15)

2017-07-31 17:41:17 [ERROR] (runner/hc-cover-runner/lib/app.coffee:304) Error: load:"/group" router:"createGroup" middleware error: user[func] is not a function
  at App._routerMiddleware (/Users/Pon/Documents/Project/financial-private-group/runner/hc-cover-runner/lib/app.coffee:290:25)
  at App.<anonymous> (/Users/Pon/Documents/Project/financial-private-group/runner/hc-cover-runner/lib/app.coffee:273:10)
  at undefined.next (native)
  at onFulfilled (/Users/Pon/Documents/Project/financial-private-group/node_modules/co/index.js:65:19)
  at /Users/Pon/Documents/Project/financial-private-group/node_modules/co/index.js:54:5
  at App.co (/Users/Pon/Documents/Project/financial-private-group/node_modules/co/index.js:50:10)
  at App.createPromise [as _useMiddlewares] (/Users/Pon/Documents/Project/financial-private-group/node_modules/co/index.js:30:15)
  at /Users/Pon/Documents/Project/financial-private-group/runner/hc-cover-runner/lib/app.coffee:315:8
  at App.<anonymous> (/Users/Pon/Documents/Project/financial-private-group/runner/hc-cover-runner/lib/app.coffee:164:12)
  at undefined.next (native)
  at onFulfilled (/Users/Pon/Documents/Project/financial-private-group/node_modules/co/index.js:65:19)
  at /Users/Pon/Documents/Project/financial-private-group/node_modules/co/index.js:54:5
  at App.co (/Users/Pon/Documents/Project/financial-private-group/node_modules/co/index.js:50:10)
  at App.createPromise [as _init] (/Users/Pon/Documents/Project/financial-private-group/node_modules/co/index.js:30:15)
  at App.run (/Users/Pon/Documents/Project/financial-private-group/runner/hc-cover-runner/lib/app.coffee:312:6)
  at Object.start (/Users/Pon/Documents/Project/financial-private-group/lib/engine.coffee:42:13)
  at Object.<anonymous> (/Users/Pon/Documents/Project/financial-private-group/lib/worker.js:17:10)
  at Module._compile (module.js:570:32)
  at Object.Module._extensions..js (module.js:579:10)
  at Module.load (module.js:487:32)
  at tryModuleLoad (module.js:446:12)
  at Function.Module._load (module.js:438:3)
  at Function._load (/Users/Pon/Documents/Project/financial-private-group/node_modules/pm2/node_modules/pmx/lib/transaction.js:62:21)
  at /Users/Pon/Documents/Project/financial-private-group/node_modules/pm2/lib/ProcessContainer.js:260:23
  at /Users/Pon/Documents/Project/financial-private-group/node_modules/pm2/node_modules/async/lib/async.js:52:16
  at /Users/Pon/Documents/Project/financial-private-group/node_modules/pm2/node_modules/async/lib/async.js:1209:30
  at WriteStream.<anonymous> (/Users/Pon/Documents/Project/financial-private-group/node_modules/pm2/lib/Utility.js:146:13)
  at emitOne (events.js:96:13)
  at WriteStream.emit (events.js:188:7)
  at WriteStream.<anonymous> (fs.js:2114:10)
  at FSReqWrap.oncomplete (fs.js:123:15)

2017-07-31 17:41:18 [ERROR] (runner/hc-cover-runner/lib/app.coffee:304) Error: load:"/group" router:"getGroups" middleware error: user[func] is not a function
  at App._routerMiddleware (/Users/Pon/Documents/Project/financial-private-group/runner/hc-cover-runner/lib/app.coffee:290:25)
  at App.<anonymous> (/Users/Pon/Documents/Project/financial-private-group/runner/hc-cover-runner/lib/app.coffee:273:10)
  at undefined.next (native)
  at onFulfilled (/Users/Pon/Documents/Project/financial-private-group/node_modules/co/index.js:65:19)
  at /Users/Pon/Documents/Project/financial-private-group/node_modules/co/index.js:54:5
  at App.co (/Users/Pon/Documents/Project/financial-private-group/node_modules/co/index.js:50:10)
  at App.createPromise [as _useMiddlewares] (/Users/Pon/Documents/Project/financial-private-group/node_modules/co/index.js:30:15)
  at /Users/Pon/Documents/Project/financial-private-group/runner/hc-cover-runner/lib/app.coffee:315:8
  at App.<anonymous> (/Users/Pon/Documents/Project/financial-private-group/runner/hc-cover-runner/lib/app.coffee:164:12)
  at undefined.next (native)
  at onFulfilled (/Users/Pon/Documents/Project/financial-private-group/node_modules/co/index.js:65:19)
  at /Users/Pon/Documents/Project/financial-private-group/node_modules/co/index.js:54:5
  at App.co (/Users/Pon/Documents/Project/financial-private-group/node_modules/co/index.js:50:10)
  at App.createPromise [as _init] (/Users/Pon/Documents/Project/financial-private-group/node_modules/co/index.js:30:15)
  at App.run (/Users/Pon/Documents/Project/financial-private-group/runner/hc-cover-runner/lib/app.coffee:312:6)
  at Object.start (/Users/Pon/Documents/Project/financial-private-group/lib/engine.coffee:42:13)
  at Object.<anonymous> (/Users/Pon/Documents/Project/financial-private-group/lib/worker.js:17:10)
  at Module._compile (module.js:570:32)
  at Object.Module._extensions..js (module.js:579:10)
  at Module.load (module.js:487:32)
  at tryModuleLoad (module.js:446:12)
  at Function.Module._load (module.js:438:3)
  at Function._load (/Users/Pon/Documents/Project/financial-private-group/node_modules/pm2/node_modules/pmx/lib/transaction.js:62:21)
  at /Users/Pon/Documents/Project/financial-private-group/node_modules/pm2/lib/ProcessContainer.js:260:23
  at /Users/Pon/Documents/Project/financial-private-group/node_modules/pm2/node_modules/async/lib/async.js:52:16
  at /Users/Pon/Documents/Project/financial-private-group/node_modules/pm2/node_modules/async/lib/async.js:1209:30
  at WriteStream.<anonymous> (/Users/Pon/Documents/Project/financial-private-group/node_modules/pm2/lib/Utility.js:146:13)
  at emitOne (events.js:96:13)
  at WriteStream.emit (events.js:188:7)
  at WriteStream.<anonymous> (fs.js:2114:10)
  at FSReqWrap.oncomplete (fs.js:123:15)

2017-07-31 17:41:18 [ERROR] (runner/hc-cover-runner/lib/app.coffee:304) Error: load:"/group" router:"createGroup" middleware error: user[func] is not a function
  at App._routerMiddleware (/Users/Pon/Documents/Project/financial-private-group/runner/hc-cover-runner/lib/app.coffee:290:25)
  at App.<anonymous> (/Users/Pon/Documents/Project/financial-private-group/runner/hc-cover-runner/lib/app.coffee:273:10)
  at undefined.next (native)
  at onFulfilled (/Users/Pon/Documents/Project/financial-private-group/node_modules/co/index.js:65:19)
  at /Users/Pon/Documents/Project/financial-private-group/node_modules/co/index.js:54:5
  at App.co (/Users/Pon/Documents/Project/financial-private-group/node_modules/co/index.js:50:10)
  at App.createPromise [as _useMiddlewares] (/Users/Pon/Documents/Project/financial-private-group/node_modules/co/index.js:30:15)
  at /Users/Pon/Documents/Project/financial-private-group/runner/hc-cover-runner/lib/app.coffee:315:8
  at App.<anonymous> (/Users/Pon/Documents/Project/financial-private-group/runner/hc-cover-runner/lib/app.coffee:164:12)
  at undefined.next (native)
  at onFulfilled (/Users/Pon/Documents/Project/financial-private-group/node_modules/co/index.js:65:19)
  at /Users/Pon/Documents/Project/financial-private-group/node_modules/co/index.js:54:5
  at App.co (/Users/Pon/Documents/Project/financial-private-group/node_modules/co/index.js:50:10)
  at App.createPromise [as _init] (/Users/Pon/Documents/Project/financial-private-group/node_modules/co/index.js:30:15)
  at App.run (/Users/Pon/Documents/Project/financial-private-group/runner/hc-cover-runner/lib/app.coffee:312:6)
  at Object.start (/Users/Pon/Documents/Project/financial-private-group/lib/engine.coffee:42:13)
  at Object.<anonymous> (/Users/Pon/Documents/Project/financial-private-group/lib/worker.js:17:10)
  at Module._compile (module.js:570:32)
  at Object.Module._extensions..js (module.js:579:10)
  at Module.load (module.js:487:32)
  at tryModuleLoad (module.js:446:12)
  at Function.Module._load (module.js:438:3)
  at Function._load (/Users/Pon/Documents/Project/financial-private-group/node_modules/pm2/node_modules/pmx/lib/transaction.js:62:21)
  at /Users/Pon/Documents/Project/financial-private-group/node_modules/pm2/lib/ProcessContainer.js:260:23
  at /Users/Pon/Documents/Project/financial-private-group/node_modules/pm2/node_modules/async/lib/async.js:52:16
  at /Users/Pon/Documents/Project/financial-private-group/node_modules/pm2/node_modules/async/lib/async.js:1209:30
  at WriteStream.<anonymous> (/Users/Pon/Documents/Project/financial-private-group/node_modules/pm2/lib/Utility.js:146:13)
  at emitOne (events.js:96:13)
  at WriteStream.emit (events.js:188:7)
  at WriteStream.<anonymous> (fs.js:2114:10)
  at FSReqWrap.oncomplete (fs.js:123:15)

2017-07-31 17:41:18 [ERROR] (runner/hc-cover-runner/lib/app.coffee:304) Error: load:"/group" router:"getGroups" middleware error: user[func] is not a function
  at App._routerMiddleware (/Users/Pon/Documents/Project/financial-private-group/runner/hc-cover-runner/lib/app.coffee:290:25)
  at App.<anonymous> (/Users/Pon/Documents/Project/financial-private-group/runner/hc-cover-runner/lib/app.coffee:273:10)
  at undefined.next (native)
  at onFulfilled (/Users/Pon/Documents/Project/financial-private-group/node_modules/co/index.js:65:19)
  at /Users/Pon/Documents/Project/financial-private-group/node_modules/co/index.js:54:5
  at App.co (/Users/Pon/Documents/Project/financial-private-group/node_modules/co/index.js:50:10)
  at App.createPromise [as _useMiddlewares] (/Users/Pon/Documents/Project/financial-private-group/node_modules/co/index.js:30:15)
  at /Users/Pon/Documents/Project/financial-private-group/runner/hc-cover-runner/lib/app.coffee:315:8
  at App.<anonymous> (/Users/Pon/Documents/Project/financial-private-group/runner/hc-cover-runner/lib/app.coffee:164:12)
  at undefined.next (native)
  at onFulfilled (/Users/Pon/Documents/Project/financial-private-group/node_modules/co/index.js:65:19)
  at /Users/Pon/Documents/Project/financial-private-group/node_modules/co/index.js:54:5
  at App.co (/Users/Pon/Documents/Project/financial-private-group/node_modules/co/index.js:50:10)
  at App.createPromise [as _init] (/Users/Pon/Documents/Project/financial-private-group/node_modules/co/index.js:30:15)
  at App.run (/Users/Pon/Documents/Project/financial-private-group/runner/hc-cover-runner/lib/app.coffee:312:6)
  at Object.start (/Users/Pon/Documents/Project/financial-private-group/lib/engine.coffee:42:13)
  at Object.<anonymous> (/Users/Pon/Documents/Project/financial-private-group/lib/worker.js:17:10)
  at Module._compile (module.js:570:32)
  at Object.Module._extensions..js (module.js:579:10)
  at Module.load (module.js:487:32)
  at tryModuleLoad (module.js:446:12)
  at Function.Module._load (module.js:438:3)
  at Function._load (/Users/Pon/Documents/Project/financial-private-group/node_modules/pm2/node_modules/pmx/lib/transaction.js:62:21)
  at /Users/Pon/Documents/Project/financial-private-group/node_modules/pm2/lib/ProcessContainer.js:260:23
  at /Users/Pon/Documents/Project/financial-private-group/node_modules/pm2/node_modules/async/lib/async.js:52:16
  at /Users/Pon/Documents/Project/financial-private-group/node_modules/pm2/node_modules/async/lib/async.js:1209:30
  at WriteStream.<anonymous> (/Users/Pon/Documents/Project/financial-private-group/node_modules/pm2/lib/Utility.js:146:13)
  at emitOne (events.js:96:13)
  at WriteStream.emit (events.js:188:7)
  at WriteStream.<anonymous> (fs.js:2114:10)
  at FSReqWrap.oncomplete (fs.js:123:15)

2017-07-31 17:41:18 [ERROR] (runner/hc-cover-runner/lib/app.coffee:304) Error: load:"/group" router:"createGroup" middleware error: user[func] is not a function
  at App._routerMiddleware (/Users/Pon/Documents/Project/financial-private-group/runner/hc-cover-runner/lib/app.coffee:290:25)
  at App.<anonymous> (/Users/Pon/Documents/Project/financial-private-group/runner/hc-cover-runner/lib/app.coffee:273:10)
  at undefined.next (native)
  at onFulfilled (/Users/Pon/Documents/Project/financial-private-group/node_modules/co/index.js:65:19)
  at /Users/Pon/Documents/Project/financial-private-group/node_modules/co/index.js:54:5
  at App.co (/Users/Pon/Documents/Project/financial-private-group/node_modules/co/index.js:50:10)
  at App.createPromise [as _useMiddlewares] (/Users/Pon/Documents/Project/financial-private-group/node_modules/co/index.js:30:15)
  at /Users/Pon/Documents/Project/financial-private-group/runner/hc-cover-runner/lib/app.coffee:315:8
  at App.<anonymous> (/Users/Pon/Documents/Project/financial-private-group/runner/hc-cover-runner/lib/app.coffee:164:12)
  at undefined.next (native)
  at onFulfilled (/Users/Pon/Documents/Project/financial-private-group/node_modules/co/index.js:65:19)
  at /Users/Pon/Documents/Project/financial-private-group/node_modules/co/index.js:54:5
  at App.co (/Users/Pon/Documents/Project/financial-private-group/node_modules/co/index.js:50:10)
  at App.createPromise [as _init] (/Users/Pon/Documents/Project/financial-private-group/node_modules/co/index.js:30:15)
  at App.run (/Users/Pon/Documents/Project/financial-private-group/runner/hc-cover-runner/lib/app.coffee:312:6)
  at Object.start (/Users/Pon/Documents/Project/financial-private-group/lib/engine.coffee:42:13)
  at Object.<anonymous> (/Users/Pon/Documents/Project/financial-private-group/lib/worker.js:17:10)
  at Module._compile (module.js:570:32)
  at Object.Module._extensions..js (module.js:579:10)
  at Module.load (module.js:487:32)
  at tryModuleLoad (module.js:446:12)
  at Function.Module._load (module.js:438:3)
  at Function._load (/Users/Pon/Documents/Project/financial-private-group/node_modules/pm2/node_modules/pmx/lib/transaction.js:62:21)
  at /Users/Pon/Documents/Project/financial-private-group/node_modules/pm2/lib/ProcessContainer.js:260:23
  at /Users/Pon/Documents/Project/financial-private-group/node_modules/pm2/node_modules/async/lib/async.js:52:16
  at /Users/Pon/Documents/Project/financial-private-group/node_modules/pm2/node_modules/async/lib/async.js:1209:30
  at WriteStream.<anonymous> (/Users/Pon/Documents/Project/financial-private-group/node_modules/pm2/lib/Utility.js:146:13)
  at emitOne (events.js:96:13)
  at WriteStream.emit (events.js:188:7)
  at WriteStream.<anonymous> (fs.js:2114:10)
  at FSReqWrap.oncomplete (fs.js:123:15)

